[2022-09-02T22:53:01.907+0000] {taskinstance.py:1171} INFO - Dependencies all met for <TaskInstance: our_first_dag_v5.third_task scheduled__2022-08-31T00:00:00+00:00 [queued]>
[2022-09-02T22:53:01.923+0000] {taskinstance.py:1171} INFO - Dependencies all met for <TaskInstance: our_first_dag_v5.third_task scheduled__2022-08-31T00:00:00+00:00 [queued]>
[2022-09-02T22:53:01.924+0000] {taskinstance.py:1368} INFO - 
--------------------------------------------------------------------------------
[2022-09-02T22:53:01.924+0000] {taskinstance.py:1369} INFO - Starting attempt 1 of 6
[2022-09-02T22:53:01.924+0000] {taskinstance.py:1370} INFO - 
--------------------------------------------------------------------------------
[2022-09-02T22:53:01.945+0000] {taskinstance.py:1389} INFO - Executing <Task(BashOperator): third_task> on 2022-08-31 00:00:00+00:00
[2022-09-02T22:53:01.953+0000] {standard_task_runner.py:52} INFO - Started process 2472 to run task
[2022-09-02T22:53:01.956+0000] {standard_task_runner.py:79} INFO - Running: ['***', 'tasks', 'run', 'our_first_dag_v5', 'third_task', 'scheduled__2022-08-31T00:00:00+00:00', '--job-id', '307', '--raw', '--subdir', 'DAGS_FOLDER/out_first_dag.py', '--cfg-path', '/tmp/tmpi_lb14lt', '--error-file', '/tmp/tmpo014jg6z']
[2022-09-02T22:53:01.957+0000] {standard_task_runner.py:80} INFO - Job 307: Subtask third_task
[2022-09-02T22:53:02.068+0000] {task_command.py:371} INFO - Running <TaskInstance: our_first_dag_v5.third_task scheduled__2022-08-31T00:00:00+00:00 [running]> on host c033faf33c57
[2022-09-02T22:53:02.182+0000] {taskinstance.py:1583} INFO - Exporting the following env vars:
AIRFLOW_CTX_DAG_OWNER=Ancordss
AIRFLOW_CTX_DAG_ID=our_first_dag_v5
AIRFLOW_CTX_TASK_ID=third_task
AIRFLOW_CTX_EXECUTION_DATE=2022-08-31T00:00:00+00:00
AIRFLOW_CTX_TRY_NUMBER=1
AIRFLOW_CTX_DAG_RUN_ID=scheduled__2022-08-31T00:00:00+00:00
[2022-09-02T22:53:02.183+0000] {subprocess.py:62} INFO - Tmp dir root location: 
 /tmp
[2022-09-02T22:53:02.184+0000] {subprocess.py:74} INFO - Running command: ['/bin/bash', '-c', 'echo hey im task 3 and will be running after task1 at the same time as task 2']
[2022-09-02T22:53:02.202+0000] {subprocess.py:85} INFO - Output:
[2022-09-02T22:53:02.204+0000] {subprocess.py:92} INFO - hey im task 3 and will be running after task1 at the same time as task 2
[2022-09-02T22:53:02.205+0000] {subprocess.py:96} INFO - Command exited with return code 0
[2022-09-02T22:53:02.248+0000] {taskinstance.py:1412} INFO - Marking task as SUCCESS. dag_id=our_first_dag_v5, task_id=third_task, execution_date=20220831T000000, start_date=20220902T225301, end_date=20220902T225302
[2022-09-02T22:53:02.297+0000] {local_task_job.py:156} INFO - Task exited with return code 0
[2022-09-02T22:53:02.340+0000] {local_task_job.py:279} INFO - 0 downstream tasks scheduled from follow-on schedule check
