[2022-09-05T21:06:36.111+0000] {taskinstance.py:1171} INFO - Dependencies all met for <TaskInstance: dag_with_postgres_operator_v03.delete_data_from_table manual__2022-09-05T21:06:33.272593+00:00 [queued]>
[2022-09-05T21:06:36.127+0000] {taskinstance.py:1171} INFO - Dependencies all met for <TaskInstance: dag_with_postgres_operator_v03.delete_data_from_table manual__2022-09-05T21:06:33.272593+00:00 [queued]>
[2022-09-05T21:06:36.127+0000] {taskinstance.py:1368} INFO - 
--------------------------------------------------------------------------------
[2022-09-05T21:06:36.128+0000] {taskinstance.py:1369} INFO - Starting attempt 1 of 6
[2022-09-05T21:06:36.128+0000] {taskinstance.py:1370} INFO - 
--------------------------------------------------------------------------------
[2022-09-05T21:06:36.158+0000] {taskinstance.py:1389} INFO - Executing <Task(PostgresOperator): delete_data_from_table> on 2022-09-05 21:06:33.272593+00:00
[2022-09-05T21:06:36.163+0000] {standard_task_runner.py:52} INFO - Started process 11881 to run task
[2022-09-05T21:06:36.168+0000] {standard_task_runner.py:79} INFO - Running: ['***', 'tasks', 'run', 'dag_with_postgres_operator_v03', 'delete_data_from_table', 'manual__2022-09-05T21:06:33.272593+00:00', '--job-id', '412', '--raw', '--subdir', 'DAGS_FOLDER/dag_with_postgres_operators.py', '--cfg-path', '/tmp/tmpryhxyqc1', '--error-file', '/tmp/tmp5n_jdvzn']
[2022-09-05T21:06:36.168+0000] {standard_task_runner.py:80} INFO - Job 412: Subtask delete_data_from_table
[2022-09-05T21:06:36.265+0000] {task_command.py:371} INFO - Running <TaskInstance: dag_with_postgres_operator_v03.delete_data_from_table manual__2022-09-05T21:06:33.272593+00:00 [running]> on host c033faf33c57
[2022-09-05T21:06:36.358+0000] {taskinstance.py:1583} INFO - Exporting the following env vars:
AIRFLOW_CTX_DAG_OWNER=Ancordss
AIRFLOW_CTX_DAG_ID=dag_with_postgres_operator_v03
AIRFLOW_CTX_TASK_ID=delete_data_from_table
AIRFLOW_CTX_EXECUTION_DATE=2022-09-05T21:06:33.272593+00:00
AIRFLOW_CTX_TRY_NUMBER=1
AIRFLOW_CTX_DAG_RUN_ID=manual__2022-09-05T21:06:33.272593+00:00
[2022-09-05T21:06:36.371+0000] {base.py:68} INFO - Using connection ID 'postgres_localhost' for task execution.
[2022-09-05T21:06:36.376+0000] {sql.py:315} INFO - Running statement: delete from dag_runs where dt =  '2022-09-05' and dag_id = 'dag_with_postgres_operator_v03', parameters: None
[2022-09-05T21:06:36.379+0000] {sql.py:324} INFO - Rows affected: 0
[2022-09-05T21:06:36.397+0000] {taskinstance.py:1412} INFO - Marking task as SUCCESS. dag_id=dag_with_postgres_operator_v03, task_id=delete_data_from_table, execution_date=20220905T210633, start_date=20220905T210636, end_date=20220905T210636
[2022-09-05T21:06:36.425+0000] {local_task_job.py:156} INFO - Task exited with return code 0
[2022-09-05T21:06:36.471+0000] {local_task_job.py:279} INFO - 1 downstream tasks scheduled from follow-on schedule check
