[2022-09-02T22:48:28.376+0000] {taskinstance.py:1171} INFO - Dependencies all met for <TaskInstance: our_first_dag_v3.firs_task scheduled__2022-08-01T00:00:00+00:00 [queued]>
[2022-09-02T22:48:28.399+0000] {taskinstance.py:1171} INFO - Dependencies all met for <TaskInstance: our_first_dag_v3.firs_task scheduled__2022-08-01T00:00:00+00:00 [queued]>
[2022-09-02T22:48:28.400+0000] {taskinstance.py:1368} INFO - 
--------------------------------------------------------------------------------
[2022-09-02T22:48:28.400+0000] {taskinstance.py:1369} INFO - Starting attempt 1 of 6
[2022-09-02T22:48:28.400+0000] {taskinstance.py:1370} INFO - 
--------------------------------------------------------------------------------
[2022-09-02T22:48:28.426+0000] {taskinstance.py:1389} INFO - Executing <Task(BashOperator): firs_task> on 2022-08-01 00:00:00+00:00
[2022-09-02T22:48:28.442+0000] {standard_task_runner.py:52} INFO - Started process 1680 to run task
[2022-09-02T22:48:28.445+0000] {standard_task_runner.py:79} INFO - Running: ['***', 'tasks', 'run', 'our_first_dag_v3', 'firs_task', 'scheduled__2022-08-01T00:00:00+00:00', '--job-id', '108', '--raw', '--subdir', 'DAGS_FOLDER/out_first_dag.py', '--cfg-path', '/tmp/tmphbz10gbz', '--error-file', '/tmp/tmpi57m8lv4']
[2022-09-02T22:48:28.446+0000] {standard_task_runner.py:80} INFO - Job 108: Subtask firs_task
[2022-09-02T22:48:28.616+0000] {task_command.py:371} INFO - Running <TaskInstance: our_first_dag_v3.firs_task scheduled__2022-08-01T00:00:00+00:00 [running]> on host c033faf33c57
[2022-09-02T22:48:28.913+0000] {taskinstance.py:1583} INFO - Exporting the following env vars:
AIRFLOW_CTX_DAG_OWNER=Ancordss
AIRFLOW_CTX_DAG_ID=our_first_dag_v3
AIRFLOW_CTX_TASK_ID=firs_task
AIRFLOW_CTX_EXECUTION_DATE=2022-08-01T00:00:00+00:00
AIRFLOW_CTX_TRY_NUMBER=1
AIRFLOW_CTX_DAG_RUN_ID=scheduled__2022-08-01T00:00:00+00:00
[2022-09-02T22:48:28.919+0000] {subprocess.py:62} INFO - Tmp dir root location: 
 /tmp
[2022-09-02T22:48:28.920+0000] {subprocess.py:74} INFO - Running command: ['/bin/bash', '-c', 'echo hello world, this is the first task']
[2022-09-02T22:48:28.974+0000] {subprocess.py:85} INFO - Output:
[2022-09-02T22:48:28.983+0000] {subprocess.py:92} INFO - hello world, this is the first task
[2022-09-02T22:48:28.984+0000] {subprocess.py:96} INFO - Command exited with return code 0
[2022-09-02T22:48:29.090+0000] {taskinstance.py:1412} INFO - Marking task as SUCCESS. dag_id=our_first_dag_v3, task_id=firs_task, execution_date=20220801T000000, start_date=20220902T224828, end_date=20220902T224829
[2022-09-02T22:48:29.146+0000] {local_task_job.py:156} INFO - Task exited with return code 0
[2022-09-02T22:48:29.629+0000] {local_task_job.py:279} INFO - 0 downstream tasks scheduled from follow-on schedule check
