[2022-09-05T18:04:53.720+0000] {taskinstance.py:1171} INFO - Dependencies all met for <TaskInstance: our_dag_with_python_operator_05.greet manual__2022-09-05T18:04:51.637375+00:00 [queued]>
[2022-09-05T18:04:53.735+0000] {taskinstance.py:1171} INFO - Dependencies all met for <TaskInstance: our_dag_with_python_operator_05.greet manual__2022-09-05T18:04:51.637375+00:00 [queued]>
[2022-09-05T18:04:53.736+0000] {taskinstance.py:1368} INFO - 
--------------------------------------------------------------------------------
[2022-09-05T18:04:53.736+0000] {taskinstance.py:1369} INFO - Starting attempt 1 of 6
[2022-09-05T18:04:53.736+0000] {taskinstance.py:1370} INFO - 
--------------------------------------------------------------------------------
[2022-09-05T18:04:53.755+0000] {taskinstance.py:1389} INFO - Executing <Task(PythonOperator): greet> on 2022-09-05 18:04:51.637375+00:00
[2022-09-05T18:04:53.760+0000] {standard_task_runner.py:52} INFO - Started process 3624 to run task
[2022-09-05T18:04:53.765+0000] {standard_task_runner.py:79} INFO - Running: ['***', 'tasks', 'run', 'our_dag_with_python_operator_05', 'greet', 'manual__2022-09-05T18:04:51.637375+00:00', '--job-id', '325', '--raw', '--subdir', 'DAGS_FOLDER/create_dag_with_python_operator.py', '--cfg-path', '/tmp/tmp1be_kzc3', '--error-file', '/tmp/tmpd87wlcwq']
[2022-09-05T18:04:53.766+0000] {standard_task_runner.py:80} INFO - Job 325: Subtask greet
[2022-09-05T18:04:53.850+0000] {task_command.py:371} INFO - Running <TaskInstance: our_dag_with_python_operator_05.greet manual__2022-09-05T18:04:51.637375+00:00 [running]> on host c033faf33c57
[2022-09-05T18:04:53.943+0000] {taskinstance.py:1583} INFO - Exporting the following env vars:
AIRFLOW_CTX_DAG_OWNER=ancordss
AIRFLOW_CTX_DAG_ID=our_dag_with_python_operator_05
AIRFLOW_CTX_TASK_ID=greet
AIRFLOW_CTX_EXECUTION_DATE=2022-09-05T18:04:51.637375+00:00
AIRFLOW_CTX_TRY_NUMBER=1
AIRFLOW_CTX_DAG_RUN_ID=manual__2022-09-05T18:04:51.637375+00:00
[2022-09-05T18:04:53.967+0000] {logging_mixin.py:115} INFO - hello world! my name is james Maradiaga, and i am 20 years old!
[2022-09-05T18:04:53.967+0000] {python.py:173} INFO - Done. Returned value was: None
[2022-09-05T18:04:53.983+0000] {taskinstance.py:1412} INFO - Marking task as SUCCESS. dag_id=our_dag_with_python_operator_05, task_id=greet, execution_date=20220905T180451, start_date=20220905T180453, end_date=20220905T180453
[2022-09-05T18:04:54.022+0000] {local_task_job.py:156} INFO - Task exited with return code 0
[2022-09-05T18:04:54.059+0000] {local_task_job.py:279} INFO - 0 downstream tasks scheduled from follow-on schedule check
