[2022-09-02T22:37:48.317+0000] {taskinstance.py:1171} INFO - Dependencies all met for <TaskInstance: our_first_dag.firs_task scheduled__2022-08-11T00:00:00+00:00 [queued]>
[2022-09-02T22:37:48.370+0000] {taskinstance.py:1171} INFO - Dependencies all met for <TaskInstance: our_first_dag.firs_task scheduled__2022-08-11T00:00:00+00:00 [queued]>
[2022-09-02T22:37:48.370+0000] {taskinstance.py:1368} INFO - 
--------------------------------------------------------------------------------
[2022-09-02T22:37:48.371+0000] {taskinstance.py:1369} INFO - Starting attempt 1 of 6
[2022-09-02T22:37:48.371+0000] {taskinstance.py:1370} INFO - 
--------------------------------------------------------------------------------
[2022-09-02T22:37:48.405+0000] {taskinstance.py:1389} INFO - Executing <Task(BashOperator): firs_task> on 2022-08-11 00:00:00+00:00
[2022-09-02T22:37:48.413+0000] {standard_task_runner.py:52} INFO - Started process 933 to run task
[2022-09-02T22:37:48.434+0000] {standard_task_runner.py:79} INFO - Running: ['***', 'tasks', 'run', 'our_first_dag', 'firs_task', 'scheduled__2022-08-11T00:00:00+00:00', '--job-id', '3', '--raw', '--subdir', 'DAGS_FOLDER/out_first_dag.py', '--cfg-path', '/tmp/tmpovvv7xk3', '--error-file', '/tmp/tmp8cgv_3va']
[2022-09-02T22:37:48.435+0000] {standard_task_runner.py:80} INFO - Job 3: Subtask firs_task
[2022-09-02T22:37:57.932+0000] {task_command.py:371} INFO - Running <TaskInstance: our_first_dag.firs_task scheduled__2022-08-11T00:00:00+00:00 [running]> on host c033faf33c57
[2022-09-02T22:38:17.379+0000] {taskinstance.py:1583} INFO - Exporting the following env vars:
AIRFLOW_CTX_DAG_OWNER=Ancordss
AIRFLOW_CTX_DAG_ID=our_first_dag
AIRFLOW_CTX_TASK_ID=firs_task
AIRFLOW_CTX_EXECUTION_DATE=2022-08-11T00:00:00+00:00
AIRFLOW_CTX_TRY_NUMBER=1
AIRFLOW_CTX_DAG_RUN_ID=scheduled__2022-08-11T00:00:00+00:00
[2022-09-02T22:38:18.332+0000] {subprocess.py:62} INFO - Tmp dir root location: 
 /tmp
[2022-09-02T22:38:18.333+0000] {subprocess.py:74} INFO - Running command: ['/bin/bash', '-c', 'echo hello world, this is the first task']
[2022-09-02T22:38:20.329+0000] {subprocess.py:85} INFO - Output:
[2022-09-02T22:38:24.032+0000] {subprocess.py:92} INFO - hello world, this is the first task
[2022-09-02T22:38:24.033+0000] {subprocess.py:96} INFO - Command exited with return code 0
[2022-09-02T22:38:24.185+0000] {taskinstance.py:1412} INFO - Marking task as SUCCESS. dag_id=our_first_dag, task_id=firs_task, execution_date=20220811T000000, start_date=20220902T223748, end_date=20220902T223824
[2022-09-02T22:38:24.292+0000] {local_task_job.py:156} INFO - Task exited with return code 0
[2022-09-02T22:38:24.391+0000] {local_task_job.py:279} INFO - 0 downstream tasks scheduled from follow-on schedule check
