[2022-09-02T22:48:31.813+0000] {taskinstance.py:1171} INFO - Dependencies all met for <TaskInstance: our_first_dag_v3.firs_task scheduled__2022-08-06T00:00:00+00:00 [queued]>
[2022-09-02T22:48:31.846+0000] {taskinstance.py:1171} INFO - Dependencies all met for <TaskInstance: our_first_dag_v3.firs_task scheduled__2022-08-06T00:00:00+00:00 [queued]>
[2022-09-02T22:48:31.847+0000] {taskinstance.py:1368} INFO - 
--------------------------------------------------------------------------------
[2022-09-02T22:48:31.853+0000] {taskinstance.py:1369} INFO - Starting attempt 1 of 6
[2022-09-02T22:48:31.853+0000] {taskinstance.py:1370} INFO - 
--------------------------------------------------------------------------------
[2022-09-02T22:48:31.976+0000] {taskinstance.py:1389} INFO - Executing <Task(BashOperator): firs_task> on 2022-08-06 00:00:00+00:00
[2022-09-02T22:48:31.991+0000] {standard_task_runner.py:52} INFO - Started process 1727 to run task
[2022-09-02T22:48:32.050+0000] {standard_task_runner.py:79} INFO - Running: ['***', 'tasks', 'run', 'our_first_dag_v3', 'firs_task', 'scheduled__2022-08-06T00:00:00+00:00', '--job-id', '119', '--raw', '--subdir', 'DAGS_FOLDER/out_first_dag.py', '--cfg-path', '/tmp/tmpz2aosejq', '--error-file', '/tmp/tmp3hnjl2p6']
[2022-09-02T22:48:32.051+0000] {standard_task_runner.py:80} INFO - Job 119: Subtask firs_task
[2022-09-02T22:48:32.335+0000] {task_command.py:371} INFO - Running <TaskInstance: our_first_dag_v3.firs_task scheduled__2022-08-06T00:00:00+00:00 [running]> on host c033faf33c57
[2022-09-02T22:48:32.723+0000] {taskinstance.py:1583} INFO - Exporting the following env vars:
AIRFLOW_CTX_DAG_OWNER=Ancordss
AIRFLOW_CTX_DAG_ID=our_first_dag_v3
AIRFLOW_CTX_TASK_ID=firs_task
AIRFLOW_CTX_EXECUTION_DATE=2022-08-06T00:00:00+00:00
AIRFLOW_CTX_TRY_NUMBER=1
AIRFLOW_CTX_DAG_RUN_ID=scheduled__2022-08-06T00:00:00+00:00
[2022-09-02T22:48:32.725+0000] {subprocess.py:62} INFO - Tmp dir root location: 
 /tmp
[2022-09-02T22:48:32.726+0000] {subprocess.py:74} INFO - Running command: ['/bin/bash', '-c', 'echo hello world, this is the first task']
[2022-09-02T22:48:32.792+0000] {subprocess.py:85} INFO - Output:
[2022-09-02T22:48:32.806+0000] {subprocess.py:92} INFO - hello world, this is the first task
[2022-09-02T22:48:32.807+0000] {subprocess.py:96} INFO - Command exited with return code 0
[2022-09-02T22:48:32.959+0000] {taskinstance.py:1412} INFO - Marking task as SUCCESS. dag_id=our_first_dag_v3, task_id=firs_task, execution_date=20220806T000000, start_date=20220902T224831, end_date=20220902T224832
[2022-09-02T22:48:33.086+0000] {local_task_job.py:156} INFO - Task exited with return code 0
[2022-09-02T22:48:33.182+0000] {local_task_job.py:279} INFO - 2 downstream tasks scheduled from follow-on schedule check
