[2022-09-05T20:00:22.702+0000] {taskinstance.py:1171} INFO - Dependencies all met for <TaskInstance: dag_with_catchuo_backfill_v02.task1 backfill__2022-09-05T00:00:00+00:00 [queued]>
[2022-09-05T20:00:22.716+0000] {taskinstance.py:1171} INFO - Dependencies all met for <TaskInstance: dag_with_catchuo_backfill_v02.task1 backfill__2022-09-05T00:00:00+00:00 [queued]>
[2022-09-05T20:00:22.716+0000] {taskinstance.py:1368} INFO - 
--------------------------------------------------------------------------------
[2022-09-05T20:00:22.717+0000] {taskinstance.py:1369} INFO - Starting attempt 1 of 6
[2022-09-05T20:00:22.717+0000] {taskinstance.py:1370} INFO - 
--------------------------------------------------------------------------------
[2022-09-05T20:00:22.736+0000] {taskinstance.py:1389} INFO - Executing <Task(BashOperator): task1> on 2022-09-05 00:00:00+00:00
[2022-09-05T20:00:22.741+0000] {standard_task_runner.py:52} INFO - Started process 8886 to run task
[2022-09-05T20:00:22.745+0000] {standard_task_runner.py:79} INFO - Running: ['***', 'tasks', 'run', 'dag_with_catchuo_backfill_v02', 'task1', 'backfill__2022-09-05T00:00:00+00:00', '--job-id', '364', '--pool', 'default_pool', '--raw', '--subdir', 'DAGS_FOLDER/dag_with_catchup_and_blackfill.py', '--cfg-path', '/tmp/tmpvcp43_5z', '--error-file', '/tmp/tmptt51n754']
[2022-09-05T20:00:22.746+0000] {standard_task_runner.py:80} INFO - Job 364: Subtask task1
[2022-09-05T20:00:22.844+0000] {task_command.py:371} INFO - Running <TaskInstance: dag_with_catchuo_backfill_v02.task1 backfill__2022-09-05T00:00:00+00:00 [running]> on host c033faf33c57
[2022-09-05T20:00:22.960+0000] {taskinstance.py:1583} INFO - Exporting the following env vars:
AIRFLOW_CTX_DAG_OWNER=Ancordss
AIRFLOW_CTX_DAG_ID=dag_with_catchuo_backfill_v02
AIRFLOW_CTX_TASK_ID=task1
AIRFLOW_CTX_EXECUTION_DATE=2022-09-05T00:00:00+00:00
AIRFLOW_CTX_TRY_NUMBER=1
AIRFLOW_CTX_DAG_RUN_ID=backfill__2022-09-05T00:00:00+00:00
[2022-09-05T20:00:22.961+0000] {subprocess.py:62} INFO - Tmp dir root location: 
 /tmp
[2022-09-05T20:00:22.962+0000] {subprocess.py:74} INFO - Running command: ['/bin/bash', '-c', 'echo this is a simple bash command!']
[2022-09-05T20:00:22.974+0000] {subprocess.py:85} INFO - Output:
[2022-09-05T20:00:22.979+0000] {subprocess.py:92} INFO - this is a simple bash command!
[2022-09-05T20:00:22.979+0000] {subprocess.py:96} INFO - Command exited with return code 0
[2022-09-05T20:00:23.020+0000] {taskinstance.py:1412} INFO - Marking task as SUCCESS. dag_id=dag_with_catchuo_backfill_v02, task_id=task1, execution_date=20220905T000000, start_date=20220905T200022, end_date=20220905T200023
[2022-09-05T20:00:23.047+0000] {local_task_job.py:156} INFO - Task exited with return code 0
[2022-09-05T20:00:23.102+0000] {local_task_job.py:279} INFO - 0 downstream tasks scheduled from follow-on schedule check
