[2022-09-05T21:10:04.008+0000] {taskinstance.py:1171} INFO - Dependencies all met for <TaskInstance: dag_with_postgres_operator_v03.delete_data_from_table scheduled__2022-09-04T00:00:00+00:00 [queued]>
[2022-09-05T21:10:04.030+0000] {taskinstance.py:1171} INFO - Dependencies all met for <TaskInstance: dag_with_postgres_operator_v03.delete_data_from_table scheduled__2022-09-04T00:00:00+00:00 [queued]>
[2022-09-05T21:10:04.030+0000] {taskinstance.py:1368} INFO - 
--------------------------------------------------------------------------------
[2022-09-05T21:10:04.031+0000] {taskinstance.py:1369} INFO - Starting attempt 2 of 6
[2022-09-05T21:10:04.031+0000] {taskinstance.py:1370} INFO - 
--------------------------------------------------------------------------------
[2022-09-05T21:10:04.068+0000] {taskinstance.py:1389} INFO - Executing <Task(PostgresOperator): delete_data_from_table> on 2022-09-04 00:00:00+00:00
[2022-09-05T21:10:04.081+0000] {standard_task_runner.py:52} INFO - Started process 12044 to run task
[2022-09-05T21:10:04.090+0000] {standard_task_runner.py:79} INFO - Running: ['***', 'tasks', 'run', 'dag_with_postgres_operator_v03', 'delete_data_from_table', 'scheduled__2022-09-04T00:00:00+00:00', '--job-id', '416', '--raw', '--subdir', 'DAGS_FOLDER/dag_with_postgres_operators.py', '--cfg-path', '/tmp/tmprf7njial', '--error-file', '/tmp/tmpy03zxm9t']
[2022-09-05T21:10:04.091+0000] {standard_task_runner.py:80} INFO - Job 416: Subtask delete_data_from_table
[2022-09-05T21:10:04.234+0000] {task_command.py:371} INFO - Running <TaskInstance: dag_with_postgres_operator_v03.delete_data_from_table scheduled__2022-09-04T00:00:00+00:00 [running]> on host c033faf33c57
[2022-09-05T21:10:04.409+0000] {taskinstance.py:1583} INFO - Exporting the following env vars:
AIRFLOW_CTX_DAG_OWNER=Ancordss
AIRFLOW_CTX_DAG_ID=dag_with_postgres_operator_v03
AIRFLOW_CTX_TASK_ID=delete_data_from_table
AIRFLOW_CTX_EXECUTION_DATE=2022-09-04T00:00:00+00:00
AIRFLOW_CTX_TRY_NUMBER=2
AIRFLOW_CTX_DAG_RUN_ID=scheduled__2022-09-04T00:00:00+00:00
[2022-09-05T21:10:04.436+0000] {base.py:68} INFO - Using connection ID 'postgres_localhost' for task execution.
[2022-09-05T21:10:04.469+0000] {sql.py:315} INFO - Running statement: delete from dag_runs where dt =  '2022-09-04' and dag_id = 'dag_with_postgres_operator_v03', parameters: None
[2022-09-05T21:10:04.475+0000] {sql.py:324} INFO - Rows affected: 0
[2022-09-05T21:10:04.568+0000] {taskinstance.py:1412} INFO - Marking task as SUCCESS. dag_id=dag_with_postgres_operator_v03, task_id=delete_data_from_table, execution_date=20220904T000000, start_date=20220905T211004, end_date=20220905T211004
[2022-09-05T21:10:04.609+0000] {local_task_job.py:156} INFO - Task exited with return code 0
[2022-09-05T21:10:04.688+0000] {local_task_job.py:279} INFO - 1 downstream tasks scheduled from follow-on schedule check
