[2022-09-05T17:57:50.805+0000] {taskinstance.py:1171} INFO - Dependencies all met for <TaskInstance: our_dag_with_python_operator_04.greet manual__2022-09-05T17:57:48.639566+00:00 [queued]>
[2022-09-05T17:57:50.822+0000] {taskinstance.py:1171} INFO - Dependencies all met for <TaskInstance: our_dag_with_python_operator_04.greet manual__2022-09-05T17:57:48.639566+00:00 [queued]>
[2022-09-05T17:57:50.822+0000] {taskinstance.py:1368} INFO - 
--------------------------------------------------------------------------------
[2022-09-05T17:57:50.823+0000] {taskinstance.py:1369} INFO - Starting attempt 1 of 6
[2022-09-05T17:57:50.823+0000] {taskinstance.py:1370} INFO - 
--------------------------------------------------------------------------------
[2022-09-05T17:57:50.844+0000] {taskinstance.py:1389} INFO - Executing <Task(PythonOperator): greet> on 2022-09-05 17:57:48.639566+00:00
[2022-09-05T17:57:50.849+0000] {standard_task_runner.py:52} INFO - Started process 3296 to run task
[2022-09-05T17:57:50.852+0000] {standard_task_runner.py:79} INFO - Running: ['***', 'tasks', 'run', 'our_dag_with_python_operator_04', 'greet', 'manual__2022-09-05T17:57:48.639566+00:00', '--job-id', '318', '--raw', '--subdir', 'DAGS_FOLDER/create_dag_with_python_operator.py', '--cfg-path', '/tmp/tmpuyfy9l1s', '--error-file', '/tmp/tmp_fbs8jk7']
[2022-09-05T17:57:50.853+0000] {standard_task_runner.py:80} INFO - Job 318: Subtask greet
[2022-09-05T17:57:50.930+0000] {task_command.py:371} INFO - Running <TaskInstance: our_dag_with_python_operator_04.greet manual__2022-09-05T17:57:48.639566+00:00 [running]> on host c033faf33c57
[2022-09-05T17:57:51.026+0000] {taskinstance.py:1583} INFO - Exporting the following env vars:
AIRFLOW_CTX_DAG_OWNER=ancordss
AIRFLOW_CTX_DAG_ID=our_dag_with_python_operator_04
AIRFLOW_CTX_TASK_ID=greet
AIRFLOW_CTX_EXECUTION_DATE=2022-09-05T17:57:48.639566+00:00
AIRFLOW_CTX_TRY_NUMBER=1
AIRFLOW_CTX_DAG_RUN_ID=manual__2022-09-05T17:57:48.639566+00:00
[2022-09-05T17:57:51.064+0000] {logging_mixin.py:115} INFO - hello world! my name is juan, and i am 20 years old!
[2022-09-05T17:57:51.065+0000] {python.py:173} INFO - Done. Returned value was: None
[2022-09-05T17:57:51.082+0000] {taskinstance.py:1412} INFO - Marking task as SUCCESS. dag_id=our_dag_with_python_operator_04, task_id=greet, execution_date=20220905T175748, start_date=20220905T175750, end_date=20220905T175751
[2022-09-05T17:57:51.109+0000] {local_task_job.py:156} INFO - Task exited with return code 0
[2022-09-05T17:57:51.150+0000] {local_task_job.py:279} INFO - 0 downstream tasks scheduled from follow-on schedule check
