[2022-09-05T18:08:55.978+0000] {taskinstance.py:1171} INFO - Dependencies all met for <TaskInstance: our_dag_with_python_operator_05.greet manual__2022-09-05T18:03:52.656566+00:00 [queued]>
[2022-09-05T18:08:55.993+0000] {taskinstance.py:1171} INFO - Dependencies all met for <TaskInstance: our_dag_with_python_operator_05.greet manual__2022-09-05T18:03:52.656566+00:00 [queued]>
[2022-09-05T18:08:55.993+0000] {taskinstance.py:1368} INFO - 
--------------------------------------------------------------------------------
[2022-09-05T18:08:55.993+0000] {taskinstance.py:1369} INFO - Starting attempt 2 of 6
[2022-09-05T18:08:55.993+0000] {taskinstance.py:1370} INFO - 
--------------------------------------------------------------------------------
[2022-09-05T18:08:56.011+0000] {taskinstance.py:1389} INFO - Executing <Task(PythonOperator): greet> on 2022-09-05 18:03:52.656566+00:00
[2022-09-05T18:08:56.016+0000] {standard_task_runner.py:52} INFO - Started process 3818 to run task
[2022-09-05T18:08:56.019+0000] {standard_task_runner.py:79} INFO - Running: ['***', 'tasks', 'run', 'our_dag_with_python_operator_05', 'greet', 'manual__2022-09-05T18:03:52.656566+00:00', '--job-id', '330', '--raw', '--subdir', 'DAGS_FOLDER/create_dag_with_python_operator.py', '--cfg-path', '/tmp/tmpti9cq0hv', '--error-file', '/tmp/tmpyb91mw5n']
[2022-09-05T18:08:56.019+0000] {standard_task_runner.py:80} INFO - Job 330: Subtask greet
[2022-09-05T18:08:56.099+0000] {task_command.py:371} INFO - Running <TaskInstance: our_dag_with_python_operator_05.greet manual__2022-09-05T18:03:52.656566+00:00 [running]> on host c033faf33c57
[2022-09-05T18:08:56.191+0000] {taskinstance.py:1583} INFO - Exporting the following env vars:
AIRFLOW_CTX_DAG_OWNER=ancordss
AIRFLOW_CTX_DAG_ID=our_dag_with_python_operator_05
AIRFLOW_CTX_TASK_ID=greet
AIRFLOW_CTX_EXECUTION_DATE=2022-09-05T18:03:52.656566+00:00
AIRFLOW_CTX_TRY_NUMBER=2
AIRFLOW_CTX_DAG_RUN_ID=manual__2022-09-05T18:03:52.656566+00:00
[2022-09-05T18:08:56.216+0000] {logging_mixin.py:115} INFO - hello world! my name is james Maradiaga, and i am 20 years old!
[2022-09-05T18:08:56.217+0000] {python.py:173} INFO - Done. Returned value was: None
[2022-09-05T18:08:56.232+0000] {taskinstance.py:1412} INFO - Marking task as SUCCESS. dag_id=our_dag_with_python_operator_05, task_id=greet, execution_date=20220905T180352, start_date=20220905T180855, end_date=20220905T180856
[2022-09-05T18:08:56.275+0000] {local_task_job.py:156} INFO - Task exited with return code 0
[2022-09-05T18:08:56.315+0000] {local_task_job.py:279} INFO - 0 downstream tasks scheduled from follow-on schedule check
