[2022-09-05T19:54:50.834+0000] {taskinstance.py:1171} INFO - Dependencies all met for <TaskInstance: dag_with_catchuo_backfill_v02.task1 scheduled__2022-09-04T00:00:00+00:00 [queued]>
[2022-09-05T19:54:50.859+0000] {taskinstance.py:1171} INFO - Dependencies all met for <TaskInstance: dag_with_catchuo_backfill_v02.task1 scheduled__2022-09-04T00:00:00+00:00 [queued]>
[2022-09-05T19:54:50.859+0000] {taskinstance.py:1368} INFO - 
--------------------------------------------------------------------------------
[2022-09-05T19:54:50.860+0000] {taskinstance.py:1369} INFO - Starting attempt 1 of 6
[2022-09-05T19:54:50.860+0000] {taskinstance.py:1370} INFO - 
--------------------------------------------------------------------------------
[2022-09-05T19:54:50.886+0000] {taskinstance.py:1389} INFO - Executing <Task(BashOperator): task1> on 2022-09-04 00:00:00+00:00
[2022-09-05T19:54:50.909+0000] {standard_task_runner.py:52} INFO - Started process 8626 to run task
[2022-09-05T19:54:50.960+0000] {standard_task_runner.py:79} INFO - Running: ['***', 'tasks', 'run', 'dag_with_catchuo_backfill_v02', 'task1', 'scheduled__2022-09-04T00:00:00+00:00', '--job-id', '360', '--raw', '--subdir', 'DAGS_FOLDER/dag_with_catchup_and_blackfill.py', '--cfg-path', '/tmp/tmp749cwmup', '--error-file', '/tmp/tmpcdj8ugsy']
[2022-09-05T19:54:50.960+0000] {standard_task_runner.py:80} INFO - Job 360: Subtask task1
[2022-09-05T19:54:51.163+0000] {task_command.py:371} INFO - Running <TaskInstance: dag_with_catchuo_backfill_v02.task1 scheduled__2022-09-04T00:00:00+00:00 [running]> on host c033faf33c57
[2022-09-05T19:54:51.296+0000] {taskinstance.py:1583} INFO - Exporting the following env vars:
AIRFLOW_CTX_DAG_OWNER=Ancordss
AIRFLOW_CTX_DAG_ID=dag_with_catchuo_backfill_v02
AIRFLOW_CTX_TASK_ID=task1
AIRFLOW_CTX_EXECUTION_DATE=2022-09-04T00:00:00+00:00
AIRFLOW_CTX_TRY_NUMBER=1
AIRFLOW_CTX_DAG_RUN_ID=scheduled__2022-09-04T00:00:00+00:00
[2022-09-05T19:54:51.298+0000] {subprocess.py:62} INFO - Tmp dir root location: 
 /tmp
[2022-09-05T19:54:51.298+0000] {subprocess.py:74} INFO - Running command: ['/bin/bash', '-c', 'echo this is a simple bash command!']
[2022-09-05T19:54:51.315+0000] {subprocess.py:85} INFO - Output:
[2022-09-05T19:54:51.319+0000] {subprocess.py:92} INFO - this is a simple bash command!
[2022-09-05T19:54:51.320+0000] {subprocess.py:96} INFO - Command exited with return code 0
[2022-09-05T19:54:51.367+0000] {taskinstance.py:1412} INFO - Marking task as SUCCESS. dag_id=dag_with_catchuo_backfill_v02, task_id=task1, execution_date=20220904T000000, start_date=20220905T195450, end_date=20220905T195451
[2022-09-05T19:54:51.398+0000] {local_task_job.py:156} INFO - Task exited with return code 0
[2022-09-05T19:54:51.459+0000] {local_task_job.py:279} INFO - 0 downstream tasks scheduled from follow-on schedule check
