[2022-09-06T15:07:51.867+0000] {taskinstance.py:1171} INFO - Dependencies all met for <TaskInstance: dag_with_postgres_hooks_v02.postgres_to_s3 scheduled__2022-04-30T00:00:00+00:00 [queued]>
[2022-09-06T15:07:51.893+0000] {taskinstance.py:1171} INFO - Dependencies all met for <TaskInstance: dag_with_postgres_hooks_v02.postgres_to_s3 scheduled__2022-04-30T00:00:00+00:00 [queued]>
[2022-09-06T15:07:51.894+0000] {taskinstance.py:1368} INFO - 
--------------------------------------------------------------------------------
[2022-09-06T15:07:51.894+0000] {taskinstance.py:1369} INFO - Starting attempt 1 of 6
[2022-09-06T15:07:51.895+0000] {taskinstance.py:1370} INFO - 
--------------------------------------------------------------------------------
[2022-09-06T15:07:51.926+0000] {taskinstance.py:1389} INFO - Executing <Task(PythonOperator): postgres_to_s3> on 2022-04-30 00:00:00+00:00
[2022-09-06T15:07:51.938+0000] {standard_task_runner.py:52} INFO - Started process 1062 to run task
[2022-09-06T15:07:51.953+0000] {standard_task_runner.py:79} INFO - Running: ['***', 'tasks', 'run', 'dag_with_postgres_hooks_v02', 'postgres_to_s3', 'scheduled__2022-04-30T00:00:00+00:00', '--job-id', '575', '--raw', '--subdir', 'DAGS_FOLDER/dag_with_postgres_hooks.py', '--cfg-path', '/tmp/tmpke06e0yu', '--error-file', '/tmp/tmpkre6s580']
[2022-09-06T15:07:51.955+0000] {standard_task_runner.py:80} INFO - Job 575: Subtask postgres_to_s3
[2022-09-06T15:07:52.183+0000] {task_command.py:371} INFO - Running <TaskInstance: dag_with_postgres_hooks_v02.postgres_to_s3 scheduled__2022-04-30T00:00:00+00:00 [running]> on host 45495cb94d52
[2022-09-06T15:07:52.389+0000] {taskinstance.py:1583} INFO - Exporting the following env vars:
AIRFLOW_CTX_DAG_OWNER=James
AIRFLOW_CTX_DAG_ID=dag_with_postgres_hooks_v02
AIRFLOW_CTX_TASK_ID=postgres_to_s3
AIRFLOW_CTX_EXECUTION_DATE=2022-04-30T00:00:00+00:00
AIRFLOW_CTX_TRY_NUMBER=1
AIRFLOW_CTX_DAG_RUN_ID=scheduled__2022-04-30T00:00:00+00:00
[2022-09-06T15:07:53.372+0000] {warnings.py:110} WARNING - /home/***/.local/lib/python3.7/site-packages/***/utils/context.py:202: AirflowContextDeprecationWarning: Accessing 'next_ds_nodash' from the template is deprecated and will be removed in a future version. Please use '{{ data_interval_end | ds_nodash }}' instead.
  warnings.warn(_create_deprecation_warning(key, self._deprecation_replacements[key]))

[2022-09-06T15:07:53.389+0000] {base.py:68} INFO - Using connection ID 'postgres_localhost' for task execution.
[2022-09-06T15:07:53.399+0000] {taskinstance.py:1902} ERROR - Task failed with exception
Traceback (most recent call last):
  File "/home/airflow/.local/lib/python3.7/site-packages/airflow/operators/python.py", line 171, in execute
    return_value = self.execute_callable()
  File "/home/airflow/.local/lib/python3.7/site-packages/airflow/operators/python.py", line 189, in execute_callable
    return self.python_callable(*self.op_args, **self.op_kwargs)
  File "/opt/airflow/dags/dag_with_postgres_hooks.py", line 23, in postgres_to_s3
    (ds_nodash,next_ds_nodash))
psycopg2.errors.UndefinedColumn: column "dat" does not exist
LINE 1: select * from orders where date >= '20220430' and dat < '202...
                                                          ^
HINT:  Perhaps you meant to reference the column "orders.date".

[2022-09-06T15:07:53.417+0000] {taskinstance.py:1412} INFO - Marking task as UP_FOR_RETRY. dag_id=dag_with_postgres_hooks_v02, task_id=postgres_to_s3, execution_date=20220430T000000, start_date=20220906T150751, end_date=20220906T150753
[2022-09-06T15:07:53.438+0000] {standard_task_runner.py:97} ERROR - Failed to execute job 575 for task postgres_to_s3 (column "dat" does not exist
LINE 1: select * from orders where date >= '20220430' and dat < '202...
                                                          ^
HINT:  Perhaps you meant to reference the column "orders.date".
; 1062)
[2022-09-06T15:07:53.799+0000] {local_task_job.py:156} INFO - Task exited with return code 1
[2022-09-06T15:07:53.896+0000] {local_task_job.py:279} INFO - 0 downstream tasks scheduled from follow-on schedule check
[2022-09-06T15:09:06.890+0000] {taskinstance.py:1171} INFO - Dependencies all met for <TaskInstance: dag_with_postgres_hooks_v02.postgres_to_s3 scheduled__2022-04-30T00:00:00+00:00 [queued]>
[2022-09-06T15:09:06.910+0000] {taskinstance.py:1171} INFO - Dependencies all met for <TaskInstance: dag_with_postgres_hooks_v02.postgres_to_s3 scheduled__2022-04-30T00:00:00+00:00 [queued]>
[2022-09-06T15:09:06.911+0000] {taskinstance.py:1368} INFO - 
--------------------------------------------------------------------------------
[2022-09-06T15:09:06.911+0000] {taskinstance.py:1369} INFO - Starting attempt 1 of 6
[2022-09-06T15:09:06.911+0000] {taskinstance.py:1370} INFO - 
--------------------------------------------------------------------------------
[2022-09-06T15:09:06.934+0000] {taskinstance.py:1389} INFO - Executing <Task(PythonOperator): postgres_to_s3> on 2022-04-30 00:00:00+00:00
[2022-09-06T15:09:06.942+0000] {standard_task_runner.py:52} INFO - Started process 1147 to run task
[2022-09-06T15:09:06.946+0000] {standard_task_runner.py:79} INFO - Running: ['***', 'tasks', 'run', 'dag_with_postgres_hooks_v02', 'postgres_to_s3', 'scheduled__2022-04-30T00:00:00+00:00', '--job-id', '591', '--raw', '--subdir', 'DAGS_FOLDER/dag_with_postgres_hooks.py', '--cfg-path', '/tmp/tmpuw4czo7u', '--error-file', '/tmp/tmphpecz3j5']
[2022-09-06T15:09:06.946+0000] {standard_task_runner.py:80} INFO - Job 591: Subtask postgres_to_s3
[2022-09-06T15:09:07.106+0000] {task_command.py:371} INFO - Running <TaskInstance: dag_with_postgres_hooks_v02.postgres_to_s3 scheduled__2022-04-30T00:00:00+00:00 [running]> on host 45495cb94d52
[2022-09-06T15:09:07.306+0000] {taskinstance.py:1583} INFO - Exporting the following env vars:
AIRFLOW_CTX_DAG_OWNER=James
AIRFLOW_CTX_DAG_ID=dag_with_postgres_hooks_v02
AIRFLOW_CTX_TASK_ID=postgres_to_s3
AIRFLOW_CTX_EXECUTION_DATE=2022-04-30T00:00:00+00:00
AIRFLOW_CTX_TRY_NUMBER=1
AIRFLOW_CTX_DAG_RUN_ID=scheduled__2022-04-30T00:00:00+00:00
[2022-09-06T15:09:07.308+0000] {warnings.py:110} WARNING - /home/***/.local/lib/python3.7/site-packages/***/utils/context.py:202: AirflowContextDeprecationWarning: Accessing 'next_ds_nodash' from the template is deprecated and will be removed in a future version. Please use '{{ data_interval_end | ds_nodash }}' instead.
  warnings.warn(_create_deprecation_warning(key, self._deprecation_replacements[key]))

[2022-09-06T15:09:07.327+0000] {base.py:68} INFO - Using connection ID 'postgres_localhost' for task execution.
[2022-09-06T15:09:07.338+0000] {dag_with_postgres_hooks.py:30} INFO - save orders data in text file dags/get_orders_20220430.txt
[2022-09-06T15:09:07.339+0000] {python.py:173} INFO - Done. Returned value was: None
[2022-09-06T15:09:07.371+0000] {taskinstance.py:1412} INFO - Marking task as SUCCESS. dag_id=dag_with_postgres_hooks_v02, task_id=postgres_to_s3, execution_date=20220430T000000, start_date=20220906T150906, end_date=20220906T150907
[2022-09-06T15:09:07.410+0000] {local_task_job.py:156} INFO - Task exited with return code 0
[2022-09-06T15:09:07.508+0000] {local_task_job.py:279} INFO - 0 downstream tasks scheduled from follow-on schedule check
