[2022-09-02T22:52:41.839+0000] {taskinstance.py:1171} INFO - Dependencies all met for <TaskInstance: our_first_dag_v5.second_task scheduled__2022-08-12T00:00:00+00:00 [queued]>
[2022-09-02T22:52:41.900+0000] {taskinstance.py:1171} INFO - Dependencies all met for <TaskInstance: our_first_dag_v5.second_task scheduled__2022-08-12T00:00:00+00:00 [queued]>
[2022-09-02T22:52:41.900+0000] {taskinstance.py:1368} INFO - 
--------------------------------------------------------------------------------
[2022-09-02T22:52:41.901+0000] {taskinstance.py:1369} INFO - Starting attempt 1 of 6
[2022-09-02T22:52:41.901+0000] {taskinstance.py:1370} INFO - 
--------------------------------------------------------------------------------
[2022-09-02T22:52:41.967+0000] {taskinstance.py:1389} INFO - Executing <Task(BashOperator): second_task> on 2022-08-12 00:00:00+00:00
[2022-09-02T22:52:41.981+0000] {standard_task_runner.py:52} INFO - Started process 2294 to run task
[2022-09-02T22:52:42.003+0000] {standard_task_runner.py:79} INFO - Running: ['***', 'tasks', 'run', 'our_first_dag_v5', 'second_task', 'scheduled__2022-08-12T00:00:00+00:00', '--job-id', '248', '--raw', '--subdir', 'DAGS_FOLDER/out_first_dag.py', '--cfg-path', '/tmp/tmpi4lrr63s', '--error-file', '/tmp/tmpf_abh_vj']
[2022-09-02T22:52:42.003+0000] {standard_task_runner.py:80} INFO - Job 248: Subtask second_task
[2022-09-02T22:52:42.241+0000] {task_command.py:371} INFO - Running <TaskInstance: our_first_dag_v5.second_task scheduled__2022-08-12T00:00:00+00:00 [running]> on host c033faf33c57
[2022-09-02T22:52:42.502+0000] {taskinstance.py:1583} INFO - Exporting the following env vars:
AIRFLOW_CTX_DAG_OWNER=Ancordss
AIRFLOW_CTX_DAG_ID=our_first_dag_v5
AIRFLOW_CTX_TASK_ID=second_task
AIRFLOW_CTX_EXECUTION_DATE=2022-08-12T00:00:00+00:00
AIRFLOW_CTX_TRY_NUMBER=1
AIRFLOW_CTX_DAG_RUN_ID=scheduled__2022-08-12T00:00:00+00:00
[2022-09-02T22:52:42.503+0000] {subprocess.py:62} INFO - Tmp dir root location: 
 /tmp
[2022-09-02T22:52:42.508+0000] {subprocess.py:74} INFO - Running command: ['/bin/bash', '-c', 'echo this is the second task and i will be running after the fisrt task']
[2022-09-02T22:52:42.562+0000] {subprocess.py:85} INFO - Output:
[2022-09-02T22:52:42.568+0000] {subprocess.py:92} INFO - this is the second task and i will be running after the fisrt task
[2022-09-02T22:52:42.569+0000] {subprocess.py:96} INFO - Command exited with return code 0
[2022-09-02T22:52:42.706+0000] {taskinstance.py:1412} INFO - Marking task as SUCCESS. dag_id=our_first_dag_v5, task_id=second_task, execution_date=20220812T000000, start_date=20220902T225241, end_date=20220902T225242
[2022-09-02T22:52:42.829+0000] {local_task_job.py:156} INFO - Task exited with return code 0
[2022-09-02T22:52:42.939+0000] {local_task_job.py:279} INFO - 0 downstream tasks scheduled from follow-on schedule check
