[2022-09-05T20:00:22.724+0000] {taskinstance.py:1171} INFO - Dependencies all met for <TaskInstance: dag_with_catchuo_backfill_v02.task1 backfill__2022-09-02T00:00:00+00:00 [queued]>
[2022-09-05T20:00:22.738+0000] {taskinstance.py:1171} INFO - Dependencies all met for <TaskInstance: dag_with_catchuo_backfill_v02.task1 backfill__2022-09-02T00:00:00+00:00 [queued]>
[2022-09-05T20:00:22.738+0000] {taskinstance.py:1368} INFO - 
--------------------------------------------------------------------------------
[2022-09-05T20:00:22.739+0000] {taskinstance.py:1369} INFO - Starting attempt 1 of 6
[2022-09-05T20:00:22.739+0000] {taskinstance.py:1370} INFO - 
--------------------------------------------------------------------------------
[2022-09-05T20:00:22.763+0000] {taskinstance.py:1389} INFO - Executing <Task(BashOperator): task1> on 2022-09-02 00:00:00+00:00
[2022-09-05T20:00:22.768+0000] {standard_task_runner.py:52} INFO - Started process 8887 to run task
[2022-09-05T20:00:22.772+0000] {standard_task_runner.py:79} INFO - Running: ['***', 'tasks', 'run', 'dag_with_catchuo_backfill_v02', 'task1', 'backfill__2022-09-02T00:00:00+00:00', '--job-id', '365', '--pool', 'default_pool', '--raw', '--subdir', 'DAGS_FOLDER/dag_with_catchup_and_blackfill.py', '--cfg-path', '/tmp/tmp9slv73s3', '--error-file', '/tmp/tmphcmdgxxl']
[2022-09-05T20:00:22.773+0000] {standard_task_runner.py:80} INFO - Job 365: Subtask task1
[2022-09-05T20:00:22.869+0000] {task_command.py:371} INFO - Running <TaskInstance: dag_with_catchuo_backfill_v02.task1 backfill__2022-09-02T00:00:00+00:00 [running]> on host c033faf33c57
[2022-09-05T20:00:22.995+0000] {taskinstance.py:1583} INFO - Exporting the following env vars:
AIRFLOW_CTX_DAG_OWNER=Ancordss
AIRFLOW_CTX_DAG_ID=dag_with_catchuo_backfill_v02
AIRFLOW_CTX_TASK_ID=task1
AIRFLOW_CTX_EXECUTION_DATE=2022-09-02T00:00:00+00:00
AIRFLOW_CTX_TRY_NUMBER=1
AIRFLOW_CTX_DAG_RUN_ID=backfill__2022-09-02T00:00:00+00:00
[2022-09-05T20:00:22.996+0000] {subprocess.py:62} INFO - Tmp dir root location: 
 /tmp
[2022-09-05T20:00:22.997+0000] {subprocess.py:74} INFO - Running command: ['/bin/bash', '-c', 'echo this is a simple bash command!']
[2022-09-05T20:00:23.010+0000] {subprocess.py:85} INFO - Output:
[2022-09-05T20:00:23.013+0000] {subprocess.py:92} INFO - this is a simple bash command!
[2022-09-05T20:00:23.013+0000] {subprocess.py:96} INFO - Command exited with return code 0
[2022-09-05T20:00:23.068+0000] {taskinstance.py:1412} INFO - Marking task as SUCCESS. dag_id=dag_with_catchuo_backfill_v02, task_id=task1, execution_date=20220902T000000, start_date=20220905T200022, end_date=20220905T200023
[2022-09-05T20:00:23.119+0000] {local_task_job.py:156} INFO - Task exited with return code 0
[2022-09-05T20:00:23.162+0000] {local_task_job.py:279} INFO - 0 downstream tasks scheduled from follow-on schedule check
