[2022-09-05T17:43:25.413+0000] {taskinstance.py:1171} INFO - Dependencies all met for <TaskInstance: our_dag_with_python_operator_01.greet scheduled__2022-09-04T00:00:00+00:00 [queued]>
[2022-09-05T17:43:25.499+0000] {taskinstance.py:1171} INFO - Dependencies all met for <TaskInstance: our_dag_with_python_operator_01.greet scheduled__2022-09-04T00:00:00+00:00 [queued]>
[2022-09-05T17:43:25.499+0000] {taskinstance.py:1368} INFO - 
--------------------------------------------------------------------------------
[2022-09-05T17:43:25.499+0000] {taskinstance.py:1369} INFO - Starting attempt 1 of 6
[2022-09-05T17:43:25.499+0000] {taskinstance.py:1370} INFO - 
--------------------------------------------------------------------------------
[2022-09-05T17:43:25.600+0000] {taskinstance.py:1389} INFO - Executing <Task(PythonOperator): greet> on 2022-09-04 00:00:00+00:00
[2022-09-05T17:43:25.607+0000] {standard_task_runner.py:52} INFO - Started process 2637 to run task
[2022-09-05T17:43:25.610+0000] {standard_task_runner.py:79} INFO - Running: ['***', 'tasks', 'run', 'our_dag_with_python_operator_01', 'greet', 'scheduled__2022-09-04T00:00:00+00:00', '--job-id', '312', '--raw', '--subdir', 'DAGS_FOLDER/create_dag_with_python_operator.py', '--cfg-path', '/tmp/tmp1663vnku', '--error-file', '/tmp/tmpntq23b29']
[2022-09-05T17:43:25.610+0000] {standard_task_runner.py:80} INFO - Job 312: Subtask greet
[2022-09-05T17:43:25.731+0000] {task_command.py:371} INFO - Running <TaskInstance: our_dag_with_python_operator_01.greet scheduled__2022-09-04T00:00:00+00:00 [running]> on host c033faf33c57
[2022-09-05T17:43:26.145+0000] {taskinstance.py:1583} INFO - Exporting the following env vars:
AIRFLOW_CTX_DAG_OWNER=ancordss
AIRFLOW_CTX_DAG_ID=our_dag_with_python_operator_01
AIRFLOW_CTX_TASK_ID=greet
AIRFLOW_CTX_EXECUTION_DATE=2022-09-04T00:00:00+00:00
AIRFLOW_CTX_TRY_NUMBER=1
AIRFLOW_CTX_DAG_RUN_ID=scheduled__2022-09-04T00:00:00+00:00
[2022-09-05T17:43:26.178+0000] {logging_mixin.py:115} INFO - hello world!
[2022-09-05T17:43:26.178+0000] {python.py:173} INFO - Done. Returned value was: None
[2022-09-05T17:43:26.232+0000] {taskinstance.py:1412} INFO - Marking task as SUCCESS. dag_id=our_dag_with_python_operator_01, task_id=greet, execution_date=20220904T000000, start_date=20220905T174325, end_date=20220905T174326
[2022-09-05T17:43:26.300+0000] {local_task_job.py:156} INFO - Task exited with return code 0
[2022-09-05T17:43:26.365+0000] {local_task_job.py:279} INFO - 0 downstream tasks scheduled from follow-on schedule check
