[2022-09-02T22:48:43.723+0000] {taskinstance.py:1171} INFO - Dependencies all met for <TaskInstance: our_first_dag_v3.second_task scheduled__2022-08-15T00:00:00+00:00 [queued]>
[2022-09-02T22:48:43.745+0000] {taskinstance.py:1171} INFO - Dependencies all met for <TaskInstance: our_first_dag_v3.second_task scheduled__2022-08-15T00:00:00+00:00 [queued]>
[2022-09-02T22:48:43.745+0000] {taskinstance.py:1368} INFO - 
--------------------------------------------------------------------------------
[2022-09-02T22:48:43.745+0000] {taskinstance.py:1369} INFO - Starting attempt 1 of 6
[2022-09-02T22:48:43.746+0000] {taskinstance.py:1370} INFO - 
--------------------------------------------------------------------------------
[2022-09-02T22:48:43.772+0000] {taskinstance.py:1389} INFO - Executing <Task(BashOperator): second_task> on 2022-08-15 00:00:00+00:00
[2022-09-02T22:48:43.778+0000] {standard_task_runner.py:52} INFO - Started process 1834 to run task
[2022-09-02T22:48:43.786+0000] {standard_task_runner.py:79} INFO - Running: ['***', 'tasks', 'run', 'our_first_dag_v3', 'second_task', 'scheduled__2022-08-15T00:00:00+00:00', '--job-id', '156', '--raw', '--subdir', 'DAGS_FOLDER/out_first_dag.py', '--cfg-path', '/tmp/tmp3b5n8emk', '--error-file', '/tmp/tmpkm18h5q7']
[2022-09-02T22:48:43.787+0000] {standard_task_runner.py:80} INFO - Job 156: Subtask second_task
[2022-09-02T22:48:43.903+0000] {task_command.py:371} INFO - Running <TaskInstance: our_first_dag_v3.second_task scheduled__2022-08-15T00:00:00+00:00 [running]> on host c033faf33c57
[2022-09-02T22:48:44.049+0000] {taskinstance.py:1583} INFO - Exporting the following env vars:
AIRFLOW_CTX_DAG_OWNER=Ancordss
AIRFLOW_CTX_DAG_ID=our_first_dag_v3
AIRFLOW_CTX_TASK_ID=second_task
AIRFLOW_CTX_EXECUTION_DATE=2022-08-15T00:00:00+00:00
AIRFLOW_CTX_TRY_NUMBER=1
AIRFLOW_CTX_DAG_RUN_ID=scheduled__2022-08-15T00:00:00+00:00
[2022-09-02T22:48:44.052+0000] {subprocess.py:62} INFO - Tmp dir root location: 
 /tmp
[2022-09-02T22:48:44.053+0000] {subprocess.py:74} INFO - Running command: ['/bin/bash', '-c', 'echo this is the second task and i will be running after the fisrt task']
[2022-09-02T22:48:44.074+0000] {subprocess.py:85} INFO - Output:
[2022-09-02T22:48:44.078+0000] {subprocess.py:92} INFO - this is the second task and i will be running after the fisrt task
[2022-09-02T22:48:44.078+0000] {subprocess.py:96} INFO - Command exited with return code 0
[2022-09-02T22:48:44.128+0000] {taskinstance.py:1412} INFO - Marking task as SUCCESS. dag_id=our_first_dag_v3, task_id=second_task, execution_date=20220815T000000, start_date=20220902T224843, end_date=20220902T224844
[2022-09-02T22:48:44.164+0000] {local_task_job.py:156} INFO - Task exited with return code 0
[2022-09-02T22:48:44.222+0000] {local_task_job.py:279} INFO - 0 downstream tasks scheduled from follow-on schedule check
