[2022-09-05T21:05:49.806+0000] {taskinstance.py:1171} INFO - Dependencies all met for <TaskInstance: dag_with_postgres_operator_v03.delete_data_from_table manual__2022-09-05T21:05:46.950153+00:00 [queued]>
[2022-09-05T21:05:49.820+0000] {taskinstance.py:1171} INFO - Dependencies all met for <TaskInstance: dag_with_postgres_operator_v03.delete_data_from_table manual__2022-09-05T21:05:46.950153+00:00 [queued]>
[2022-09-05T21:05:49.820+0000] {taskinstance.py:1368} INFO - 
--------------------------------------------------------------------------------
[2022-09-05T21:05:49.820+0000] {taskinstance.py:1369} INFO - Starting attempt 1 of 6
[2022-09-05T21:05:49.820+0000] {taskinstance.py:1370} INFO - 
--------------------------------------------------------------------------------
[2022-09-05T21:05:49.838+0000] {taskinstance.py:1389} INFO - Executing <Task(PostgresOperator): delete_data_from_table> on 2022-09-05 21:05:46.950153+00:00
[2022-09-05T21:05:49.842+0000] {standard_task_runner.py:52} INFO - Started process 11839 to run task
[2022-09-05T21:05:49.845+0000] {standard_task_runner.py:79} INFO - Running: ['***', 'tasks', 'run', 'dag_with_postgres_operator_v03', 'delete_data_from_table', 'manual__2022-09-05T21:05:46.950153+00:00', '--job-id', '410', '--raw', '--subdir', 'DAGS_FOLDER/dag_with_postgres_operators.py', '--cfg-path', '/tmp/tmpw45hrfu1', '--error-file', '/tmp/tmpqamff1s3']
[2022-09-05T21:05:49.846+0000] {standard_task_runner.py:80} INFO - Job 410: Subtask delete_data_from_table
[2022-09-05T21:05:49.923+0000] {task_command.py:371} INFO - Running <TaskInstance: dag_with_postgres_operator_v03.delete_data_from_table manual__2022-09-05T21:05:46.950153+00:00 [running]> on host c033faf33c57
[2022-09-05T21:05:50.021+0000] {taskinstance.py:1583} INFO - Exporting the following env vars:
AIRFLOW_CTX_DAG_OWNER=Ancordss
AIRFLOW_CTX_DAG_ID=dag_with_postgres_operator_v03
AIRFLOW_CTX_TASK_ID=delete_data_from_table
AIRFLOW_CTX_EXECUTION_DATE=2022-09-05T21:05:46.950153+00:00
AIRFLOW_CTX_TRY_NUMBER=1
AIRFLOW_CTX_DAG_RUN_ID=manual__2022-09-05T21:05:46.950153+00:00
[2022-09-05T21:05:50.033+0000] {base.py:68} INFO - Using connection ID 'postgres_localhost' for task execution.
[2022-09-05T21:05:50.038+0000] {sql.py:315} INFO - Running statement: delete from dag_runs where dt =  ('2022-09-05' and dag_id = 'dag_with_postgres_operator_v03'), parameters: None
[2022-09-05T21:05:50.073+0000] {taskinstance.py:1902} ERROR - Task failed with exception
Traceback (most recent call last):
  File "/home/airflow/.local/lib/python3.7/site-packages/airflow/providers/postgres/operators/postgres.py", line 92, in execute
    self.hook.run(self.sql, self.autocommit, parameters=self.parameters)
  File "/home/airflow/.local/lib/python3.7/site-packages/airflow/providers/common/sql/hooks/sql.py", line 295, in run
    self._run_command(cur, sql_statement, parameters)
  File "/home/airflow/.local/lib/python3.7/site-packages/airflow/providers/common/sql/hooks/sql.py", line 320, in _run_command
    cur.execute(sql_statement)
psycopg2.errors.InvalidTextRepresentation: invalid input syntax for type boolean: "2022-09-05"
LINE 1: delete from dag_runs where dt =  ('2022-09-05' and dag_id = ...
                                          ^

[2022-09-05T21:05:50.085+0000] {taskinstance.py:1412} INFO - Marking task as UP_FOR_RETRY. dag_id=dag_with_postgres_operator_v03, task_id=delete_data_from_table, execution_date=20220905T210546, start_date=20220905T210549, end_date=20220905T210550
[2022-09-05T21:05:50.099+0000] {standard_task_runner.py:97} ERROR - Failed to execute job 410 for task delete_data_from_table (invalid input syntax for type boolean: "2022-09-05"
LINE 1: delete from dag_runs where dt =  ('2022-09-05' and dag_id = ...
                                          ^
; 11839)
[2022-09-05T21:05:50.114+0000] {local_task_job.py:156} INFO - Task exited with return code 1
[2022-09-05T21:05:50.165+0000] {local_task_job.py:279} INFO - 0 downstream tasks scheduled from follow-on schedule check
