[2022-09-02T22:48:35.611+0000] {taskinstance.py:1171} INFO - Dependencies all met for <TaskInstance: our_first_dag_v3.third_task scheduled__2022-08-07T00:00:00+00:00 [queued]>
[2022-09-02T22:48:35.637+0000] {taskinstance.py:1171} INFO - Dependencies all met for <TaskInstance: our_first_dag_v3.third_task scheduled__2022-08-07T00:00:00+00:00 [queued]>
[2022-09-02T22:48:35.637+0000] {taskinstance.py:1368} INFO - 
--------------------------------------------------------------------------------
[2022-09-02T22:48:35.637+0000] {taskinstance.py:1369} INFO - Starting attempt 1 of 6
[2022-09-02T22:48:35.637+0000] {taskinstance.py:1370} INFO - 
--------------------------------------------------------------------------------
[2022-09-02T22:48:35.667+0000] {taskinstance.py:1389} INFO - Executing <Task(BashOperator): third_task> on 2022-08-07 00:00:00+00:00
[2022-09-02T22:48:35.676+0000] {standard_task_runner.py:52} INFO - Started process 1758 to run task
[2022-09-02T22:48:35.686+0000] {standard_task_runner.py:79} INFO - Running: ['***', 'tasks', 'run', 'our_first_dag_v3', 'third_task', 'scheduled__2022-08-07T00:00:00+00:00', '--job-id', '131', '--raw', '--subdir', 'DAGS_FOLDER/out_first_dag.py', '--cfg-path', '/tmp/tmpvyvgpypy', '--error-file', '/tmp/tmpvxln5hxc']
[2022-09-02T22:48:35.687+0000] {standard_task_runner.py:80} INFO - Job 131: Subtask third_task
[2022-09-02T22:48:35.797+0000] {task_command.py:371} INFO - Running <TaskInstance: our_first_dag_v3.third_task scheduled__2022-08-07T00:00:00+00:00 [running]> on host c033faf33c57
[2022-09-02T22:48:35.926+0000] {taskinstance.py:1583} INFO - Exporting the following env vars:
AIRFLOW_CTX_DAG_OWNER=Ancordss
AIRFLOW_CTX_DAG_ID=our_first_dag_v3
AIRFLOW_CTX_TASK_ID=third_task
AIRFLOW_CTX_EXECUTION_DATE=2022-08-07T00:00:00+00:00
AIRFLOW_CTX_TRY_NUMBER=1
AIRFLOW_CTX_DAG_RUN_ID=scheduled__2022-08-07T00:00:00+00:00
[2022-09-02T22:48:35.928+0000] {subprocess.py:62} INFO - Tmp dir root location: 
 /tmp
[2022-09-02T22:48:35.929+0000] {subprocess.py:74} INFO - Running command: ['/bin/bash', '-c', 'echo hey im task 3 and will be running after task1 at the same time as task 2']
[2022-09-02T22:48:35.947+0000] {subprocess.py:85} INFO - Output:
[2022-09-02T22:48:35.950+0000] {subprocess.py:92} INFO - hey im task 3 and will be running after task1 at the same time as task 2
[2022-09-02T22:48:35.951+0000] {subprocess.py:96} INFO - Command exited with return code 0
[2022-09-02T22:48:35.997+0000] {taskinstance.py:1412} INFO - Marking task as SUCCESS. dag_id=our_first_dag_v3, task_id=third_task, execution_date=20220807T000000, start_date=20220902T224835, end_date=20220902T224835
[2022-09-02T22:48:36.027+0000] {local_task_job.py:156} INFO - Task exited with return code 0
[2022-09-02T22:48:36.092+0000] {local_task_job.py:279} INFO - 0 downstream tasks scheduled from follow-on schedule check
