[2022-09-02T22:44:47.132+0000] {taskinstance.py:1171} INFO - Dependencies all met for <TaskInstance: our_first_dag_v2.firs_task scheduled__2022-08-22T00:00:00+00:00 [queued]>
[2022-09-02T22:44:47.159+0000] {taskinstance.py:1171} INFO - Dependencies all met for <TaskInstance: our_first_dag_v2.firs_task scheduled__2022-08-22T00:00:00+00:00 [queued]>
[2022-09-02T22:44:47.160+0000] {taskinstance.py:1368} INFO - 
--------------------------------------------------------------------------------
[2022-09-02T22:44:47.160+0000] {taskinstance.py:1369} INFO - Starting attempt 1 of 6
[2022-09-02T22:44:47.160+0000] {taskinstance.py:1370} INFO - 
--------------------------------------------------------------------------------
[2022-09-02T22:44:47.191+0000] {taskinstance.py:1389} INFO - Executing <Task(BashOperator): firs_task> on 2022-08-22 00:00:00+00:00
[2022-09-02T22:44:47.198+0000] {standard_task_runner.py:52} INFO - Started process 1435 to run task
[2022-09-02T22:44:47.201+0000] {standard_task_runner.py:79} INFO - Running: ['***', 'tasks', 'run', 'our_first_dag_v2', 'firs_task', 'scheduled__2022-08-22T00:00:00+00:00', '--job-id', '80', '--raw', '--subdir', 'DAGS_FOLDER/out_first_dag.py', '--cfg-path', '/tmp/tmphd67ha7k', '--error-file', '/tmp/tmp1i7v6omx']
[2022-09-02T22:44:47.202+0000] {standard_task_runner.py:80} INFO - Job 80: Subtask firs_task
[2022-09-02T22:44:47.366+0000] {task_command.py:371} INFO - Running <TaskInstance: our_first_dag_v2.firs_task scheduled__2022-08-22T00:00:00+00:00 [running]> on host c033faf33c57
[2022-09-02T22:44:47.616+0000] {taskinstance.py:1583} INFO - Exporting the following env vars:
AIRFLOW_CTX_DAG_OWNER=Ancordss
AIRFLOW_CTX_DAG_ID=our_first_dag_v2
AIRFLOW_CTX_TASK_ID=firs_task
AIRFLOW_CTX_EXECUTION_DATE=2022-08-22T00:00:00+00:00
AIRFLOW_CTX_TRY_NUMBER=1
AIRFLOW_CTX_DAG_RUN_ID=scheduled__2022-08-22T00:00:00+00:00
[2022-09-02T22:44:47.619+0000] {subprocess.py:62} INFO - Tmp dir root location: 
 /tmp
[2022-09-02T22:44:47.620+0000] {subprocess.py:74} INFO - Running command: ['/bin/bash', '-c', 'echo hello world, this is the first task']
[2022-09-02T22:44:47.669+0000] {subprocess.py:85} INFO - Output:
[2022-09-02T22:44:47.674+0000] {subprocess.py:92} INFO - hello world, this is the first task
[2022-09-02T22:44:47.676+0000] {subprocess.py:96} INFO - Command exited with return code 0
[2022-09-02T22:44:47.766+0000] {taskinstance.py:1412} INFO - Marking task as SUCCESS. dag_id=our_first_dag_v2, task_id=firs_task, execution_date=20220822T000000, start_date=20220902T224447, end_date=20220902T224447
[2022-09-02T22:44:47.844+0000] {local_task_job.py:156} INFO - Task exited with return code 0
[2022-09-02T22:44:48.090+0000] {local_task_job.py:279} INFO - 0 downstream tasks scheduled from follow-on schedule check
