[2022-09-02T22:48:29.622+0000] {taskinstance.py:1171} INFO - Dependencies all met for <TaskInstance: our_first_dag_v3.third_task scheduled__2022-07-30T00:00:00+00:00 [queued]>
[2022-09-02T22:48:29.652+0000] {taskinstance.py:1171} INFO - Dependencies all met for <TaskInstance: our_first_dag_v3.third_task scheduled__2022-07-30T00:00:00+00:00 [queued]>
[2022-09-02T22:48:29.653+0000] {taskinstance.py:1368} INFO - 
--------------------------------------------------------------------------------
[2022-09-02T22:48:29.653+0000] {taskinstance.py:1369} INFO - Starting attempt 1 of 6
[2022-09-02T22:48:29.656+0000] {taskinstance.py:1370} INFO - 
--------------------------------------------------------------------------------
[2022-09-02T22:48:29.697+0000] {taskinstance.py:1389} INFO - Executing <Task(BashOperator): third_task> on 2022-07-30 00:00:00+00:00
[2022-09-02T22:48:29.709+0000] {standard_task_runner.py:52} INFO - Started process 1690 to run task
[2022-09-02T22:48:29.719+0000] {standard_task_runner.py:79} INFO - Running: ['***', 'tasks', 'run', 'our_first_dag_v3', 'third_task', 'scheduled__2022-07-30T00:00:00+00:00', '--job-id', '111', '--raw', '--subdir', 'DAGS_FOLDER/out_first_dag.py', '--cfg-path', '/tmp/tmpodqa9k3l', '--error-file', '/tmp/tmphav5og9n']
[2022-09-02T22:48:29.721+0000] {standard_task_runner.py:80} INFO - Job 111: Subtask third_task
[2022-09-02T22:48:29.960+0000] {task_command.py:371} INFO - Running <TaskInstance: our_first_dag_v3.third_task scheduled__2022-07-30T00:00:00+00:00 [running]> on host c033faf33c57
[2022-09-02T22:48:30.289+0000] {taskinstance.py:1583} INFO - Exporting the following env vars:
AIRFLOW_CTX_DAG_OWNER=Ancordss
AIRFLOW_CTX_DAG_ID=our_first_dag_v3
AIRFLOW_CTX_TASK_ID=third_task
AIRFLOW_CTX_EXECUTION_DATE=2022-07-30T00:00:00+00:00
AIRFLOW_CTX_TRY_NUMBER=1
AIRFLOW_CTX_DAG_RUN_ID=scheduled__2022-07-30T00:00:00+00:00
[2022-09-02T22:48:30.292+0000] {subprocess.py:62} INFO - Tmp dir root location: 
 /tmp
[2022-09-02T22:48:30.295+0000] {subprocess.py:74} INFO - Running command: ['/bin/bash', '-c', 'echo hey im task 3 and will be running after task1 at the same time as task 2']
[2022-09-02T22:48:30.325+0000] {subprocess.py:85} INFO - Output:
[2022-09-02T22:48:30.332+0000] {subprocess.py:92} INFO - hey im task 3 and will be running after task1 at the same time as task 2
[2022-09-02T22:48:30.333+0000] {subprocess.py:96} INFO - Command exited with return code 0
[2022-09-02T22:48:30.401+0000] {taskinstance.py:1412} INFO - Marking task as SUCCESS. dag_id=our_first_dag_v3, task_id=third_task, execution_date=20220730T000000, start_date=20220902T224829, end_date=20220902T224830
[2022-09-02T22:48:30.466+0000] {local_task_job.py:156} INFO - Task exited with return code 0
[2022-09-02T22:48:30.549+0000] {local_task_job.py:279} INFO - 0 downstream tasks scheduled from follow-on schedule check
