[2022-09-06T14:56:56.247+0000] {taskinstance.py:1171} INFO - Dependencies all met for <TaskInstance: dag_with_postgres_hooks_v01.postgres_to_s3 scheduled__2022-05-13T00:00:00+00:00 [queued]>
[2022-09-06T14:56:56.280+0000] {taskinstance.py:1171} INFO - Dependencies all met for <TaskInstance: dag_with_postgres_hooks_v01.postgres_to_s3 scheduled__2022-05-13T00:00:00+00:00 [queued]>
[2022-09-06T14:56:56.280+0000] {taskinstance.py:1368} INFO - 
--------------------------------------------------------------------------------
[2022-09-06T14:56:56.281+0000] {taskinstance.py:1369} INFO - Starting attempt 1 of 6
[2022-09-06T14:56:56.281+0000] {taskinstance.py:1370} INFO - 
--------------------------------------------------------------------------------
[2022-09-06T14:56:56.328+0000] {taskinstance.py:1389} INFO - Executing <Task(PythonOperator): postgres_to_s3> on 2022-05-13 00:00:00+00:00
[2022-09-06T14:56:56.346+0000] {standard_task_runner.py:52} INFO - Started process 313 to run task
[2022-09-06T14:56:56.359+0000] {standard_task_runner.py:79} INFO - Running: ['***', 'tasks', 'run', 'dag_with_postgres_hooks_v01', 'postgres_to_s3', 'scheduled__2022-05-13T00:00:00+00:00', '--job-id', '442', '--raw', '--subdir', 'DAGS_FOLDER/dag_with_postgres_hooks.py', '--cfg-path', '/tmp/tmpg_41iq3k', '--error-file', '/tmp/tmpavpf9byp']
[2022-09-06T14:56:56.361+0000] {standard_task_runner.py:80} INFO - Job 442: Subtask postgres_to_s3
[2022-09-06T14:56:56.561+0000] {task_command.py:371} INFO - Running <TaskInstance: dag_with_postgres_hooks_v01.postgres_to_s3 scheduled__2022-05-13T00:00:00+00:00 [running]> on host 45495cb94d52
[2022-09-06T14:56:56.806+0000] {taskinstance.py:1583} INFO - Exporting the following env vars:
AIRFLOW_CTX_DAG_OWNER=James
AIRFLOW_CTX_DAG_ID=dag_with_postgres_hooks_v01
AIRFLOW_CTX_TASK_ID=postgres_to_s3
AIRFLOW_CTX_EXECUTION_DATE=2022-05-13T00:00:00+00:00
AIRFLOW_CTX_TRY_NUMBER=1
AIRFLOW_CTX_DAG_RUN_ID=scheduled__2022-05-13T00:00:00+00:00
[2022-09-06T14:56:56.835+0000] {base.py:68} INFO - Using connection ID 'postgres_localhost' for task execution.
[2022-09-06T14:56:56.857+0000] {taskinstance.py:1902} ERROR - Task failed with exception
Traceback (most recent call last):
  File "/home/airflow/.local/lib/python3.7/site-packages/airflow/operators/python.py", line 171, in execute
    return_value = self.execute_callable()
  File "/home/airflow/.local/lib/python3.7/site-packages/airflow/operators/python.py", line 189, in execute_callable
    return self.python_callable(*self.op_args, **self.op_kwargs)
  File "/opt/airflow/dags/dag_with_postgres_hooks.py", line 23, in postgres_to_s3
    with open("dags/get_orders.txt" "w") as f:
FileNotFoundError: [Errno 2] No such file or directory: 'dags/get_orders.txtw'
[2022-09-06T14:56:56.880+0000] {taskinstance.py:1412} INFO - Marking task as UP_FOR_RETRY. dag_id=dag_with_postgres_hooks_v01, task_id=postgres_to_s3, execution_date=20220513T000000, start_date=20220906T145656, end_date=20220906T145656
[2022-09-06T14:56:56.901+0000] {standard_task_runner.py:97} ERROR - Failed to execute job 442 for task postgres_to_s3 ([Errno 2] No such file or directory: 'dags/get_orders.txtw'; 313)
[2022-09-06T14:56:56.952+0000] {local_task_job.py:156} INFO - Task exited with return code 1
[2022-09-06T14:56:57.054+0000] {local_task_job.py:279} INFO - 0 downstream tasks scheduled from follow-on schedule check
[2022-09-06T14:59:53.230+0000] {taskinstance.py:1171} INFO - Dependencies all met for <TaskInstance: dag_with_postgres_hooks_v01.postgres_to_s3 scheduled__2022-05-13T00:00:00+00:00 [queued]>
[2022-09-06T14:59:53.247+0000] {taskinstance.py:1171} INFO - Dependencies all met for <TaskInstance: dag_with_postgres_hooks_v01.postgres_to_s3 scheduled__2022-05-13T00:00:00+00:00 [queued]>
[2022-09-06T14:59:53.247+0000] {taskinstance.py:1368} INFO - 
--------------------------------------------------------------------------------
[2022-09-06T14:59:53.247+0000] {taskinstance.py:1369} INFO - Starting attempt 1 of 6
[2022-09-06T14:59:53.248+0000] {taskinstance.py:1370} INFO - 
--------------------------------------------------------------------------------
[2022-09-06T14:59:53.272+0000] {taskinstance.py:1389} INFO - Executing <Task(PythonOperator): postgres_to_s3> on 2022-05-13 00:00:00+00:00
[2022-09-06T14:59:53.279+0000] {standard_task_runner.py:52} INFO - Started process 473 to run task
[2022-09-06T14:59:53.284+0000] {standard_task_runner.py:79} INFO - Running: ['***', 'tasks', 'run', 'dag_with_postgres_hooks_v01', 'postgres_to_s3', 'scheduled__2022-05-13T00:00:00+00:00', '--job-id', '459', '--raw', '--subdir', 'DAGS_FOLDER/dag_with_postgres_hooks.py', '--cfg-path', '/tmp/tmpddp0apzz', '--error-file', '/tmp/tmpzywrtmxw']
[2022-09-06T14:59:53.285+0000] {standard_task_runner.py:80} INFO - Job 459: Subtask postgres_to_s3
[2022-09-06T14:59:53.395+0000] {task_command.py:371} INFO - Running <TaskInstance: dag_with_postgres_hooks_v01.postgres_to_s3 scheduled__2022-05-13T00:00:00+00:00 [running]> on host 45495cb94d52
[2022-09-06T14:59:53.511+0000] {taskinstance.py:1583} INFO - Exporting the following env vars:
AIRFLOW_CTX_DAG_OWNER=James
AIRFLOW_CTX_DAG_ID=dag_with_postgres_hooks_v01
AIRFLOW_CTX_TASK_ID=postgres_to_s3
AIRFLOW_CTX_EXECUTION_DATE=2022-05-13T00:00:00+00:00
AIRFLOW_CTX_TRY_NUMBER=1
AIRFLOW_CTX_DAG_RUN_ID=scheduled__2022-05-13T00:00:00+00:00
[2022-09-06T14:59:53.526+0000] {base.py:68} INFO - Using connection ID 'postgres_localhost' for task execution.
[2022-09-06T14:59:53.535+0000] {dag_with_postgres_hooks.py:29} INFO - save orders data in text file get_orders.txt
[2022-09-06T14:59:53.536+0000] {python.py:173} INFO - Done. Returned value was: None
[2022-09-06T14:59:53.557+0000] {taskinstance.py:1412} INFO - Marking task as SUCCESS. dag_id=dag_with_postgres_hooks_v01, task_id=postgres_to_s3, execution_date=20220513T000000, start_date=20220906T145953, end_date=20220906T145953
[2022-09-06T14:59:53.581+0000] {local_task_job.py:156} INFO - Task exited with return code 0
[2022-09-06T14:59:53.625+0000] {local_task_job.py:279} INFO - 0 downstream tasks scheduled from follow-on schedule check
