[2022-09-06T15:00:54.988+0000] {taskinstance.py:1171} INFO - Dependencies all met for <TaskInstance: dag_with_postgres_hooks_v01.postgres_to_s3 scheduled__2022-08-13T00:00:00+00:00 [queued]>
[2022-09-06T15:00:55.010+0000] {taskinstance.py:1171} INFO - Dependencies all met for <TaskInstance: dag_with_postgres_hooks_v01.postgres_to_s3 scheduled__2022-08-13T00:00:00+00:00 [queued]>
[2022-09-06T15:00:55.011+0000] {taskinstance.py:1368} INFO - 
--------------------------------------------------------------------------------
[2022-09-06T15:00:55.011+0000] {taskinstance.py:1369} INFO - Starting attempt 1 of 6
[2022-09-06T15:00:55.011+0000] {taskinstance.py:1370} INFO - 
--------------------------------------------------------------------------------
[2022-09-06T15:00:55.044+0000] {taskinstance.py:1389} INFO - Executing <Task(PythonOperator): postgres_to_s3> on 2022-08-13 00:00:00+00:00
[2022-09-06T15:00:55.052+0000] {standard_task_runner.py:52} INFO - Started process 704 to run task
[2022-09-06T15:00:55.057+0000] {standard_task_runner.py:79} INFO - Running: ['***', 'tasks', 'run', 'dag_with_postgres_hooks_v01', 'postgres_to_s3', 'scheduled__2022-08-13T00:00:00+00:00', '--job-id', '551', '--raw', '--subdir', 'DAGS_FOLDER/dag_with_postgres_hooks.py', '--cfg-path', '/tmp/tmpscxu2q14', '--error-file', '/tmp/tmpplug0eef']
[2022-09-06T15:00:55.058+0000] {standard_task_runner.py:80} INFO - Job 551: Subtask postgres_to_s3
[2022-09-06T15:00:55.149+0000] {task_command.py:371} INFO - Running <TaskInstance: dag_with_postgres_hooks_v01.postgres_to_s3 scheduled__2022-08-13T00:00:00+00:00 [running]> on host 45495cb94d52
[2022-09-06T15:00:55.248+0000] {taskinstance.py:1583} INFO - Exporting the following env vars:
AIRFLOW_CTX_DAG_OWNER=James
AIRFLOW_CTX_DAG_ID=dag_with_postgres_hooks_v01
AIRFLOW_CTX_TASK_ID=postgres_to_s3
AIRFLOW_CTX_EXECUTION_DATE=2022-08-13T00:00:00+00:00
AIRFLOW_CTX_TRY_NUMBER=1
AIRFLOW_CTX_DAG_RUN_ID=scheduled__2022-08-13T00:00:00+00:00
[2022-09-06T15:00:55.261+0000] {base.py:68} INFO - Using connection ID 'postgres_localhost' for task execution.
[2022-09-06T15:00:55.270+0000] {dag_with_postgres_hooks.py:29} INFO - save orders data in text file get_orders.txt
[2022-09-06T15:00:55.271+0000] {python.py:173} INFO - Done. Returned value was: None
[2022-09-06T15:00:55.292+0000] {taskinstance.py:1412} INFO - Marking task as SUCCESS. dag_id=dag_with_postgres_hooks_v01, task_id=postgres_to_s3, execution_date=20220813T000000, start_date=20220906T150054, end_date=20220906T150055
[2022-09-06T15:00:55.314+0000] {local_task_job.py:156} INFO - Task exited with return code 0
[2022-09-06T15:00:55.369+0000] {local_task_job.py:279} INFO - 0 downstream tasks scheduled from follow-on schedule check
