[2022-09-06T15:09:37.663+0000] {taskinstance.py:1171} INFO - Dependencies all met for <TaskInstance: dag_with_postgres_hooks_v02.postgres_to_s3 scheduled__2022-06-16T00:00:00+00:00 [queued]>
[2022-09-06T15:09:37.681+0000] {taskinstance.py:1171} INFO - Dependencies all met for <TaskInstance: dag_with_postgres_hooks_v02.postgres_to_s3 scheduled__2022-06-16T00:00:00+00:00 [queued]>
[2022-09-06T15:09:37.682+0000] {taskinstance.py:1368} INFO - 
--------------------------------------------------------------------------------
[2022-09-06T15:09:37.682+0000] {taskinstance.py:1369} INFO - Starting attempt 1 of 6
[2022-09-06T15:09:37.682+0000] {taskinstance.py:1370} INFO - 
--------------------------------------------------------------------------------
[2022-09-06T15:09:37.707+0000] {taskinstance.py:1389} INFO - Executing <Task(PythonOperator): postgres_to_s3> on 2022-06-16 00:00:00+00:00
[2022-09-06T15:09:37.715+0000] {standard_task_runner.py:52} INFO - Started process 1259 to run task
[2022-09-06T15:09:37.719+0000] {standard_task_runner.py:79} INFO - Running: ['***', 'tasks', 'run', 'dag_with_postgres_hooks_v02', 'postgres_to_s3', 'scheduled__2022-06-16T00:00:00+00:00', '--job-id', '638', '--raw', '--subdir', 'DAGS_FOLDER/dag_with_postgres_hooks.py', '--cfg-path', '/tmp/tmpaq81be2s', '--error-file', '/tmp/tmp62cxw47e']
[2022-09-06T15:09:37.719+0000] {standard_task_runner.py:80} INFO - Job 638: Subtask postgres_to_s3
[2022-09-06T15:09:37.825+0000] {task_command.py:371} INFO - Running <TaskInstance: dag_with_postgres_hooks_v02.postgres_to_s3 scheduled__2022-06-16T00:00:00+00:00 [running]> on host 45495cb94d52
[2022-09-06T15:09:37.951+0000] {taskinstance.py:1583} INFO - Exporting the following env vars:
AIRFLOW_CTX_DAG_OWNER=James
AIRFLOW_CTX_DAG_ID=dag_with_postgres_hooks_v02
AIRFLOW_CTX_TASK_ID=postgres_to_s3
AIRFLOW_CTX_EXECUTION_DATE=2022-06-16T00:00:00+00:00
AIRFLOW_CTX_TRY_NUMBER=1
AIRFLOW_CTX_DAG_RUN_ID=scheduled__2022-06-16T00:00:00+00:00
[2022-09-06T15:09:37.952+0000] {warnings.py:110} WARNING - /home/***/.local/lib/python3.7/site-packages/***/utils/context.py:202: AirflowContextDeprecationWarning: Accessing 'next_ds_nodash' from the template is deprecated and will be removed in a future version. Please use '{{ data_interval_end | ds_nodash }}' instead.
  warnings.warn(_create_deprecation_warning(key, self._deprecation_replacements[key]))

[2022-09-06T15:09:37.969+0000] {base.py:68} INFO - Using connection ID 'postgres_localhost' for task execution.
[2022-09-06T15:09:37.979+0000] {dag_with_postgres_hooks.py:30} INFO - save orders data in text file dags/get_orders_20220616.txt
[2022-09-06T15:09:37.980+0000] {python.py:173} INFO - Done. Returned value was: None
[2022-09-06T15:09:38.003+0000] {taskinstance.py:1412} INFO - Marking task as SUCCESS. dag_id=dag_with_postgres_hooks_v02, task_id=postgres_to_s3, execution_date=20220616T000000, start_date=20220906T150937, end_date=20220906T150938
[2022-09-06T15:09:38.062+0000] {local_task_job.py:156} INFO - Task exited with return code 0
[2022-09-06T15:09:38.112+0000] {local_task_job.py:279} INFO - 0 downstream tasks scheduled from follow-on schedule check
