[2022-09-02T22:52:30.842+0000] {taskinstance.py:1171} INFO - Dependencies all met for <TaskInstance: our_first_dag_v5.third_task scheduled__2022-07-30T00:00:00+00:00 [queued]>
[2022-09-02T22:52:30.874+0000] {taskinstance.py:1171} INFO - Dependencies all met for <TaskInstance: our_first_dag_v5.third_task scheduled__2022-07-30T00:00:00+00:00 [queued]>
[2022-09-02T22:52:30.875+0000] {taskinstance.py:1368} INFO - 
--------------------------------------------------------------------------------
[2022-09-02T22:52:30.875+0000] {taskinstance.py:1369} INFO - Starting attempt 1 of 6
[2022-09-02T22:52:30.875+0000] {taskinstance.py:1370} INFO - 
--------------------------------------------------------------------------------
[2022-09-02T22:52:30.921+0000] {taskinstance.py:1389} INFO - Executing <Task(BashOperator): third_task> on 2022-07-30 00:00:00+00:00
[2022-09-02T22:52:30.956+0000] {standard_task_runner.py:52} INFO - Started process 2182 to run task
[2022-09-02T22:52:30.987+0000] {standard_task_runner.py:79} INFO - Running: ['***', 'tasks', 'run', 'our_first_dag_v5', 'third_task', 'scheduled__2022-07-30T00:00:00+00:00', '--job-id', '215', '--raw', '--subdir', 'DAGS_FOLDER/out_first_dag.py', '--cfg-path', '/tmp/tmpyui74835', '--error-file', '/tmp/tmpm29zaqr3']
[2022-09-02T22:52:30.988+0000] {standard_task_runner.py:80} INFO - Job 215: Subtask third_task
[2022-09-02T22:52:31.217+0000] {task_command.py:371} INFO - Running <TaskInstance: our_first_dag_v5.third_task scheduled__2022-07-30T00:00:00+00:00 [running]> on host c033faf33c57
[2022-09-02T22:52:31.491+0000] {taskinstance.py:1583} INFO - Exporting the following env vars:
AIRFLOW_CTX_DAG_OWNER=Ancordss
AIRFLOW_CTX_DAG_ID=our_first_dag_v5
AIRFLOW_CTX_TASK_ID=third_task
AIRFLOW_CTX_EXECUTION_DATE=2022-07-30T00:00:00+00:00
AIRFLOW_CTX_TRY_NUMBER=1
AIRFLOW_CTX_DAG_RUN_ID=scheduled__2022-07-30T00:00:00+00:00
[2022-09-02T22:52:31.493+0000] {subprocess.py:62} INFO - Tmp dir root location: 
 /tmp
[2022-09-02T22:52:31.494+0000] {subprocess.py:74} INFO - Running command: ['/bin/bash', '-c', 'echo hey im task 3 and will be running after task1 at the same time as task 2']
[2022-09-02T22:52:31.573+0000] {subprocess.py:85} INFO - Output:
[2022-09-02T22:52:31.582+0000] {subprocess.py:92} INFO - hey im task 3 and will be running after task1 at the same time as task 2
[2022-09-02T22:52:31.584+0000] {subprocess.py:96} INFO - Command exited with return code 0
[2022-09-02T22:52:31.686+0000] {taskinstance.py:1412} INFO - Marking task as SUCCESS. dag_id=our_first_dag_v5, task_id=third_task, execution_date=20220730T000000, start_date=20220902T225230, end_date=20220902T225231
[2022-09-02T22:52:31.821+0000] {local_task_job.py:156} INFO - Task exited with return code 0
[2022-09-02T22:52:31.923+0000] {local_task_job.py:279} INFO - 0 downstream tasks scheduled from follow-on schedule check
