[2022-09-05T18:31:56.869+0000] {taskinstance.py:1171} INFO - Dependencies all met for <TaskInstance: dag_with_tasklow_api_v01.greet scheduled__2022-09-04T00:00:00+00:00 [queued]>
[2022-09-05T18:31:56.883+0000] {taskinstance.py:1171} INFO - Dependencies all met for <TaskInstance: dag_with_tasklow_api_v01.greet scheduled__2022-09-04T00:00:00+00:00 [queued]>
[2022-09-05T18:31:56.883+0000] {taskinstance.py:1368} INFO - 
--------------------------------------------------------------------------------
[2022-09-05T18:31:56.883+0000] {taskinstance.py:1369} INFO - Starting attempt 1 of 6
[2022-09-05T18:31:56.883+0000] {taskinstance.py:1370} INFO - 
--------------------------------------------------------------------------------
[2022-09-05T18:31:56.902+0000] {taskinstance.py:1389} INFO - Executing <Task(_PythonDecoratedOperator): greet> on 2022-09-04 00:00:00+00:00
[2022-09-05T18:31:56.906+0000] {standard_task_runner.py:52} INFO - Started process 4884 to run task
[2022-09-05T18:31:56.910+0000] {standard_task_runner.py:79} INFO - Running: ['***', 'tasks', 'run', 'dag_with_tasklow_api_v01', 'greet', 'scheduled__2022-09-04T00:00:00+00:00', '--job-id', '346', '--raw', '--subdir', 'DAGS_FOLDER/dag_with_taskflow_api.py', '--cfg-path', '/tmp/tmp8hr5gel2', '--error-file', '/tmp/tmpljn37sji']
[2022-09-05T18:31:56.910+0000] {standard_task_runner.py:80} INFO - Job 346: Subtask greet
[2022-09-05T18:31:57.018+0000] {task_command.py:371} INFO - Running <TaskInstance: dag_with_tasklow_api_v01.greet scheduled__2022-09-04T00:00:00+00:00 [running]> on host c033faf33c57
[2022-09-05T18:31:57.166+0000] {taskinstance.py:1583} INFO - Exporting the following env vars:
AIRFLOW_CTX_DAG_OWNER=Ancordss
AIRFLOW_CTX_DAG_ID=dag_with_tasklow_api_v01
AIRFLOW_CTX_TASK_ID=greet
AIRFLOW_CTX_EXECUTION_DATE=2022-09-04T00:00:00+00:00
AIRFLOW_CTX_TRY_NUMBER=1
AIRFLOW_CTX_DAG_RUN_ID=scheduled__2022-09-04T00:00:00+00:00
[2022-09-05T18:31:57.167+0000] {logging_mixin.py:115} INFO - hello my name is james and i am 20 years old!
[2022-09-05T18:31:57.167+0000] {python.py:173} INFO - Done. Returned value was: None
[2022-09-05T18:31:57.183+0000] {taskinstance.py:1412} INFO - Marking task as SUCCESS. dag_id=dag_with_tasklow_api_v01, task_id=greet, execution_date=20220904T000000, start_date=20220905T183156, end_date=20220905T183157
[2022-09-05T18:31:57.207+0000] {local_task_job.py:156} INFO - Task exited with return code 0
[2022-09-05T18:31:57.251+0000] {local_task_job.py:279} INFO - 0 downstream tasks scheduled from follow-on schedule check
