[2022-09-06T15:09:28.746+0000] {taskinstance.py:1171} INFO - Dependencies all met for <TaskInstance: dag_with_postgres_hooks_v02.postgres_to_s3 scheduled__2022-05-31T00:00:00+00:00 [queued]>
[2022-09-06T15:09:28.766+0000] {taskinstance.py:1171} INFO - Dependencies all met for <TaskInstance: dag_with_postgres_hooks_v02.postgres_to_s3 scheduled__2022-05-31T00:00:00+00:00 [queued]>
[2022-09-06T15:09:28.766+0000] {taskinstance.py:1368} INFO - 
--------------------------------------------------------------------------------
[2022-09-06T15:09:28.767+0000] {taskinstance.py:1369} INFO - Starting attempt 1 of 6
[2022-09-06T15:09:28.767+0000] {taskinstance.py:1370} INFO - 
--------------------------------------------------------------------------------
[2022-09-06T15:09:28.796+0000] {taskinstance.py:1389} INFO - Executing <Task(PythonOperator): postgres_to_s3> on 2022-05-31 00:00:00+00:00
[2022-09-06T15:09:28.807+0000] {standard_task_runner.py:52} INFO - Started process 1227 to run task
[2022-09-06T15:09:28.821+0000] {standard_task_runner.py:79} INFO - Running: ['***', 'tasks', 'run', 'dag_with_postgres_hooks_v02', 'postgres_to_s3', 'scheduled__2022-05-31T00:00:00+00:00', '--job-id', '622', '--raw', '--subdir', 'DAGS_FOLDER/dag_with_postgres_hooks.py', '--cfg-path', '/tmp/tmpkkfw_sg4', '--error-file', '/tmp/tmpsrmpq2m9']
[2022-09-06T15:09:28.822+0000] {standard_task_runner.py:80} INFO - Job 622: Subtask postgres_to_s3
[2022-09-06T15:09:29.045+0000] {task_command.py:371} INFO - Running <TaskInstance: dag_with_postgres_hooks_v02.postgres_to_s3 scheduled__2022-05-31T00:00:00+00:00 [running]> on host 45495cb94d52
[2022-09-06T15:09:29.383+0000] {taskinstance.py:1583} INFO - Exporting the following env vars:
AIRFLOW_CTX_DAG_OWNER=James
AIRFLOW_CTX_DAG_ID=dag_with_postgres_hooks_v02
AIRFLOW_CTX_TASK_ID=postgres_to_s3
AIRFLOW_CTX_EXECUTION_DATE=2022-05-31T00:00:00+00:00
AIRFLOW_CTX_TRY_NUMBER=1
AIRFLOW_CTX_DAG_RUN_ID=scheduled__2022-05-31T00:00:00+00:00
[2022-09-06T15:09:29.385+0000] {warnings.py:110} WARNING - /home/***/.local/lib/python3.7/site-packages/***/utils/context.py:202: AirflowContextDeprecationWarning: Accessing 'next_ds_nodash' from the template is deprecated and will be removed in a future version. Please use '{{ data_interval_end | ds_nodash }}' instead.
  warnings.warn(_create_deprecation_warning(key, self._deprecation_replacements[key]))

[2022-09-06T15:09:29.461+0000] {base.py:68} INFO - Using connection ID 'postgres_localhost' for task execution.
[2022-09-06T15:09:29.485+0000] {dag_with_postgres_hooks.py:30} INFO - save orders data in text file dags/get_orders_20220531.txt
[2022-09-06T15:09:29.486+0000] {python.py:173} INFO - Done. Returned value was: None
[2022-09-06T15:09:29.566+0000] {taskinstance.py:1412} INFO - Marking task as SUCCESS. dag_id=dag_with_postgres_hooks_v02, task_id=postgres_to_s3, execution_date=20220531T000000, start_date=20220906T150928, end_date=20220906T150929
[2022-09-06T15:09:29.691+0000] {local_task_job.py:156} INFO - Task exited with return code 0
[2022-09-06T15:09:29.907+0000] {local_task_job.py:279} INFO - 0 downstream tasks scheduled from follow-on schedule check
