[2022-09-05T18:03:07.778+0000] {taskinstance.py:1171} INFO - Dependencies all met for <TaskInstance: our_dag_with_python_operator_05.get_name manual__2022-09-05T18:03:06.929909+00:00 [queued]>
[2022-09-05T18:03:07.794+0000] {taskinstance.py:1171} INFO - Dependencies all met for <TaskInstance: our_dag_with_python_operator_05.get_name manual__2022-09-05T18:03:06.929909+00:00 [queued]>
[2022-09-05T18:03:07.795+0000] {taskinstance.py:1368} INFO - 
--------------------------------------------------------------------------------
[2022-09-05T18:03:07.795+0000] {taskinstance.py:1369} INFO - Starting attempt 1 of 6
[2022-09-05T18:03:07.795+0000] {taskinstance.py:1370} INFO - 
--------------------------------------------------------------------------------
[2022-09-05T18:03:07.816+0000] {taskinstance.py:1389} INFO - Executing <Task(PythonOperator): get_name> on 2022-09-05 18:03:06.929909+00:00
[2022-09-05T18:03:07.821+0000] {standard_task_runner.py:52} INFO - Started process 3536 to run task
[2022-09-05T18:03:07.825+0000] {standard_task_runner.py:79} INFO - Running: ['***', 'tasks', 'run', 'our_dag_with_python_operator_05', 'get_name', 'manual__2022-09-05T18:03:06.929909+00:00', '--job-id', '321', '--raw', '--subdir', 'DAGS_FOLDER/create_dag_with_python_operator.py', '--cfg-path', '/tmp/tmpel72rgrp', '--error-file', '/tmp/tmpoent51qj']
[2022-09-05T18:03:07.825+0000] {standard_task_runner.py:80} INFO - Job 321: Subtask get_name
[2022-09-05T18:03:07.917+0000] {task_command.py:371} INFO - Running <TaskInstance: our_dag_with_python_operator_05.get_name manual__2022-09-05T18:03:06.929909+00:00 [running]> on host c033faf33c57
[2022-09-05T18:03:08.014+0000] {taskinstance.py:1583} INFO - Exporting the following env vars:
AIRFLOW_CTX_DAG_OWNER=ancordss
AIRFLOW_CTX_DAG_ID=our_dag_with_python_operator_05
AIRFLOW_CTX_TASK_ID=get_name
AIRFLOW_CTX_EXECUTION_DATE=2022-09-05T18:03:06.929909+00:00
AIRFLOW_CTX_TRY_NUMBER=1
AIRFLOW_CTX_DAG_RUN_ID=manual__2022-09-05T18:03:06.929909+00:00
[2022-09-05T18:03:08.015+0000] {taskinstance.py:1902} ERROR - Task failed with exception
Traceback (most recent call last):
  File "/home/airflow/.local/lib/python3.7/site-packages/airflow/operators/python.py", line 171, in execute
    return_value = self.execute_callable()
  File "/home/airflow/.local/lib/python3.7/site-packages/airflow/operators/python.py", line 189, in execute_callable
    return self.python_callable(*self.op_args, **self.op_kwargs)
  File "/opt/airflow/dags/create_dag_with_python_operator.py", line 18, in get_name
    ti,xcom_push(key='first_name', value='james')
NameError: name 'xcom_push' is not defined
[2022-09-05T18:03:08.027+0000] {taskinstance.py:1412} INFO - Marking task as UP_FOR_RETRY. dag_id=our_dag_with_python_operator_05, task_id=get_name, execution_date=20220905T180306, start_date=20220905T180307, end_date=20220905T180308
[2022-09-05T18:03:08.041+0000] {standard_task_runner.py:97} ERROR - Failed to execute job 321 for task get_name (name 'xcom_push' is not defined; 3536)
[2022-09-05T18:03:08.082+0000] {local_task_job.py:156} INFO - Task exited with return code 1
[2022-09-05T18:03:08.135+0000] {local_task_job.py:279} INFO - 0 downstream tasks scheduled from follow-on schedule check
