[2022-09-05T18:04:52.473+0000] {taskinstance.py:1171} INFO - Dependencies all met for <TaskInstance: our_dag_with_python_operator_05.get_name manual__2022-09-05T18:04:51.637375+00:00 [queued]>
[2022-09-05T18:04:52.487+0000] {taskinstance.py:1171} INFO - Dependencies all met for <TaskInstance: our_dag_with_python_operator_05.get_name manual__2022-09-05T18:04:51.637375+00:00 [queued]>
[2022-09-05T18:04:52.487+0000] {taskinstance.py:1368} INFO - 
--------------------------------------------------------------------------------
[2022-09-05T18:04:52.488+0000] {taskinstance.py:1369} INFO - Starting attempt 1 of 6
[2022-09-05T18:04:52.488+0000] {taskinstance.py:1370} INFO - 
--------------------------------------------------------------------------------
[2022-09-05T18:04:52.511+0000] {taskinstance.py:1389} INFO - Executing <Task(PythonOperator): get_name> on 2022-09-05 18:04:51.637375+00:00
[2022-09-05T18:04:52.515+0000] {standard_task_runner.py:52} INFO - Started process 3622 to run task
[2022-09-05T18:04:52.519+0000] {standard_task_runner.py:79} INFO - Running: ['***', 'tasks', 'run', 'our_dag_with_python_operator_05', 'get_name', 'manual__2022-09-05T18:04:51.637375+00:00', '--job-id', '324', '--raw', '--subdir', 'DAGS_FOLDER/create_dag_with_python_operator.py', '--cfg-path', '/tmp/tmpymn1xq28', '--error-file', '/tmp/tmp7qhbywqn']
[2022-09-05T18:04:52.520+0000] {standard_task_runner.py:80} INFO - Job 324: Subtask get_name
[2022-09-05T18:04:52.596+0000] {task_command.py:371} INFO - Running <TaskInstance: our_dag_with_python_operator_05.get_name manual__2022-09-05T18:04:51.637375+00:00 [running]> on host c033faf33c57
[2022-09-05T18:04:52.684+0000] {taskinstance.py:1583} INFO - Exporting the following env vars:
AIRFLOW_CTX_DAG_OWNER=ancordss
AIRFLOW_CTX_DAG_ID=our_dag_with_python_operator_05
AIRFLOW_CTX_TASK_ID=get_name
AIRFLOW_CTX_EXECUTION_DATE=2022-09-05T18:04:51.637375+00:00
AIRFLOW_CTX_TRY_NUMBER=1
AIRFLOW_CTX_DAG_RUN_ID=manual__2022-09-05T18:04:51.637375+00:00
[2022-09-05T18:04:52.714+0000] {python.py:173} INFO - Done. Returned value was: None
[2022-09-05T18:04:52.731+0000] {taskinstance.py:1412} INFO - Marking task as SUCCESS. dag_id=our_dag_with_python_operator_05, task_id=get_name, execution_date=20220905T180451, start_date=20220905T180452, end_date=20220905T180452
[2022-09-05T18:04:52.776+0000] {local_task_job.py:156} INFO - Task exited with return code 0
[2022-09-05T18:04:52.826+0000] {local_task_job.py:279} INFO - 1 downstream tasks scheduled from follow-on schedule check
