[2022-09-06T14:56:53.832+0000] {taskinstance.py:1171} INFO - Dependencies all met for <TaskInstance: dag_with_postgres_hooks_v01.postgres_to_s3 scheduled__2022-05-05T00:00:00+00:00 [queued]>
[2022-09-06T14:56:53.913+0000] {taskinstance.py:1171} INFO - Dependencies all met for <TaskInstance: dag_with_postgres_hooks_v01.postgres_to_s3 scheduled__2022-05-05T00:00:00+00:00 [queued]>
[2022-09-06T14:56:53.913+0000] {taskinstance.py:1368} INFO - 
--------------------------------------------------------------------------------
[2022-09-06T14:56:53.913+0000] {taskinstance.py:1369} INFO - Starting attempt 1 of 6
[2022-09-06T14:56:53.913+0000] {taskinstance.py:1370} INFO - 
--------------------------------------------------------------------------------
[2022-09-06T14:56:53.959+0000] {taskinstance.py:1389} INFO - Executing <Task(PythonOperator): postgres_to_s3> on 2022-05-05 00:00:00+00:00
[2022-09-06T14:56:53.966+0000] {standard_task_runner.py:52} INFO - Started process 305 to run task
[2022-09-06T14:56:53.976+0000] {standard_task_runner.py:79} INFO - Running: ['***', 'tasks', 'run', 'dag_with_postgres_hooks_v01', 'postgres_to_s3', 'scheduled__2022-05-05T00:00:00+00:00', '--job-id', '436', '--raw', '--subdir', 'DAGS_FOLDER/dag_with_postgres_hooks.py', '--cfg-path', '/tmp/tmpaa842uxf', '--error-file', '/tmp/tmpqljwf29c']
[2022-09-06T14:56:53.977+0000] {standard_task_runner.py:80} INFO - Job 436: Subtask postgres_to_s3
[2022-09-06T14:56:54.623+0000] {task_command.py:371} INFO - Running <TaskInstance: dag_with_postgres_hooks_v01.postgres_to_s3 scheduled__2022-05-05T00:00:00+00:00 [running]> on host 45495cb94d52
[2022-09-06T14:56:55.400+0000] {taskinstance.py:1583} INFO - Exporting the following env vars:
AIRFLOW_CTX_DAG_OWNER=James
AIRFLOW_CTX_DAG_ID=dag_with_postgres_hooks_v01
AIRFLOW_CTX_TASK_ID=postgres_to_s3
AIRFLOW_CTX_EXECUTION_DATE=2022-05-05T00:00:00+00:00
AIRFLOW_CTX_TRY_NUMBER=1
AIRFLOW_CTX_DAG_RUN_ID=scheduled__2022-05-05T00:00:00+00:00
[2022-09-06T14:56:55.478+0000] {base.py:68} INFO - Using connection ID 'postgres_localhost' for task execution.
[2022-09-06T14:56:55.497+0000] {taskinstance.py:1902} ERROR - Task failed with exception
Traceback (most recent call last):
  File "/home/airflow/.local/lib/python3.7/site-packages/airflow/operators/python.py", line 171, in execute
    return_value = self.execute_callable()
  File "/home/airflow/.local/lib/python3.7/site-packages/airflow/operators/python.py", line 189, in execute_callable
    return self.python_callable(*self.op_args, **self.op_kwargs)
  File "/opt/airflow/dags/dag_with_postgres_hooks.py", line 23, in postgres_to_s3
    with open("dags/get_orders.txt" "w") as f:
FileNotFoundError: [Errno 2] No such file or directory: 'dags/get_orders.txtw'
[2022-09-06T14:56:55.572+0000] {taskinstance.py:1412} INFO - Marking task as UP_FOR_RETRY. dag_id=dag_with_postgres_hooks_v01, task_id=postgres_to_s3, execution_date=20220505T000000, start_date=20220906T145653, end_date=20220906T145655
[2022-09-06T14:56:55.686+0000] {standard_task_runner.py:97} ERROR - Failed to execute job 436 for task postgres_to_s3 ([Errno 2] No such file or directory: 'dags/get_orders.txtw'; 305)
[2022-09-06T14:56:55.748+0000] {local_task_job.py:156} INFO - Task exited with return code 1
[2022-09-06T14:56:55.864+0000] {local_task_job.py:279} INFO - 0 downstream tasks scheduled from follow-on schedule check
[2022-09-06T14:59:48.960+0000] {taskinstance.py:1171} INFO - Dependencies all met for <TaskInstance: dag_with_postgres_hooks_v01.postgres_to_s3 scheduled__2022-05-05T00:00:00+00:00 [queued]>
[2022-09-06T14:59:48.993+0000] {taskinstance.py:1171} INFO - Dependencies all met for <TaskInstance: dag_with_postgres_hooks_v01.postgres_to_s3 scheduled__2022-05-05T00:00:00+00:00 [queued]>
[2022-09-06T14:59:48.994+0000] {taskinstance.py:1368} INFO - 
--------------------------------------------------------------------------------
[2022-09-06T14:59:48.994+0000] {taskinstance.py:1369} INFO - Starting attempt 1 of 6
[2022-09-06T14:59:48.994+0000] {taskinstance.py:1370} INFO - 
--------------------------------------------------------------------------------
[2022-09-06T14:59:49.028+0000] {taskinstance.py:1389} INFO - Executing <Task(PythonOperator): postgres_to_s3> on 2022-05-05 00:00:00+00:00
[2022-09-06T14:59:49.041+0000] {standard_task_runner.py:52} INFO - Started process 458 to run task
[2022-09-06T14:59:49.046+0000] {standard_task_runner.py:79} INFO - Running: ['***', 'tasks', 'run', 'dag_with_postgres_hooks_v01', 'postgres_to_s3', 'scheduled__2022-05-05T00:00:00+00:00', '--job-id', '451', '--raw', '--subdir', 'DAGS_FOLDER/dag_with_postgres_hooks.py', '--cfg-path', '/tmp/tmp6su_7ips', '--error-file', '/tmp/tmp3o9z7q42']
[2022-09-06T14:59:49.047+0000] {standard_task_runner.py:80} INFO - Job 451: Subtask postgres_to_s3
[2022-09-06T14:59:49.201+0000] {task_command.py:371} INFO - Running <TaskInstance: dag_with_postgres_hooks_v01.postgres_to_s3 scheduled__2022-05-05T00:00:00+00:00 [running]> on host 45495cb94d52
[2022-09-06T14:59:49.372+0000] {taskinstance.py:1583} INFO - Exporting the following env vars:
AIRFLOW_CTX_DAG_OWNER=James
AIRFLOW_CTX_DAG_ID=dag_with_postgres_hooks_v01
AIRFLOW_CTX_TASK_ID=postgres_to_s3
AIRFLOW_CTX_EXECUTION_DATE=2022-05-05T00:00:00+00:00
AIRFLOW_CTX_TRY_NUMBER=1
AIRFLOW_CTX_DAG_RUN_ID=scheduled__2022-05-05T00:00:00+00:00
[2022-09-06T14:59:49.389+0000] {base.py:68} INFO - Using connection ID 'postgres_localhost' for task execution.
[2022-09-06T14:59:49.403+0000] {dag_with_postgres_hooks.py:29} INFO - save orders data in text file get_orders.txt
[2022-09-06T14:59:49.403+0000] {python.py:173} INFO - Done. Returned value was: None
[2022-09-06T14:59:49.427+0000] {taskinstance.py:1412} INFO - Marking task as SUCCESS. dag_id=dag_with_postgres_hooks_v01, task_id=postgres_to_s3, execution_date=20220505T000000, start_date=20220906T145948, end_date=20220906T145949
[2022-09-06T14:59:49.472+0000] {local_task_job.py:156} INFO - Task exited with return code 0
[2022-09-06T14:59:49.534+0000] {local_task_job.py:279} INFO - 0 downstream tasks scheduled from follow-on schedule check
