[2022-09-02T22:44:55.290+0000] {taskinstance.py:1171} INFO - Dependencies all met for <TaskInstance: our_first_dag_v2.firs_task scheduled__2022-09-01T00:00:00+00:00 [queued]>
[2022-09-02T22:44:55.311+0000] {taskinstance.py:1171} INFO - Dependencies all met for <TaskInstance: our_first_dag_v2.firs_task scheduled__2022-09-01T00:00:00+00:00 [queued]>
[2022-09-02T22:44:55.311+0000] {taskinstance.py:1368} INFO - 
--------------------------------------------------------------------------------
[2022-09-02T22:44:55.312+0000] {taskinstance.py:1369} INFO - Starting attempt 1 of 6
[2022-09-02T22:44:55.312+0000] {taskinstance.py:1370} INFO - 
--------------------------------------------------------------------------------
[2022-09-02T22:44:55.340+0000] {taskinstance.py:1389} INFO - Executing <Task(BashOperator): firs_task> on 2022-09-01 00:00:00+00:00
[2022-09-02T22:44:55.349+0000] {standard_task_runner.py:52} INFO - Started process 1503 to run task
[2022-09-02T22:44:55.357+0000] {standard_task_runner.py:79} INFO - Running: ['***', 'tasks', 'run', 'our_first_dag_v2', 'firs_task', 'scheduled__2022-09-01T00:00:00+00:00', '--job-id', '100', '--raw', '--subdir', 'DAGS_FOLDER/out_first_dag.py', '--cfg-path', '/tmp/tmp042mq7i7', '--error-file', '/tmp/tmpgvff1z8g']
[2022-09-02T22:44:55.357+0000] {standard_task_runner.py:80} INFO - Job 100: Subtask firs_task
[2022-09-02T22:44:55.620+0000] {task_command.py:371} INFO - Running <TaskInstance: our_first_dag_v2.firs_task scheduled__2022-09-01T00:00:00+00:00 [running]> on host c033faf33c57
[2022-09-02T22:44:55.884+0000] {taskinstance.py:1583} INFO - Exporting the following env vars:
AIRFLOW_CTX_DAG_OWNER=Ancordss
AIRFLOW_CTX_DAG_ID=our_first_dag_v2
AIRFLOW_CTX_TASK_ID=firs_task
AIRFLOW_CTX_EXECUTION_DATE=2022-09-01T00:00:00+00:00
AIRFLOW_CTX_TRY_NUMBER=1
AIRFLOW_CTX_DAG_RUN_ID=scheduled__2022-09-01T00:00:00+00:00
[2022-09-02T22:44:55.886+0000] {subprocess.py:62} INFO - Tmp dir root location: 
 /tmp
[2022-09-02T22:44:55.887+0000] {subprocess.py:74} INFO - Running command: ['/bin/bash', '-c', 'echo hello world, this is the first task']
[2022-09-02T22:44:55.909+0000] {subprocess.py:85} INFO - Output:
[2022-09-02T22:44:55.913+0000] {subprocess.py:92} INFO - hello world, this is the first task
[2022-09-02T22:44:55.914+0000] {subprocess.py:96} INFO - Command exited with return code 0
[2022-09-02T22:44:56.023+0000] {taskinstance.py:1412} INFO - Marking task as SUCCESS. dag_id=our_first_dag_v2, task_id=firs_task, execution_date=20220901T000000, start_date=20220902T224455, end_date=20220902T224456
[2022-09-02T22:44:56.090+0000] {local_task_job.py:156} INFO - Task exited with return code 0
[2022-09-02T22:44:56.193+0000] {local_task_job.py:279} INFO - 1 downstream tasks scheduled from follow-on schedule check
