[2022-09-02T22:52:38.104+0000] {taskinstance.py:1171} INFO - Dependencies all met for <TaskInstance: our_first_dag_v5.firs_task scheduled__2022-08-08T00:00:00+00:00 [queued]>
[2022-09-02T22:52:38.125+0000] {taskinstance.py:1171} INFO - Dependencies all met for <TaskInstance: our_first_dag_v5.firs_task scheduled__2022-08-08T00:00:00+00:00 [queued]>
[2022-09-02T22:52:38.126+0000] {taskinstance.py:1368} INFO - 
--------------------------------------------------------------------------------
[2022-09-02T22:52:38.126+0000] {taskinstance.py:1369} INFO - Starting attempt 1 of 6
[2022-09-02T22:52:38.126+0000] {taskinstance.py:1370} INFO - 
--------------------------------------------------------------------------------
[2022-09-02T22:52:38.151+0000] {taskinstance.py:1389} INFO - Executing <Task(BashOperator): firs_task> on 2022-08-08 00:00:00+00:00
[2022-09-02T22:52:38.158+0000] {standard_task_runner.py:52} INFO - Started process 2250 to run task
[2022-09-02T22:52:38.162+0000] {standard_task_runner.py:79} INFO - Running: ['***', 'tasks', 'run', 'our_first_dag_v5', 'firs_task', 'scheduled__2022-08-08T00:00:00+00:00', '--job-id', '235', '--raw', '--subdir', 'DAGS_FOLDER/out_first_dag.py', '--cfg-path', '/tmp/tmpkozbha1k', '--error-file', '/tmp/tmpa3wvif4h']
[2022-09-02T22:52:38.163+0000] {standard_task_runner.py:80} INFO - Job 235: Subtask firs_task
[2022-09-02T22:52:38.298+0000] {task_command.py:371} INFO - Running <TaskInstance: our_first_dag_v5.firs_task scheduled__2022-08-08T00:00:00+00:00 [running]> on host c033faf33c57
[2022-09-02T22:52:38.466+0000] {taskinstance.py:1583} INFO - Exporting the following env vars:
AIRFLOW_CTX_DAG_OWNER=Ancordss
AIRFLOW_CTX_DAG_ID=our_first_dag_v5
AIRFLOW_CTX_TASK_ID=firs_task
AIRFLOW_CTX_EXECUTION_DATE=2022-08-08T00:00:00+00:00
AIRFLOW_CTX_TRY_NUMBER=1
AIRFLOW_CTX_DAG_RUN_ID=scheduled__2022-08-08T00:00:00+00:00
[2022-09-02T22:52:38.468+0000] {subprocess.py:62} INFO - Tmp dir root location: 
 /tmp
[2022-09-02T22:52:38.469+0000] {subprocess.py:74} INFO - Running command: ['/bin/bash', '-c', 'echo hello world, this is the first task']
[2022-09-02T22:52:38.506+0000] {subprocess.py:85} INFO - Output:
[2022-09-02T22:52:38.506+0000] {subprocess.py:92} INFO - hello world, this is the first task
[2022-09-02T22:52:38.507+0000] {subprocess.py:96} INFO - Command exited with return code 0
[2022-09-02T22:52:38.573+0000] {taskinstance.py:1412} INFO - Marking task as SUCCESS. dag_id=our_first_dag_v5, task_id=firs_task, execution_date=20220808T000000, start_date=20220902T225238, end_date=20220902T225238
[2022-09-02T22:52:38.623+0000] {local_task_job.py:156} INFO - Task exited with return code 0
[2022-09-02T22:52:38.709+0000] {local_task_job.py:279} INFO - 2 downstream tasks scheduled from follow-on schedule check
