[2022-09-02T22:44:30.874+0000] {taskinstance.py:1171} INFO - Dependencies all met for <TaskInstance: our_first_dag_v2.firs_task scheduled__2022-07-30T00:00:00+00:00 [queued]>
[2022-09-02T22:44:30.892+0000] {taskinstance.py:1171} INFO - Dependencies all met for <TaskInstance: our_first_dag_v2.firs_task scheduled__2022-07-30T00:00:00+00:00 [queued]>
[2022-09-02T22:44:30.892+0000] {taskinstance.py:1368} INFO - 
--------------------------------------------------------------------------------
[2022-09-02T22:44:30.892+0000] {taskinstance.py:1369} INFO - Starting attempt 1 of 6
[2022-09-02T22:44:30.893+0000] {taskinstance.py:1370} INFO - 
--------------------------------------------------------------------------------
[2022-09-02T22:44:30.918+0000] {taskinstance.py:1389} INFO - Executing <Task(BashOperator): firs_task> on 2022-07-30 00:00:00+00:00
[2022-09-02T22:44:30.929+0000] {standard_task_runner.py:52} INFO - Started process 1302 to run task
[2022-09-02T22:44:30.932+0000] {standard_task_runner.py:79} INFO - Running: ['***', 'tasks', 'run', 'our_first_dag_v2', 'firs_task', 'scheduled__2022-07-30T00:00:00+00:00', '--job-id', '38', '--raw', '--subdir', 'DAGS_FOLDER/out_first_dag.py', '--cfg-path', '/tmp/tmpipo2fmbq', '--error-file', '/tmp/tmphe20j9pp']
[2022-09-02T22:44:30.933+0000] {standard_task_runner.py:80} INFO - Job 38: Subtask firs_task
[2022-09-02T22:44:31.047+0000] {task_command.py:371} INFO - Running <TaskInstance: our_first_dag_v2.firs_task scheduled__2022-07-30T00:00:00+00:00 [running]> on host c033faf33c57
[2022-09-02T22:44:31.198+0000] {taskinstance.py:1583} INFO - Exporting the following env vars:
AIRFLOW_CTX_DAG_OWNER=Ancordss
AIRFLOW_CTX_DAG_ID=our_first_dag_v2
AIRFLOW_CTX_TASK_ID=firs_task
AIRFLOW_CTX_EXECUTION_DATE=2022-07-30T00:00:00+00:00
AIRFLOW_CTX_TRY_NUMBER=1
AIRFLOW_CTX_DAG_RUN_ID=scheduled__2022-07-30T00:00:00+00:00
[2022-09-02T22:44:31.199+0000] {subprocess.py:62} INFO - Tmp dir root location: 
 /tmp
[2022-09-02T22:44:31.200+0000] {subprocess.py:74} INFO - Running command: ['/bin/bash', '-c', 'echo hello world, this is the first task']
[2022-09-02T22:44:31.227+0000] {subprocess.py:85} INFO - Output:
[2022-09-02T22:44:31.233+0000] {subprocess.py:92} INFO - hello world, this is the first task
[2022-09-02T22:44:31.233+0000] {subprocess.py:96} INFO - Command exited with return code 0
[2022-09-02T22:44:31.316+0000] {taskinstance.py:1412} INFO - Marking task as SUCCESS. dag_id=our_first_dag_v2, task_id=firs_task, execution_date=20220730T000000, start_date=20220902T224430, end_date=20220902T224431
[2022-09-02T22:44:31.394+0000] {local_task_job.py:156} INFO - Task exited with return code 0
[2022-09-02T22:44:31.533+0000] {local_task_job.py:279} INFO - 0 downstream tasks scheduled from follow-on schedule check
