[2022-09-02T22:52:32.094+0000] {taskinstance.py:1171} INFO - Dependencies all met for <TaskInstance: our_first_dag_v5.third_task scheduled__2022-08-01T00:00:00+00:00 [queued]>
[2022-09-02T22:52:32.208+0000] {taskinstance.py:1171} INFO - Dependencies all met for <TaskInstance: our_first_dag_v5.third_task scheduled__2022-08-01T00:00:00+00:00 [queued]>
[2022-09-02T22:52:32.208+0000] {taskinstance.py:1368} INFO - 
--------------------------------------------------------------------------------
[2022-09-02T22:52:32.213+0000] {taskinstance.py:1369} INFO - Starting attempt 1 of 6
[2022-09-02T22:52:32.213+0000] {taskinstance.py:1370} INFO - 
--------------------------------------------------------------------------------
[2022-09-02T22:52:32.289+0000] {taskinstance.py:1389} INFO - Executing <Task(BashOperator): third_task> on 2022-08-01 00:00:00+00:00
[2022-09-02T22:52:32.340+0000] {standard_task_runner.py:79} INFO - Running: ['***', 'tasks', 'run', 'our_first_dag_v5', 'third_task', 'scheduled__2022-08-01T00:00:00+00:00', '--job-id', '220', '--raw', '--subdir', 'DAGS_FOLDER/out_first_dag.py', '--cfg-path', '/tmp/tmpx5wk9yuj', '--error-file', '/tmp/tmpis2fxhmq']
[2022-09-02T22:52:32.341+0000] {standard_task_runner.py:80} INFO - Job 220: Subtask third_task
[2022-09-02T22:52:32.326+0000] {standard_task_runner.py:52} INFO - Started process 2197 to run task
[2022-09-02T22:52:32.660+0000] {task_command.py:371} INFO - Running <TaskInstance: our_first_dag_v5.third_task scheduled__2022-08-01T00:00:00+00:00 [running]> on host c033faf33c57
[2022-09-02T22:52:33.001+0000] {taskinstance.py:1583} INFO - Exporting the following env vars:
AIRFLOW_CTX_DAG_OWNER=Ancordss
AIRFLOW_CTX_DAG_ID=our_first_dag_v5
AIRFLOW_CTX_TASK_ID=third_task
AIRFLOW_CTX_EXECUTION_DATE=2022-08-01T00:00:00+00:00
AIRFLOW_CTX_TRY_NUMBER=1
AIRFLOW_CTX_DAG_RUN_ID=scheduled__2022-08-01T00:00:00+00:00
[2022-09-02T22:52:33.003+0000] {subprocess.py:62} INFO - Tmp dir root location: 
 /tmp
[2022-09-02T22:52:33.006+0000] {subprocess.py:74} INFO - Running command: ['/bin/bash', '-c', 'echo hey im task 3 and will be running after task1 at the same time as task 2']
[2022-09-02T22:52:33.060+0000] {subprocess.py:85} INFO - Output:
[2022-09-02T22:52:33.067+0000] {subprocess.py:92} INFO - hey im task 3 and will be running after task1 at the same time as task 2
[2022-09-02T22:52:33.069+0000] {subprocess.py:96} INFO - Command exited with return code 0
[2022-09-02T22:52:33.220+0000] {taskinstance.py:1412} INFO - Marking task as SUCCESS. dag_id=our_first_dag_v5, task_id=third_task, execution_date=20220801T000000, start_date=20220902T225232, end_date=20220902T225233
[2022-09-02T22:52:33.383+0000] {local_task_job.py:156} INFO - Task exited with return code 0
[2022-09-02T22:52:33.542+0000] {local_task_job.py:279} INFO - 0 downstream tasks scheduled from follow-on schedule check
