[2022-09-05T18:03:53.606+0000] {taskinstance.py:1171} INFO - Dependencies all met for <TaskInstance: our_dag_with_python_operator_05.get_name manual__2022-09-05T18:03:52.656566+00:00 [queued]>
[2022-09-05T18:03:53.619+0000] {taskinstance.py:1171} INFO - Dependencies all met for <TaskInstance: our_dag_with_python_operator_05.get_name manual__2022-09-05T18:03:52.656566+00:00 [queued]>
[2022-09-05T18:03:53.619+0000] {taskinstance.py:1368} INFO - 
--------------------------------------------------------------------------------
[2022-09-05T18:03:53.619+0000] {taskinstance.py:1369} INFO - Starting attempt 1 of 6
[2022-09-05T18:03:53.620+0000] {taskinstance.py:1370} INFO - 
--------------------------------------------------------------------------------
[2022-09-05T18:03:53.639+0000] {taskinstance.py:1389} INFO - Executing <Task(PythonOperator): get_name> on 2022-09-05 18:03:52.656566+00:00
[2022-09-05T18:03:53.643+0000] {standard_task_runner.py:52} INFO - Started process 3573 to run task
[2022-09-05T18:03:53.646+0000] {standard_task_runner.py:79} INFO - Running: ['***', 'tasks', 'run', 'our_dag_with_python_operator_05', 'get_name', 'manual__2022-09-05T18:03:52.656566+00:00', '--job-id', '322', '--raw', '--subdir', 'DAGS_FOLDER/create_dag_with_python_operator.py', '--cfg-path', '/tmp/tmpd86q89db', '--error-file', '/tmp/tmpj0dhqykx']
[2022-09-05T18:03:53.647+0000] {standard_task_runner.py:80} INFO - Job 322: Subtask get_name
[2022-09-05T18:03:53.726+0000] {task_command.py:371} INFO - Running <TaskInstance: our_dag_with_python_operator_05.get_name manual__2022-09-05T18:03:52.656566+00:00 [running]> on host c033faf33c57
[2022-09-05T18:03:53.818+0000] {taskinstance.py:1583} INFO - Exporting the following env vars:
AIRFLOW_CTX_DAG_OWNER=ancordss
AIRFLOW_CTX_DAG_ID=our_dag_with_python_operator_05
AIRFLOW_CTX_TASK_ID=get_name
AIRFLOW_CTX_EXECUTION_DATE=2022-09-05T18:03:52.656566+00:00
AIRFLOW_CTX_TRY_NUMBER=1
AIRFLOW_CTX_DAG_RUN_ID=manual__2022-09-05T18:03:52.656566+00:00
[2022-09-05T18:03:53.849+0000] {python.py:173} INFO - Done. Returned value was: None
[2022-09-05T18:03:53.867+0000] {taskinstance.py:1412} INFO - Marking task as SUCCESS. dag_id=our_dag_with_python_operator_05, task_id=get_name, execution_date=20220905T180352, start_date=20220905T180353, end_date=20220905T180353
[2022-09-05T18:03:53.904+0000] {local_task_job.py:156} INFO - Task exited with return code 0
[2022-09-05T18:03:53.947+0000] {local_task_job.py:279} INFO - 1 downstream tasks scheduled from follow-on schedule check
