[2022-09-05T18:16:36.689+0000] {taskinstance.py:1171} INFO - Dependencies all met for <TaskInstance: our_dag_with_python_operator_06.get_age manual__2022-09-05T18:16:35.345463+00:00 [queued]>
[2022-09-05T18:16:36.707+0000] {taskinstance.py:1171} INFO - Dependencies all met for <TaskInstance: our_dag_with_python_operator_06.get_age manual__2022-09-05T18:16:35.345463+00:00 [queued]>
[2022-09-05T18:16:36.708+0000] {taskinstance.py:1368} INFO - 
--------------------------------------------------------------------------------
[2022-09-05T18:16:36.708+0000] {taskinstance.py:1369} INFO - Starting attempt 1 of 6
[2022-09-05T18:16:36.708+0000] {taskinstance.py:1370} INFO - 
--------------------------------------------------------------------------------
[2022-09-05T18:16:36.731+0000] {taskinstance.py:1389} INFO - Executing <Task(PythonOperator): get_age> on 2022-09-05 18:16:35.345463+00:00
[2022-09-05T18:16:36.736+0000] {standard_task_runner.py:52} INFO - Started process 4183 to run task
[2022-09-05T18:16:36.739+0000] {standard_task_runner.py:79} INFO - Running: ['***', 'tasks', 'run', 'our_dag_with_python_operator_06', 'get_age', 'manual__2022-09-05T18:16:35.345463+00:00', '--job-id', '339', '--raw', '--subdir', 'DAGS_FOLDER/create_dag_with_python_operator.py', '--cfg-path', '/tmp/tmpkdqzjipg', '--error-file', '/tmp/tmpvocv9odk']
[2022-09-05T18:16:36.740+0000] {standard_task_runner.py:80} INFO - Job 339: Subtask get_age
[2022-09-05T18:16:36.832+0000] {task_command.py:371} INFO - Running <TaskInstance: our_dag_with_python_operator_06.get_age manual__2022-09-05T18:16:35.345463+00:00 [running]> on host c033faf33c57
[2022-09-05T18:16:36.935+0000] {taskinstance.py:1583} INFO - Exporting the following env vars:
AIRFLOW_CTX_DAG_OWNER=ancordss
AIRFLOW_CTX_DAG_ID=our_dag_with_python_operator_06
AIRFLOW_CTX_TASK_ID=get_age
AIRFLOW_CTX_EXECUTION_DATE=2022-09-05T18:16:35.345463+00:00
AIRFLOW_CTX_TRY_NUMBER=1
AIRFLOW_CTX_DAG_RUN_ID=manual__2022-09-05T18:16:35.345463+00:00
[2022-09-05T18:16:36.954+0000] {python.py:173} INFO - Done. Returned value was: None
[2022-09-05T18:16:36.972+0000] {taskinstance.py:1412} INFO - Marking task as SUCCESS. dag_id=our_dag_with_python_operator_06, task_id=get_age, execution_date=20220905T181635, start_date=20220905T181636, end_date=20220905T181636
[2022-09-05T18:16:36.996+0000] {local_task_job.py:156} INFO - Task exited with return code 0
[2022-09-05T18:16:37.045+0000] {local_task_job.py:279} INFO - 0 downstream tasks scheduled from follow-on schedule check
