[2022-09-06T14:56:57.304+0000] {taskinstance.py:1171} INFO - Dependencies all met for <TaskInstance: dag_with_postgres_hooks_v01.postgres_to_s3 scheduled__2022-05-04T00:00:00+00:00 [queued]>
[2022-09-06T14:56:57.415+0000] {taskinstance.py:1171} INFO - Dependencies all met for <TaskInstance: dag_with_postgres_hooks_v01.postgres_to_s3 scheduled__2022-05-04T00:00:00+00:00 [queued]>
[2022-09-06T14:56:57.416+0000] {taskinstance.py:1368} INFO - 
--------------------------------------------------------------------------------
[2022-09-06T14:56:57.416+0000] {taskinstance.py:1369} INFO - Starting attempt 1 of 6
[2022-09-06T14:56:57.416+0000] {taskinstance.py:1370} INFO - 
--------------------------------------------------------------------------------
[2022-09-06T14:56:57.461+0000] {taskinstance.py:1389} INFO - Executing <Task(PythonOperator): postgres_to_s3> on 2022-05-04 00:00:00+00:00
[2022-09-06T14:56:57.471+0000] {standard_task_runner.py:52} INFO - Started process 317 to run task
[2022-09-06T14:56:57.476+0000] {standard_task_runner.py:79} INFO - Running: ['***', 'tasks', 'run', 'dag_with_postgres_hooks_v01', 'postgres_to_s3', 'scheduled__2022-05-04T00:00:00+00:00', '--job-id', '445', '--raw', '--subdir', 'DAGS_FOLDER/dag_with_postgres_hooks.py', '--cfg-path', '/tmp/tmp883ypuhw', '--error-file', '/tmp/tmpetok38ga']
[2022-09-06T14:56:57.477+0000] {standard_task_runner.py:80} INFO - Job 445: Subtask postgres_to_s3
[2022-09-06T14:56:57.633+0000] {task_command.py:371} INFO - Running <TaskInstance: dag_with_postgres_hooks_v01.postgres_to_s3 scheduled__2022-05-04T00:00:00+00:00 [running]> on host 45495cb94d52
[2022-09-06T14:56:57.929+0000] {taskinstance.py:1583} INFO - Exporting the following env vars:
AIRFLOW_CTX_DAG_OWNER=James
AIRFLOW_CTX_DAG_ID=dag_with_postgres_hooks_v01
AIRFLOW_CTX_TASK_ID=postgres_to_s3
AIRFLOW_CTX_EXECUTION_DATE=2022-05-04T00:00:00+00:00
AIRFLOW_CTX_TRY_NUMBER=1
AIRFLOW_CTX_DAG_RUN_ID=scheduled__2022-05-04T00:00:00+00:00
[2022-09-06T14:56:58.027+0000] {base.py:68} INFO - Using connection ID 'postgres_localhost' for task execution.
[2022-09-06T14:56:58.064+0000] {taskinstance.py:1902} ERROR - Task failed with exception
Traceback (most recent call last):
  File "/home/airflow/.local/lib/python3.7/site-packages/airflow/operators/python.py", line 171, in execute
    return_value = self.execute_callable()
  File "/home/airflow/.local/lib/python3.7/site-packages/airflow/operators/python.py", line 189, in execute_callable
    return self.python_callable(*self.op_args, **self.op_kwargs)
  File "/opt/airflow/dags/dag_with_postgres_hooks.py", line 23, in postgres_to_s3
    with open("dags/get_orders.txt" "w") as f:
FileNotFoundError: [Errno 2] No such file or directory: 'dags/get_orders.txtw'
[2022-09-06T14:56:58.136+0000] {taskinstance.py:1412} INFO - Marking task as UP_FOR_RETRY. dag_id=dag_with_postgres_hooks_v01, task_id=postgres_to_s3, execution_date=20220504T000000, start_date=20220906T145657, end_date=20220906T145658
[2022-09-06T14:56:58.172+0000] {standard_task_runner.py:97} ERROR - Failed to execute job 445 for task postgres_to_s3 ([Errno 2] No such file or directory: 'dags/get_orders.txtw'; 317)
[2022-09-06T14:56:58.250+0000] {local_task_job.py:156} INFO - Task exited with return code 1
[2022-09-06T14:56:58.306+0000] {local_task_job.py:279} INFO - 0 downstream tasks scheduled from follow-on schedule check
[2022-09-06T14:59:48.692+0000] {taskinstance.py:1171} INFO - Dependencies all met for <TaskInstance: dag_with_postgres_hooks_v01.postgres_to_s3 scheduled__2022-05-04T00:00:00+00:00 [queued]>
[2022-09-06T14:59:48.714+0000] {taskinstance.py:1171} INFO - Dependencies all met for <TaskInstance: dag_with_postgres_hooks_v01.postgres_to_s3 scheduled__2022-05-04T00:00:00+00:00 [queued]>
[2022-09-06T14:59:48.715+0000] {taskinstance.py:1368} INFO - 
--------------------------------------------------------------------------------
[2022-09-06T14:59:48.715+0000] {taskinstance.py:1369} INFO - Starting attempt 1 of 6
[2022-09-06T14:59:48.715+0000] {taskinstance.py:1370} INFO - 
--------------------------------------------------------------------------------
[2022-09-06T14:59:48.745+0000] {taskinstance.py:1389} INFO - Executing <Task(PythonOperator): postgres_to_s3> on 2022-05-04 00:00:00+00:00
[2022-09-06T14:59:48.753+0000] {standard_task_runner.py:52} INFO - Started process 457 to run task
[2022-09-06T14:59:48.756+0000] {standard_task_runner.py:79} INFO - Running: ['***', 'tasks', 'run', 'dag_with_postgres_hooks_v01', 'postgres_to_s3', 'scheduled__2022-05-04T00:00:00+00:00', '--job-id', '450', '--raw', '--subdir', 'DAGS_FOLDER/dag_with_postgres_hooks.py', '--cfg-path', '/tmp/tmpy63s9jz9', '--error-file', '/tmp/tmp0h8sygt9']
[2022-09-06T14:59:48.757+0000] {standard_task_runner.py:80} INFO - Job 450: Subtask postgres_to_s3
[2022-09-06T14:59:48.919+0000] {task_command.py:371} INFO - Running <TaskInstance: dag_with_postgres_hooks_v01.postgres_to_s3 scheduled__2022-05-04T00:00:00+00:00 [running]> on host 45495cb94d52
[2022-09-06T14:59:49.104+0000] {taskinstance.py:1583} INFO - Exporting the following env vars:
AIRFLOW_CTX_DAG_OWNER=James
AIRFLOW_CTX_DAG_ID=dag_with_postgres_hooks_v01
AIRFLOW_CTX_TASK_ID=postgres_to_s3
AIRFLOW_CTX_EXECUTION_DATE=2022-05-04T00:00:00+00:00
AIRFLOW_CTX_TRY_NUMBER=1
AIRFLOW_CTX_DAG_RUN_ID=scheduled__2022-05-04T00:00:00+00:00
[2022-09-06T14:59:49.119+0000] {base.py:68} INFO - Using connection ID 'postgres_localhost' for task execution.
[2022-09-06T14:59:49.132+0000] {dag_with_postgres_hooks.py:29} INFO - save orders data in text file get_orders.txt
[2022-09-06T14:59:49.133+0000] {python.py:173} INFO - Done. Returned value was: None
[2022-09-06T14:59:49.165+0000] {taskinstance.py:1412} INFO - Marking task as SUCCESS. dag_id=dag_with_postgres_hooks_v01, task_id=postgres_to_s3, execution_date=20220504T000000, start_date=20220906T145948, end_date=20220906T145949
[2022-09-06T14:59:49.228+0000] {local_task_job.py:156} INFO - Task exited with return code 0
[2022-09-06T14:59:49.314+0000] {local_task_job.py:279} INFO - 0 downstream tasks scheduled from follow-on schedule check
