[2022-09-05T18:09:51.886+0000] {taskinstance.py:1171} INFO - Dependencies all met for <TaskInstance: our_dag_with_python_operator_06.greet scheduled__2022-09-04T00:00:00+00:00 [queued]>
[2022-09-05T18:09:51.904+0000] {taskinstance.py:1171} INFO - Dependencies all met for <TaskInstance: our_dag_with_python_operator_06.greet scheduled__2022-09-04T00:00:00+00:00 [queued]>
[2022-09-05T18:09:51.905+0000] {taskinstance.py:1368} INFO - 
--------------------------------------------------------------------------------
[2022-09-05T18:09:51.905+0000] {taskinstance.py:1369} INFO - Starting attempt 1 of 6
[2022-09-05T18:09:51.905+0000] {taskinstance.py:1370} INFO - 
--------------------------------------------------------------------------------
[2022-09-05T18:09:51.924+0000] {taskinstance.py:1389} INFO - Executing <Task(PythonOperator): greet> on 2022-09-04 00:00:00+00:00
[2022-09-05T18:09:51.928+0000] {standard_task_runner.py:52} INFO - Started process 3862 to run task
[2022-09-05T18:09:51.932+0000] {standard_task_runner.py:79} INFO - Running: ['***', 'tasks', 'run', 'our_dag_with_python_operator_06', 'greet', 'scheduled__2022-09-04T00:00:00+00:00', '--job-id', '333', '--raw', '--subdir', 'DAGS_FOLDER/create_dag_with_python_operator.py', '--cfg-path', '/tmp/tmppi2oq9pl', '--error-file', '/tmp/tmp8v_k86y5']
[2022-09-05T18:09:51.932+0000] {standard_task_runner.py:80} INFO - Job 333: Subtask greet
[2022-09-05T18:09:52.010+0000] {task_command.py:371} INFO - Running <TaskInstance: our_dag_with_python_operator_06.greet scheduled__2022-09-04T00:00:00+00:00 [running]> on host c033faf33c57
[2022-09-05T18:09:52.102+0000] {taskinstance.py:1583} INFO - Exporting the following env vars:
AIRFLOW_CTX_DAG_OWNER=ancordss
AIRFLOW_CTX_DAG_ID=our_dag_with_python_operator_06
AIRFLOW_CTX_TASK_ID=greet
AIRFLOW_CTX_EXECUTION_DATE=2022-09-04T00:00:00+00:00
AIRFLOW_CTX_TRY_NUMBER=1
AIRFLOW_CTX_DAG_RUN_ID=scheduled__2022-09-04T00:00:00+00:00
[2022-09-05T18:09:52.103+0000] {taskinstance.py:1902} ERROR - Task failed with exception
Traceback (most recent call last):
  File "/home/airflow/.local/lib/python3.7/site-packages/airflow/operators/python.py", line 171, in execute
    return_value = self.execute_callable()
  File "/home/airflow/.local/lib/python3.7/site-packages/airflow/operators/python.py", line 189, in execute_callable
    return self.python_callable(*self.op_args, **self.op_kwargs)
TypeError: greet() missing 1 required positional argument: 'age'
[2022-09-05T18:09:52.115+0000] {taskinstance.py:1412} INFO - Marking task as UP_FOR_RETRY. dag_id=our_dag_with_python_operator_06, task_id=greet, execution_date=20220904T000000, start_date=20220905T180951, end_date=20220905T180952
[2022-09-05T18:09:52.129+0000] {standard_task_runner.py:97} ERROR - Failed to execute job 333 for task greet (greet() missing 1 required positional argument: 'age'; 3862)
[2022-09-05T18:09:52.147+0000] {local_task_job.py:156} INFO - Task exited with return code 1
[2022-09-05T18:09:52.189+0000] {local_task_job.py:279} INFO - 0 downstream tasks scheduled from follow-on schedule check
