[2022-09-05T19:54:57.617+0000] {taskinstance.py:1171} INFO - Dependencies all met for <TaskInstance: dag_with_catchuo_backfill_v01.task1 scheduled__2022-09-03T00:00:00+00:00 [queued]>
[2022-09-05T19:54:58.478+0000] {taskinstance.py:1171} INFO - Dependencies all met for <TaskInstance: dag_with_catchuo_backfill_v01.task1 scheduled__2022-09-03T00:00:00+00:00 [queued]>
[2022-09-05T19:54:58.478+0000] {taskinstance.py:1368} INFO - 
--------------------------------------------------------------------------------
[2022-09-05T19:54:58.479+0000] {taskinstance.py:1369} INFO - Starting attempt 1 of 6
[2022-09-05T19:54:58.479+0000] {taskinstance.py:1370} INFO - 
--------------------------------------------------------------------------------
[2022-09-05T19:54:58.797+0000] {taskinstance.py:1389} INFO - Executing <Task(BashOperator): task1> on 2022-09-03 00:00:00+00:00
[2022-09-05T19:54:58.802+0000] {standard_task_runner.py:52} INFO - Started process 8635 to run task
[2022-09-05T19:54:58.815+0000] {standard_task_runner.py:79} INFO - Running: ['***', 'tasks', 'run', 'dag_with_catchuo_backfill_v01', 'task1', 'scheduled__2022-09-03T00:00:00+00:00', '--job-id', '361', '--raw', '--subdir', 'DAGS_FOLDER/dag_with_catchup_and_blackfill.py', '--cfg-path', '/tmp/tmp2dta_cq0', '--error-file', '/tmp/tmpfr1yry2v']
[2022-09-05T19:54:58.815+0000] {standard_task_runner.py:80} INFO - Job 361: Subtask task1
[2022-09-05T19:54:59.333+0000] {task_command.py:371} INFO - Running <TaskInstance: dag_with_catchuo_backfill_v01.task1 scheduled__2022-09-03T00:00:00+00:00 [running]> on host c033faf33c57
[2022-09-05T19:55:00.432+0000] {taskinstance.py:1583} INFO - Exporting the following env vars:
AIRFLOW_CTX_DAG_OWNER=Ancordss
AIRFLOW_CTX_DAG_ID=dag_with_catchuo_backfill_v01
AIRFLOW_CTX_TASK_ID=task1
AIRFLOW_CTX_EXECUTION_DATE=2022-09-03T00:00:00+00:00
AIRFLOW_CTX_TRY_NUMBER=1
AIRFLOW_CTX_DAG_RUN_ID=scheduled__2022-09-03T00:00:00+00:00
[2022-09-05T19:55:00.589+0000] {subprocess.py:62} INFO - Tmp dir root location: 
 /tmp
[2022-09-05T19:55:00.599+0000] {subprocess.py:74} INFO - Running command: ['/bin/bash', '-c', 'echo this is a simple bash command!']
[2022-09-05T19:55:00.658+0000] {subprocess.py:85} INFO - Output:
[2022-09-05T19:55:00.660+0000] {subprocess.py:92} INFO - this is a simple bash command!
[2022-09-05T19:55:00.671+0000] {subprocess.py:96} INFO - Command exited with return code 0
[2022-09-05T19:55:01.045+0000] {taskinstance.py:1412} INFO - Marking task as SUCCESS. dag_id=dag_with_catchuo_backfill_v01, task_id=task1, execution_date=20220903T000000, start_date=20220905T195458, end_date=20220905T195501
[2022-09-05T19:55:01.517+0000] {local_task_job.py:156} INFO - Task exited with return code 0
[2022-09-05T19:55:01.860+0000] {local_task_job.py:279} INFO - 0 downstream tasks scheduled from follow-on schedule check
[2022-09-05T19:55:02.044+0000] {dagrun.py:567} INFO - Marking run <DagRun dag_with_catchuo_backfill_v01 @ 2022-09-03 00:00:00+00:00: scheduled__2022-09-03T00:00:00+00:00, state:running, queued_at: 2022-09-05 19:53:58.401346+00:00. externally triggered: False> successful
[2022-09-05T19:55:02.072+0000] {dagrun.py:627} INFO - DagRun Finished: dag_id=dag_with_catchuo_backfill_v01, execution_date=2022-09-03 00:00:00+00:00, run_id=scheduled__2022-09-03T00:00:00+00:00, run_start_date=2022-09-05 19:53:58.428002+00:00, run_end_date=2022-09-05 19:55:02.046562+00:00, run_duration=63.61856, state=success, external_trigger=False, run_type=scheduled, data_interval_start=2022-09-03 00:00:00+00:00, data_interval_end=2022-09-04 00:00:00+00:00, dag_hash=f221b8a8a61e5978cb91b27c1319c39d
