[2022-09-05T18:31:55.773+0000] {taskinstance.py:1171} INFO - Dependencies all met for <TaskInstance: dag_with_tasklow_api_v01.get_name scheduled__2022-09-04T00:00:00+00:00 [queued]>
[2022-09-05T18:31:55.790+0000] {taskinstance.py:1171} INFO - Dependencies all met for <TaskInstance: dag_with_tasklow_api_v01.get_name scheduled__2022-09-04T00:00:00+00:00 [queued]>
[2022-09-05T18:31:55.791+0000] {taskinstance.py:1368} INFO - 
--------------------------------------------------------------------------------
[2022-09-05T18:31:55.791+0000] {taskinstance.py:1369} INFO - Starting attempt 1 of 6
[2022-09-05T18:31:55.791+0000] {taskinstance.py:1370} INFO - 
--------------------------------------------------------------------------------
[2022-09-05T18:31:55.813+0000] {taskinstance.py:1389} INFO - Executing <Task(_PythonDecoratedOperator): get_name> on 2022-09-04 00:00:00+00:00
[2022-09-05T18:31:55.820+0000] {standard_task_runner.py:52} INFO - Started process 4875 to run task
[2022-09-05T18:31:55.824+0000] {standard_task_runner.py:79} INFO - Running: ['***', 'tasks', 'run', 'dag_with_tasklow_api_v01', 'get_name', 'scheduled__2022-09-04T00:00:00+00:00', '--job-id', '345', '--raw', '--subdir', 'DAGS_FOLDER/dag_with_taskflow_api.py', '--cfg-path', '/tmp/tmplqmc0z5k', '--error-file', '/tmp/tmpsq7suks8']
[2022-09-05T18:31:55.825+0000] {standard_task_runner.py:80} INFO - Job 345: Subtask get_name
[2022-09-05T18:31:55.908+0000] {task_command.py:371} INFO - Running <TaskInstance: dag_with_tasklow_api_v01.get_name scheduled__2022-09-04T00:00:00+00:00 [running]> on host c033faf33c57
[2022-09-05T18:31:56.005+0000] {taskinstance.py:1583} INFO - Exporting the following env vars:
AIRFLOW_CTX_DAG_OWNER=Ancordss
AIRFLOW_CTX_DAG_ID=dag_with_tasklow_api_v01
AIRFLOW_CTX_TASK_ID=get_name
AIRFLOW_CTX_EXECUTION_DATE=2022-09-04T00:00:00+00:00
AIRFLOW_CTX_TRY_NUMBER=1
AIRFLOW_CTX_DAG_RUN_ID=scheduled__2022-09-04T00:00:00+00:00
[2022-09-05T18:31:56.005+0000] {python.py:173} INFO - Done. Returned value was: james
[2022-09-05T18:31:56.038+0000] {taskinstance.py:1412} INFO - Marking task as SUCCESS. dag_id=dag_with_tasklow_api_v01, task_id=get_name, execution_date=20220904T000000, start_date=20220905T183155, end_date=20220905T183156
[2022-09-05T18:31:56.084+0000] {local_task_job.py:156} INFO - Task exited with return code 0
[2022-09-05T18:31:56.124+0000] {local_task_job.py:279} INFO - 0 downstream tasks scheduled from follow-on schedule check
