[2022-09-02T22:53:00.034+0000] {taskinstance.py:1171} INFO - Dependencies all met for <TaskInstance: our_first_dag_v5.third_task scheduled__2022-08-29T00:00:00+00:00 [queued]>
[2022-09-02T22:53:00.071+0000] {taskinstance.py:1171} INFO - Dependencies all met for <TaskInstance: our_first_dag_v5.third_task scheduled__2022-08-29T00:00:00+00:00 [queued]>
[2022-09-02T22:53:00.071+0000] {taskinstance.py:1368} INFO - 
--------------------------------------------------------------------------------
[2022-09-02T22:53:00.072+0000] {taskinstance.py:1369} INFO - Starting attempt 1 of 6
[2022-09-02T22:53:00.072+0000] {taskinstance.py:1370} INFO - 
--------------------------------------------------------------------------------
[2022-09-02T22:53:00.102+0000] {taskinstance.py:1389} INFO - Executing <Task(BashOperator): third_task> on 2022-08-29 00:00:00+00:00
[2022-09-02T22:53:00.120+0000] {standard_task_runner.py:52} INFO - Started process 2456 to run task
[2022-09-02T22:53:00.126+0000] {standard_task_runner.py:79} INFO - Running: ['***', 'tasks', 'run', 'our_first_dag_v5', 'third_task', 'scheduled__2022-08-29T00:00:00+00:00', '--job-id', '301', '--raw', '--subdir', 'DAGS_FOLDER/out_first_dag.py', '--cfg-path', '/tmp/tmp3n39_ql9', '--error-file', '/tmp/tmpvkbtnsc5']
[2022-09-02T22:53:00.127+0000] {standard_task_runner.py:80} INFO - Job 301: Subtask third_task
[2022-09-02T22:53:00.256+0000] {task_command.py:371} INFO - Running <TaskInstance: our_first_dag_v5.third_task scheduled__2022-08-29T00:00:00+00:00 [running]> on host c033faf33c57
[2022-09-02T22:53:00.472+0000] {taskinstance.py:1583} INFO - Exporting the following env vars:
AIRFLOW_CTX_DAG_OWNER=Ancordss
AIRFLOW_CTX_DAG_ID=our_first_dag_v5
AIRFLOW_CTX_TASK_ID=third_task
AIRFLOW_CTX_EXECUTION_DATE=2022-08-29T00:00:00+00:00
AIRFLOW_CTX_TRY_NUMBER=1
AIRFLOW_CTX_DAG_RUN_ID=scheduled__2022-08-29T00:00:00+00:00
[2022-09-02T22:53:00.473+0000] {subprocess.py:62} INFO - Tmp dir root location: 
 /tmp
[2022-09-02T22:53:00.474+0000] {subprocess.py:74} INFO - Running command: ['/bin/bash', '-c', 'echo hey im task 3 and will be running after task1 at the same time as task 2']
[2022-09-02T22:53:00.505+0000] {subprocess.py:85} INFO - Output:
[2022-09-02T22:53:00.508+0000] {subprocess.py:92} INFO - hey im task 3 and will be running after task1 at the same time as task 2
[2022-09-02T22:53:00.509+0000] {subprocess.py:96} INFO - Command exited with return code 0
[2022-09-02T22:53:00.574+0000] {taskinstance.py:1412} INFO - Marking task as SUCCESS. dag_id=our_first_dag_v5, task_id=third_task, execution_date=20220829T000000, start_date=20220902T225300, end_date=20220902T225300
[2022-09-02T22:53:00.641+0000] {local_task_job.py:156} INFO - Task exited with return code 0
[2022-09-02T22:53:00.699+0000] {local_task_job.py:279} INFO - 0 downstream tasks scheduled from follow-on schedule check
