[2022-09-02T22:39:11.485+0000] {taskinstance.py:1171} INFO - Dependencies all met for <TaskInstance: our_first_dag.firs_task manual__2022-09-02T22:39:10.473942+00:00 [queued]>
[2022-09-02T22:39:11.501+0000] {taskinstance.py:1171} INFO - Dependencies all met for <TaskInstance: our_first_dag.firs_task manual__2022-09-02T22:39:10.473942+00:00 [queued]>
[2022-09-02T22:39:11.502+0000] {taskinstance.py:1368} INFO - 
--------------------------------------------------------------------------------
[2022-09-02T22:39:11.502+0000] {taskinstance.py:1369} INFO - Starting attempt 1 of 6
[2022-09-02T22:39:11.502+0000] {taskinstance.py:1370} INFO - 
--------------------------------------------------------------------------------
[2022-09-02T22:39:11.523+0000] {taskinstance.py:1389} INFO - Executing <Task(BashOperator): firs_task> on 2022-09-02 22:39:10.473942+00:00
[2022-09-02T22:39:11.529+0000] {standard_task_runner.py:52} INFO - Started process 1054 to run task
[2022-09-02T22:39:11.533+0000] {standard_task_runner.py:79} INFO - Running: ['***', 'tasks', 'run', 'our_first_dag', 'firs_task', 'manual__2022-09-02T22:39:10.473942+00:00', '--job-id', '37', '--raw', '--subdir', 'DAGS_FOLDER/out_first_dag.py', '--cfg-path', '/tmp/tmpewh9v3el', '--error-file', '/tmp/tmp5auohh28']
[2022-09-02T22:39:11.534+0000] {standard_task_runner.py:80} INFO - Job 37: Subtask firs_task
[2022-09-02T22:39:11.629+0000] {task_command.py:371} INFO - Running <TaskInstance: our_first_dag.firs_task manual__2022-09-02T22:39:10.473942+00:00 [running]> on host c033faf33c57
[2022-09-02T22:39:11.765+0000] {taskinstance.py:1583} INFO - Exporting the following env vars:
AIRFLOW_CTX_DAG_OWNER=Ancordss
AIRFLOW_CTX_DAG_ID=our_first_dag
AIRFLOW_CTX_TASK_ID=firs_task
AIRFLOW_CTX_EXECUTION_DATE=2022-09-02T22:39:10.473942+00:00
AIRFLOW_CTX_TRY_NUMBER=1
AIRFLOW_CTX_DAG_RUN_ID=manual__2022-09-02T22:39:10.473942+00:00
[2022-09-02T22:39:11.767+0000] {subprocess.py:62} INFO - Tmp dir root location: 
 /tmp
[2022-09-02T22:39:11.768+0000] {subprocess.py:74} INFO - Running command: ['/bin/bash', '-c', 'echo hello world, this is the first task']
[2022-09-02T22:39:11.786+0000] {subprocess.py:85} INFO - Output:
[2022-09-02T22:39:11.789+0000] {subprocess.py:92} INFO - hello world, this is the first task
[2022-09-02T22:39:11.790+0000] {subprocess.py:96} INFO - Command exited with return code 0
[2022-09-02T22:39:11.834+0000] {taskinstance.py:1412} INFO - Marking task as SUCCESS. dag_id=our_first_dag, task_id=firs_task, execution_date=20220902T223910, start_date=20220902T223911, end_date=20220902T223911
[2022-09-02T22:39:11.871+0000] {local_task_job.py:156} INFO - Task exited with return code 0
[2022-09-02T22:39:11.917+0000] {local_task_job.py:279} INFO - 0 downstream tasks scheduled from follow-on schedule check
