[2022-09-05T20:11:49.642+0000] {taskinstance.py:1171} INFO - Dependencies all met for <TaskInstance: dag_with_cron_expression_v01.task1 scheduled__2022-09-02T00:00:00+00:00 [queued]>
[2022-09-05T20:11:49.663+0000] {taskinstance.py:1171} INFO - Dependencies all met for <TaskInstance: dag_with_cron_expression_v01.task1 scheduled__2022-09-02T00:00:00+00:00 [queued]>
[2022-09-05T20:11:49.664+0000] {taskinstance.py:1368} INFO - 
--------------------------------------------------------------------------------
[2022-09-05T20:11:49.664+0000] {taskinstance.py:1369} INFO - Starting attempt 1 of 6
[2022-09-05T20:11:49.664+0000] {taskinstance.py:1370} INFO - 
--------------------------------------------------------------------------------
[2022-09-05T20:11:49.693+0000] {taskinstance.py:1389} INFO - Executing <Task(BashOperator): task1> on 2022-09-02 00:00:00+00:00
[2022-09-05T20:11:49.698+0000] {standard_task_runner.py:52} INFO - Started process 9420 to run task
[2022-09-05T20:11:49.705+0000] {standard_task_runner.py:79} INFO - Running: ['***', 'tasks', 'run', 'dag_with_cron_expression_v01', 'task1', 'scheduled__2022-09-02T00:00:00+00:00', '--job-id', '369', '--raw', '--subdir', 'DAGS_FOLDER/dag_with_cron_expression.py', '--cfg-path', '/tmp/tmpv9xhq976', '--error-file', '/tmp/tmpg9c33dwu']
[2022-09-05T20:11:49.706+0000] {standard_task_runner.py:80} INFO - Job 369: Subtask task1
[2022-09-05T20:11:49.820+0000] {task_command.py:371} INFO - Running <TaskInstance: dag_with_cron_expression_v01.task1 scheduled__2022-09-02T00:00:00+00:00 [running]> on host c033faf33c57
[2022-09-05T20:11:49.942+0000] {taskinstance.py:1583} INFO - Exporting the following env vars:
AIRFLOW_CTX_DAG_OWNER=ancordss
AIRFLOW_CTX_DAG_ID=dag_with_cron_expression_v01
AIRFLOW_CTX_TASK_ID=task1
AIRFLOW_CTX_EXECUTION_DATE=2022-09-02T00:00:00+00:00
AIRFLOW_CTX_TRY_NUMBER=1
AIRFLOW_CTX_DAG_RUN_ID=scheduled__2022-09-02T00:00:00+00:00
[2022-09-05T20:11:49.943+0000] {subprocess.py:62} INFO - Tmp dir root location: 
 /tmp
[2022-09-05T20:11:49.944+0000] {subprocess.py:74} INFO - Running command: ['/bin/bash', '-c', 'echo dag with cron expression!']
[2022-09-05T20:11:49.965+0000] {subprocess.py:85} INFO - Output:
[2022-09-05T20:11:49.968+0000] {subprocess.py:92} INFO - dag with cron expression!
[2022-09-05T20:11:49.969+0000] {subprocess.py:96} INFO - Command exited with return code 0
[2022-09-05T20:11:50.036+0000] {taskinstance.py:1412} INFO - Marking task as SUCCESS. dag_id=dag_with_cron_expression_v01, task_id=task1, execution_date=20220902T000000, start_date=20220905T201149, end_date=20220905T201150
[2022-09-05T20:11:50.083+0000] {local_task_job.py:156} INFO - Task exited with return code 0
[2022-09-05T20:11:50.154+0000] {local_task_job.py:279} INFO - 0 downstream tasks scheduled from follow-on schedule check
