[2022-09-02T22:48:41.765+0000] {taskinstance.py:1171} INFO - Dependencies all met for <TaskInstance: our_first_dag_v3.second_task scheduled__2022-08-12T00:00:00+00:00 [queued]>
[2022-09-02T22:48:41.801+0000] {taskinstance.py:1171} INFO - Dependencies all met for <TaskInstance: our_first_dag_v3.second_task scheduled__2022-08-12T00:00:00+00:00 [queued]>
[2022-09-02T22:48:41.801+0000] {taskinstance.py:1368} INFO - 
--------------------------------------------------------------------------------
[2022-09-02T22:48:41.802+0000] {taskinstance.py:1369} INFO - Starting attempt 1 of 6
[2022-09-02T22:48:41.802+0000] {taskinstance.py:1370} INFO - 
--------------------------------------------------------------------------------
[2022-09-02T22:48:41.858+0000] {taskinstance.py:1389} INFO - Executing <Task(BashOperator): second_task> on 2022-08-12 00:00:00+00:00
[2022-09-02T22:48:41.878+0000] {standard_task_runner.py:52} INFO - Started process 1812 to run task
[2022-09-02T22:48:41.890+0000] {standard_task_runner.py:79} INFO - Running: ['***', 'tasks', 'run', 'our_first_dag_v3', 'second_task', 'scheduled__2022-08-12T00:00:00+00:00', '--job-id', '149', '--raw', '--subdir', 'DAGS_FOLDER/out_first_dag.py', '--cfg-path', '/tmp/tmpg3bv8v4c', '--error-file', '/tmp/tmpsf7dyjp7']
[2022-09-02T22:48:41.890+0000] {standard_task_runner.py:80} INFO - Job 149: Subtask second_task
[2022-09-02T22:48:42.093+0000] {task_command.py:371} INFO - Running <TaskInstance: our_first_dag_v3.second_task scheduled__2022-08-12T00:00:00+00:00 [running]> on host c033faf33c57
[2022-09-02T22:48:42.326+0000] {taskinstance.py:1583} INFO - Exporting the following env vars:
AIRFLOW_CTX_DAG_OWNER=Ancordss
AIRFLOW_CTX_DAG_ID=our_first_dag_v3
AIRFLOW_CTX_TASK_ID=second_task
AIRFLOW_CTX_EXECUTION_DATE=2022-08-12T00:00:00+00:00
AIRFLOW_CTX_TRY_NUMBER=1
AIRFLOW_CTX_DAG_RUN_ID=scheduled__2022-08-12T00:00:00+00:00
[2022-09-02T22:48:42.327+0000] {subprocess.py:62} INFO - Tmp dir root location: 
 /tmp
[2022-09-02T22:48:42.329+0000] {subprocess.py:74} INFO - Running command: ['/bin/bash', '-c', 'echo this is the second task and i will be running after the fisrt task']
[2022-09-02T22:48:42.369+0000] {subprocess.py:85} INFO - Output:
[2022-09-02T22:48:42.373+0000] {subprocess.py:92} INFO - this is the second task and i will be running after the fisrt task
[2022-09-02T22:48:42.375+0000] {subprocess.py:96} INFO - Command exited with return code 0
[2022-09-02T22:48:42.497+0000] {taskinstance.py:1412} INFO - Marking task as SUCCESS. dag_id=our_first_dag_v3, task_id=second_task, execution_date=20220812T000000, start_date=20220902T224841, end_date=20220902T224842
[2022-09-02T22:48:42.569+0000] {local_task_job.py:156} INFO - Task exited with return code 0
[2022-09-02T22:48:42.690+0000] {local_task_job.py:279} INFO - 0 downstream tasks scheduled from follow-on schedule check
