[2022-09-05T18:07:42.917+0000] {taskinstance.py:1171} INFO - Dependencies all met for <TaskInstance: our_dag_with_python_operator_05.get_name scheduled__2022-09-04T00:00:00+00:00 [queued]>
[2022-09-05T18:07:42.930+0000] {taskinstance.py:1171} INFO - Dependencies all met for <TaskInstance: our_dag_with_python_operator_05.get_name scheduled__2022-09-04T00:00:00+00:00 [queued]>
[2022-09-05T18:07:42.930+0000] {taskinstance.py:1368} INFO - 
--------------------------------------------------------------------------------
[2022-09-05T18:07:42.930+0000] {taskinstance.py:1369} INFO - Starting attempt 2 of 6
[2022-09-05T18:07:42.930+0000] {taskinstance.py:1370} INFO - 
--------------------------------------------------------------------------------
[2022-09-05T18:07:42.950+0000] {taskinstance.py:1389} INFO - Executing <Task(PythonOperator): get_name> on 2022-09-04 00:00:00+00:00
[2022-09-05T18:07:42.954+0000] {standard_task_runner.py:52} INFO - Started process 3749 to run task
[2022-09-05T18:07:42.957+0000] {standard_task_runner.py:79} INFO - Running: ['***', 'tasks', 'run', 'our_dag_with_python_operator_05', 'get_name', 'scheduled__2022-09-04T00:00:00+00:00', '--job-id', '326', '--raw', '--subdir', 'DAGS_FOLDER/create_dag_with_python_operator.py', '--cfg-path', '/tmp/tmp6exk5k7y', '--error-file', '/tmp/tmpechou13u']
[2022-09-05T18:07:42.958+0000] {standard_task_runner.py:80} INFO - Job 326: Subtask get_name
[2022-09-05T18:07:43.044+0000] {task_command.py:371} INFO - Running <TaskInstance: our_dag_with_python_operator_05.get_name scheduled__2022-09-04T00:00:00+00:00 [running]> on host c033faf33c57
[2022-09-05T18:07:43.145+0000] {taskinstance.py:1583} INFO - Exporting the following env vars:
AIRFLOW_CTX_DAG_OWNER=ancordss
AIRFLOW_CTX_DAG_ID=our_dag_with_python_operator_05
AIRFLOW_CTX_TASK_ID=get_name
AIRFLOW_CTX_EXECUTION_DATE=2022-09-04T00:00:00+00:00
AIRFLOW_CTX_TRY_NUMBER=2
AIRFLOW_CTX_DAG_RUN_ID=scheduled__2022-09-04T00:00:00+00:00
[2022-09-05T18:07:43.198+0000] {python.py:173} INFO - Done. Returned value was: None
[2022-09-05T18:07:43.217+0000] {taskinstance.py:1412} INFO - Marking task as SUCCESS. dag_id=our_dag_with_python_operator_05, task_id=get_name, execution_date=20220904T000000, start_date=20220905T180742, end_date=20220905T180743
[2022-09-05T18:07:43.255+0000] {local_task_job.py:156} INFO - Task exited with return code 0
[2022-09-05T18:07:43.301+0000] {local_task_job.py:279} INFO - 1 downstream tasks scheduled from follow-on schedule check
