[2022-09-05T18:02:41.425+0000] {taskinstance.py:1171} INFO - Dependencies all met for <TaskInstance: our_dag_with_python_operator_05.get_name scheduled__2022-09-04T00:00:00+00:00 [queued]>
[2022-09-05T18:02:41.448+0000] {taskinstance.py:1171} INFO - Dependencies all met for <TaskInstance: our_dag_with_python_operator_05.get_name scheduled__2022-09-04T00:00:00+00:00 [queued]>
[2022-09-05T18:02:41.449+0000] {taskinstance.py:1368} INFO - 
--------------------------------------------------------------------------------
[2022-09-05T18:02:41.449+0000] {taskinstance.py:1369} INFO - Starting attempt 1 of 6
[2022-09-05T18:02:41.449+0000] {taskinstance.py:1370} INFO - 
--------------------------------------------------------------------------------
[2022-09-05T18:02:41.474+0000] {taskinstance.py:1389} INFO - Executing <Task(PythonOperator): get_name> on 2022-09-04 00:00:00+00:00
[2022-09-05T18:02:41.479+0000] {standard_task_runner.py:52} INFO - Started process 3516 to run task
[2022-09-05T18:02:41.482+0000] {standard_task_runner.py:79} INFO - Running: ['***', 'tasks', 'run', 'our_dag_with_python_operator_05', 'get_name', 'scheduled__2022-09-04T00:00:00+00:00', '--job-id', '320', '--raw', '--subdir', 'DAGS_FOLDER/create_dag_with_python_operator.py', '--cfg-path', '/tmp/tmpfr7akl0i', '--error-file', '/tmp/tmpf4yt_8xk']
[2022-09-05T18:02:41.483+0000] {standard_task_runner.py:80} INFO - Job 320: Subtask get_name
[2022-09-05T18:02:41.577+0000] {task_command.py:371} INFO - Running <TaskInstance: our_dag_with_python_operator_05.get_name scheduled__2022-09-04T00:00:00+00:00 [running]> on host c033faf33c57
[2022-09-05T18:02:41.706+0000] {taskinstance.py:1583} INFO - Exporting the following env vars:
AIRFLOW_CTX_DAG_OWNER=ancordss
AIRFLOW_CTX_DAG_ID=our_dag_with_python_operator_05
AIRFLOW_CTX_TASK_ID=get_name
AIRFLOW_CTX_EXECUTION_DATE=2022-09-04T00:00:00+00:00
AIRFLOW_CTX_TRY_NUMBER=1
AIRFLOW_CTX_DAG_RUN_ID=scheduled__2022-09-04T00:00:00+00:00
[2022-09-05T18:02:41.707+0000] {taskinstance.py:1902} ERROR - Task failed with exception
Traceback (most recent call last):
  File "/home/airflow/.local/lib/python3.7/site-packages/airflow/operators/python.py", line 171, in execute
    return_value = self.execute_callable()
  File "/home/airflow/.local/lib/python3.7/site-packages/airflow/operators/python.py", line 189, in execute_callable
    return self.python_callable(*self.op_args, **self.op_kwargs)
  File "/opt/airflow/dags/create_dag_with_python_operator.py", line 18, in get_name
    ti,xcom_push(key='first_name', value='james')
NameError: name 'xcom_push' is not defined
[2022-09-05T18:02:41.737+0000] {taskinstance.py:1412} INFO - Marking task as UP_FOR_RETRY. dag_id=our_dag_with_python_operator_05, task_id=get_name, execution_date=20220904T000000, start_date=20220905T180241, end_date=20220905T180241
[2022-09-05T18:02:41.757+0000] {standard_task_runner.py:97} ERROR - Failed to execute job 320 for task get_name (name 'xcom_push' is not defined; 3516)
[2022-09-05T18:02:41.781+0000] {local_task_job.py:156} INFO - Task exited with return code 1
[2022-09-05T18:02:41.854+0000] {local_task_job.py:279} INFO - 0 downstream tasks scheduled from follow-on schedule check
