[2022-09-05T18:36:20.724+0000] {taskinstance.py:1171} INFO - Dependencies all met for <TaskInstance: dag_with_tasklow_api_v02.get_age scheduled__2022-09-04T00:00:00+00:00 [queued]>
[2022-09-05T18:36:20.740+0000] {taskinstance.py:1171} INFO - Dependencies all met for <TaskInstance: dag_with_tasklow_api_v02.get_age scheduled__2022-09-04T00:00:00+00:00 [queued]>
[2022-09-05T18:36:20.740+0000] {taskinstance.py:1368} INFO - 
--------------------------------------------------------------------------------
[2022-09-05T18:36:20.741+0000] {taskinstance.py:1369} INFO - Starting attempt 1 of 6
[2022-09-05T18:36:20.741+0000] {taskinstance.py:1370} INFO - 
--------------------------------------------------------------------------------
[2022-09-05T18:36:20.762+0000] {taskinstance.py:1389} INFO - Executing <Task(_PythonDecoratedOperator): get_age> on 2022-09-04 00:00:00+00:00
[2022-09-05T18:36:20.767+0000] {standard_task_runner.py:52} INFO - Started process 5087 to run task
[2022-09-05T18:36:20.771+0000] {standard_task_runner.py:79} INFO - Running: ['***', 'tasks', 'run', 'dag_with_tasklow_api_v02', 'get_age', 'scheduled__2022-09-04T00:00:00+00:00', '--job-id', '347', '--raw', '--subdir', 'DAGS_FOLDER/dag_with_taskflow_api.py', '--cfg-path', '/tmp/tmpfl41onze', '--error-file', '/tmp/tmpngxzz88t']
[2022-09-05T18:36:20.772+0000] {standard_task_runner.py:80} INFO - Job 347: Subtask get_age
[2022-09-05T18:36:20.867+0000] {task_command.py:371} INFO - Running <TaskInstance: dag_with_tasklow_api_v02.get_age scheduled__2022-09-04T00:00:00+00:00 [running]> on host c033faf33c57
[2022-09-05T18:36:21.011+0000] {taskinstance.py:1583} INFO - Exporting the following env vars:
AIRFLOW_CTX_DAG_OWNER=Ancordss
AIRFLOW_CTX_DAG_ID=dag_with_tasklow_api_v02
AIRFLOW_CTX_TASK_ID=get_age
AIRFLOW_CTX_EXECUTION_DATE=2022-09-04T00:00:00+00:00
AIRFLOW_CTX_TRY_NUMBER=1
AIRFLOW_CTX_DAG_RUN_ID=scheduled__2022-09-04T00:00:00+00:00
[2022-09-05T18:36:21.012+0000] {python.py:173} INFO - Done. Returned value was: 20
[2022-09-05T18:36:21.074+0000] {taskinstance.py:1412} INFO - Marking task as SUCCESS. dag_id=dag_with_tasklow_api_v02, task_id=get_age, execution_date=20220904T000000, start_date=20220905T183620, end_date=20220905T183621
[2022-09-05T18:36:21.150+0000] {local_task_job.py:156} INFO - Task exited with return code 0
[2022-09-05T18:36:21.217+0000] {local_task_job.py:279} INFO - 1 downstream tasks scheduled from follow-on schedule check
