[2022-09-02T22:48:43.382+0000] {taskinstance.py:1171} INFO - Dependencies all met for <TaskInstance: our_first_dag_v3.second_task scheduled__2022-08-14T00:00:00+00:00 [queued]>
[2022-09-02T22:48:43.413+0000] {taskinstance.py:1171} INFO - Dependencies all met for <TaskInstance: our_first_dag_v3.second_task scheduled__2022-08-14T00:00:00+00:00 [queued]>
[2022-09-02T22:48:43.415+0000] {taskinstance.py:1368} INFO - 
--------------------------------------------------------------------------------
[2022-09-02T22:48:43.415+0000] {taskinstance.py:1369} INFO - Starting attempt 1 of 6
[2022-09-02T22:48:43.416+0000] {taskinstance.py:1370} INFO - 
--------------------------------------------------------------------------------
[2022-09-02T22:48:43.451+0000] {taskinstance.py:1389} INFO - Executing <Task(BashOperator): second_task> on 2022-08-14 00:00:00+00:00
[2022-09-02T22:48:43.467+0000] {standard_task_runner.py:52} INFO - Started process 1832 to run task
[2022-09-02T22:48:43.474+0000] {standard_task_runner.py:79} INFO - Running: ['***', 'tasks', 'run', 'our_first_dag_v3', 'second_task', 'scheduled__2022-08-14T00:00:00+00:00', '--job-id', '155', '--raw', '--subdir', 'DAGS_FOLDER/out_first_dag.py', '--cfg-path', '/tmp/tmpq2nky0ri', '--error-file', '/tmp/tmpo2cxh2ap']
[2022-09-02T22:48:43.495+0000] {standard_task_runner.py:80} INFO - Job 155: Subtask second_task
[2022-09-02T22:48:43.659+0000] {task_command.py:371} INFO - Running <TaskInstance: our_first_dag_v3.second_task scheduled__2022-08-14T00:00:00+00:00 [running]> on host c033faf33c57
[2022-09-02T22:48:43.819+0000] {taskinstance.py:1583} INFO - Exporting the following env vars:
AIRFLOW_CTX_DAG_OWNER=Ancordss
AIRFLOW_CTX_DAG_ID=our_first_dag_v3
AIRFLOW_CTX_TASK_ID=second_task
AIRFLOW_CTX_EXECUTION_DATE=2022-08-14T00:00:00+00:00
AIRFLOW_CTX_TRY_NUMBER=1
AIRFLOW_CTX_DAG_RUN_ID=scheduled__2022-08-14T00:00:00+00:00
[2022-09-02T22:48:43.820+0000] {subprocess.py:62} INFO - Tmp dir root location: 
 /tmp
[2022-09-02T22:48:43.821+0000] {subprocess.py:74} INFO - Running command: ['/bin/bash', '-c', 'echo this is the second task and i will be running after the fisrt task']
[2022-09-02T22:48:43.843+0000] {subprocess.py:85} INFO - Output:
[2022-09-02T22:48:43.848+0000] {subprocess.py:92} INFO - this is the second task and i will be running after the fisrt task
[2022-09-02T22:48:43.850+0000] {subprocess.py:96} INFO - Command exited with return code 0
[2022-09-02T22:48:43.905+0000] {taskinstance.py:1412} INFO - Marking task as SUCCESS. dag_id=our_first_dag_v3, task_id=second_task, execution_date=20220814T000000, start_date=20220902T224843, end_date=20220902T224843
[2022-09-02T22:48:43.945+0000] {local_task_job.py:156} INFO - Task exited with return code 0
[2022-09-02T22:48:44.007+0000] {local_task_job.py:279} INFO - 0 downstream tasks scheduled from follow-on schedule check
