[2022-09-05T20:00:23.016+0000] {taskinstance.py:1171} INFO - Dependencies all met for <TaskInstance: dag_with_catchuo_backfill_v02.task1 backfill__2022-09-01T00:00:00+00:00 [queued]>
[2022-09-05T20:00:23.062+0000] {taskinstance.py:1171} INFO - Dependencies all met for <TaskInstance: dag_with_catchuo_backfill_v02.task1 backfill__2022-09-01T00:00:00+00:00 [queued]>
[2022-09-05T20:00:23.063+0000] {taskinstance.py:1368} INFO - 
--------------------------------------------------------------------------------
[2022-09-05T20:00:23.063+0000] {taskinstance.py:1369} INFO - Starting attempt 1 of 6
[2022-09-05T20:00:23.063+0000] {taskinstance.py:1370} INFO - 
--------------------------------------------------------------------------------
[2022-09-05T20:00:23.091+0000] {taskinstance.py:1389} INFO - Executing <Task(BashOperator): task1> on 2022-09-01 00:00:00+00:00
[2022-09-05T20:00:23.096+0000] {standard_task_runner.py:52} INFO - Started process 8890 to run task
[2022-09-05T20:00:23.099+0000] {standard_task_runner.py:79} INFO - Running: ['***', 'tasks', 'run', 'dag_with_catchuo_backfill_v02', 'task1', 'backfill__2022-09-01T00:00:00+00:00', '--job-id', '367', '--pool', 'default_pool', '--raw', '--subdir', 'DAGS_FOLDER/dag_with_catchup_and_blackfill.py', '--cfg-path', '/tmp/tmpny7d6cci', '--error-file', '/tmp/tmp6zxd89e7']
[2022-09-05T20:00:23.100+0000] {standard_task_runner.py:80} INFO - Job 367: Subtask task1
[2022-09-05T20:00:23.211+0000] {task_command.py:371} INFO - Running <TaskInstance: dag_with_catchuo_backfill_v02.task1 backfill__2022-09-01T00:00:00+00:00 [running]> on host c033faf33c57
[2022-09-05T20:00:23.357+0000] {taskinstance.py:1583} INFO - Exporting the following env vars:
AIRFLOW_CTX_DAG_OWNER=Ancordss
AIRFLOW_CTX_DAG_ID=dag_with_catchuo_backfill_v02
AIRFLOW_CTX_TASK_ID=task1
AIRFLOW_CTX_EXECUTION_DATE=2022-09-01T00:00:00+00:00
AIRFLOW_CTX_TRY_NUMBER=1
AIRFLOW_CTX_DAG_RUN_ID=backfill__2022-09-01T00:00:00+00:00
[2022-09-05T20:00:23.358+0000] {subprocess.py:62} INFO - Tmp dir root location: 
 /tmp
[2022-09-05T20:00:23.358+0000] {subprocess.py:74} INFO - Running command: ['/bin/bash', '-c', 'echo this is a simple bash command!']
[2022-09-05T20:00:23.372+0000] {subprocess.py:85} INFO - Output:
[2022-09-05T20:00:23.375+0000] {subprocess.py:92} INFO - this is a simple bash command!
[2022-09-05T20:00:23.376+0000] {subprocess.py:96} INFO - Command exited with return code 0
[2022-09-05T20:00:23.418+0000] {taskinstance.py:1412} INFO - Marking task as SUCCESS. dag_id=dag_with_catchuo_backfill_v02, task_id=task1, execution_date=20220901T000000, start_date=20220905T200023, end_date=20220905T200023
[2022-09-05T20:00:23.455+0000] {local_task_job.py:156} INFO - Task exited with return code 0
[2022-09-05T20:00:23.499+0000] {local_task_job.py:279} INFO - 0 downstream tasks scheduled from follow-on schedule check
