[2022-09-05T17:56:42.614+0000] {taskinstance.py:1171} INFO - Dependencies all met for <TaskInstance: our_dag_with_python_operator_04.get_name scheduled__2022-09-04T00:00:00+00:00 [queued]>
[2022-09-05T17:56:42.634+0000] {taskinstance.py:1171} INFO - Dependencies all met for <TaskInstance: our_dag_with_python_operator_04.get_name scheduled__2022-09-04T00:00:00+00:00 [queued]>
[2022-09-05T17:56:42.634+0000] {taskinstance.py:1368} INFO - 
--------------------------------------------------------------------------------
[2022-09-05T17:56:42.634+0000] {taskinstance.py:1369} INFO - Starting attempt 1 of 6
[2022-09-05T17:56:42.634+0000] {taskinstance.py:1370} INFO - 
--------------------------------------------------------------------------------
[2022-09-05T17:56:42.657+0000] {taskinstance.py:1389} INFO - Executing <Task(PythonOperator): get_name> on 2022-09-04 00:00:00+00:00
[2022-09-05T17:56:42.664+0000] {standard_task_runner.py:52} INFO - Started process 3245 to run task
[2022-09-05T17:56:42.667+0000] {standard_task_runner.py:79} INFO - Running: ['***', 'tasks', 'run', 'our_dag_with_python_operator_04', 'get_name', 'scheduled__2022-09-04T00:00:00+00:00', '--job-id', '315', '--raw', '--subdir', 'DAGS_FOLDER/create_dag_with_python_operator.py', '--cfg-path', '/tmp/tmpgv19lwux', '--error-file', '/tmp/tmpmnd65nyh']
[2022-09-05T17:56:42.668+0000] {standard_task_runner.py:80} INFO - Job 315: Subtask get_name
[2022-09-05T17:56:42.756+0000] {task_command.py:371} INFO - Running <TaskInstance: our_dag_with_python_operator_04.get_name scheduled__2022-09-04T00:00:00+00:00 [running]> on host c033faf33c57
[2022-09-05T17:56:42.869+0000] {taskinstance.py:1583} INFO - Exporting the following env vars:
AIRFLOW_CTX_DAG_OWNER=ancordss
AIRFLOW_CTX_DAG_ID=our_dag_with_python_operator_04
AIRFLOW_CTX_TASK_ID=get_name
AIRFLOW_CTX_EXECUTION_DATE=2022-09-04T00:00:00+00:00
AIRFLOW_CTX_TRY_NUMBER=1
AIRFLOW_CTX_DAG_RUN_ID=scheduled__2022-09-04T00:00:00+00:00
[2022-09-05T17:56:42.870+0000] {python.py:173} INFO - Done. Returned value was: juan
[2022-09-05T17:56:42.949+0000] {taskinstance.py:1412} INFO - Marking task as SUCCESS. dag_id=our_dag_with_python_operator_04, task_id=get_name, execution_date=20220904T000000, start_date=20220905T175642, end_date=20220905T175642
[2022-09-05T17:56:43.005+0000] {local_task_job.py:156} INFO - Task exited with return code 0
[2022-09-05T17:56:43.063+0000] {local_task_job.py:279} INFO - 1 downstream tasks scheduled from follow-on schedule check
