[2022-09-02T22:48:42.520+0000] {taskinstance.py:1171} INFO - Dependencies all met for <TaskInstance: our_first_dag_v3.firs_task scheduled__2022-08-16T00:00:00+00:00 [queued]>
[2022-09-02T22:48:42.559+0000] {taskinstance.py:1171} INFO - Dependencies all met for <TaskInstance: our_first_dag_v3.firs_task scheduled__2022-08-16T00:00:00+00:00 [queued]>
[2022-09-02T22:48:42.559+0000] {taskinstance.py:1368} INFO - 
--------------------------------------------------------------------------------
[2022-09-02T22:48:42.560+0000] {taskinstance.py:1369} INFO - Starting attempt 1 of 6
[2022-09-02T22:48:42.560+0000] {taskinstance.py:1370} INFO - 
--------------------------------------------------------------------------------
[2022-09-02T22:48:42.597+0000] {taskinstance.py:1389} INFO - Executing <Task(BashOperator): firs_task> on 2022-08-16 00:00:00+00:00
[2022-09-02T22:48:42.608+0000] {standard_task_runner.py:52} INFO - Started process 1821 to run task
[2022-09-02T22:48:42.621+0000] {standard_task_runner.py:79} INFO - Running: ['***', 'tasks', 'run', 'our_first_dag_v3', 'firs_task', 'scheduled__2022-08-16T00:00:00+00:00', '--job-id', '151', '--raw', '--subdir', 'DAGS_FOLDER/out_first_dag.py', '--cfg-path', '/tmp/tmpss3mcifh', '--error-file', '/tmp/tmpzxu66gl1']
[2022-09-02T22:48:42.623+0000] {standard_task_runner.py:80} INFO - Job 151: Subtask firs_task
[2022-09-02T22:48:42.841+0000] {task_command.py:371} INFO - Running <TaskInstance: our_first_dag_v3.firs_task scheduled__2022-08-16T00:00:00+00:00 [running]> on host c033faf33c57
[2022-09-02T22:48:43.051+0000] {taskinstance.py:1583} INFO - Exporting the following env vars:
AIRFLOW_CTX_DAG_OWNER=Ancordss
AIRFLOW_CTX_DAG_ID=our_first_dag_v3
AIRFLOW_CTX_TASK_ID=firs_task
AIRFLOW_CTX_EXECUTION_DATE=2022-08-16T00:00:00+00:00
AIRFLOW_CTX_TRY_NUMBER=1
AIRFLOW_CTX_DAG_RUN_ID=scheduled__2022-08-16T00:00:00+00:00
[2022-09-02T22:48:43.055+0000] {subprocess.py:62} INFO - Tmp dir root location: 
 /tmp
[2022-09-02T22:48:43.055+0000] {subprocess.py:74} INFO - Running command: ['/bin/bash', '-c', 'echo hello world, this is the first task']
[2022-09-02T22:48:43.091+0000] {subprocess.py:85} INFO - Output:
[2022-09-02T22:48:43.099+0000] {subprocess.py:92} INFO - hello world, this is the first task
[2022-09-02T22:48:43.100+0000] {subprocess.py:96} INFO - Command exited with return code 0
[2022-09-02T22:48:43.179+0000] {taskinstance.py:1412} INFO - Marking task as SUCCESS. dag_id=our_first_dag_v3, task_id=firs_task, execution_date=20220816T000000, start_date=20220902T224842, end_date=20220902T224843
[2022-09-02T22:48:43.254+0000] {local_task_job.py:156} INFO - Task exited with return code 0
[2022-09-02T22:48:43.319+0000] {local_task_job.py:279} INFO - 0 downstream tasks scheduled from follow-on schedule check
