[2022-09-05T18:09:50.543+0000] {taskinstance.py:1171} INFO - Dependencies all met for <TaskInstance: our_dag_with_python_operator_06.get_age scheduled__2022-09-04T00:00:00+00:00 [queued]>
[2022-09-05T18:09:50.560+0000] {taskinstance.py:1171} INFO - Dependencies all met for <TaskInstance: our_dag_with_python_operator_06.get_age scheduled__2022-09-04T00:00:00+00:00 [queued]>
[2022-09-05T18:09:50.560+0000] {taskinstance.py:1368} INFO - 
--------------------------------------------------------------------------------
[2022-09-05T18:09:50.560+0000] {taskinstance.py:1369} INFO - Starting attempt 1 of 6
[2022-09-05T18:09:50.560+0000] {taskinstance.py:1370} INFO - 
--------------------------------------------------------------------------------
[2022-09-05T18:09:50.581+0000] {taskinstance.py:1389} INFO - Executing <Task(PythonOperator): get_age> on 2022-09-04 00:00:00+00:00
[2022-09-05T18:09:50.588+0000] {standard_task_runner.py:52} INFO - Started process 3859 to run task
[2022-09-05T18:09:50.591+0000] {standard_task_runner.py:79} INFO - Running: ['***', 'tasks', 'run', 'our_dag_with_python_operator_06', 'get_age', 'scheduled__2022-09-04T00:00:00+00:00', '--job-id', '331', '--raw', '--subdir', 'DAGS_FOLDER/create_dag_with_python_operator.py', '--cfg-path', '/tmp/tmpjvb30i07', '--error-file', '/tmp/tmpza7u4m4l']
[2022-09-05T18:09:50.592+0000] {standard_task_runner.py:80} INFO - Job 331: Subtask get_age
[2022-09-05T18:09:50.689+0000] {task_command.py:371} INFO - Running <TaskInstance: our_dag_with_python_operator_06.get_age scheduled__2022-09-04T00:00:00+00:00 [running]> on host c033faf33c57
[2022-09-05T18:09:50.805+0000] {taskinstance.py:1583} INFO - Exporting the following env vars:
AIRFLOW_CTX_DAG_OWNER=ancordss
AIRFLOW_CTX_DAG_ID=our_dag_with_python_operator_06
AIRFLOW_CTX_TASK_ID=get_age
AIRFLOW_CTX_EXECUTION_DATE=2022-09-04T00:00:00+00:00
AIRFLOW_CTX_TRY_NUMBER=1
AIRFLOW_CTX_DAG_RUN_ID=scheduled__2022-09-04T00:00:00+00:00
[2022-09-05T18:09:50.825+0000] {python.py:173} INFO - Done. Returned value was: None
[2022-09-05T18:09:50.846+0000] {taskinstance.py:1412} INFO - Marking task as SUCCESS. dag_id=our_dag_with_python_operator_06, task_id=get_age, execution_date=20220904T000000, start_date=20220905T180950, end_date=20220905T180950
[2022-09-05T18:09:50.889+0000] {local_task_job.py:156} INFO - Task exited with return code 0
[2022-09-05T18:09:50.947+0000] {local_task_job.py:279} INFO - 0 downstream tasks scheduled from follow-on schedule check
