[2022-09-05T18:11:08.047+0000] {taskinstance.py:1171} INFO - Dependencies all met for <TaskInstance: our_dag_with_python_operator_06.greet manual__2022-09-05T18:11:06.077996+00:00 [queued]>
[2022-09-05T18:11:08.064+0000] {taskinstance.py:1171} INFO - Dependencies all met for <TaskInstance: our_dag_with_python_operator_06.greet manual__2022-09-05T18:11:06.077996+00:00 [queued]>
[2022-09-05T18:11:08.064+0000] {taskinstance.py:1368} INFO - 
--------------------------------------------------------------------------------
[2022-09-05T18:11:08.064+0000] {taskinstance.py:1369} INFO - Starting attempt 1 of 6
[2022-09-05T18:11:08.064+0000] {taskinstance.py:1370} INFO - 
--------------------------------------------------------------------------------
[2022-09-05T18:11:08.084+0000] {taskinstance.py:1389} INFO - Executing <Task(PythonOperator): greet> on 2022-09-05 18:11:06.077996+00:00
[2022-09-05T18:11:08.089+0000] {standard_task_runner.py:52} INFO - Started process 3923 to run task
[2022-09-05T18:11:08.092+0000] {standard_task_runner.py:79} INFO - Running: ['***', 'tasks', 'run', 'our_dag_with_python_operator_06', 'greet', 'manual__2022-09-05T18:11:06.077996+00:00', '--job-id', '336', '--raw', '--subdir', 'DAGS_FOLDER/create_dag_with_python_operator.py', '--cfg-path', '/tmp/tmp_jn8ljjo', '--error-file', '/tmp/tmp94pyui_1']
[2022-09-05T18:11:08.093+0000] {standard_task_runner.py:80} INFO - Job 336: Subtask greet
[2022-09-05T18:11:08.175+0000] {task_command.py:371} INFO - Running <TaskInstance: our_dag_with_python_operator_06.greet manual__2022-09-05T18:11:06.077996+00:00 [running]> on host c033faf33c57
[2022-09-05T18:11:08.272+0000] {taskinstance.py:1583} INFO - Exporting the following env vars:
AIRFLOW_CTX_DAG_OWNER=ancordss
AIRFLOW_CTX_DAG_ID=our_dag_with_python_operator_06
AIRFLOW_CTX_TASK_ID=greet
AIRFLOW_CTX_EXECUTION_DATE=2022-09-05T18:11:06.077996+00:00
AIRFLOW_CTX_TRY_NUMBER=1
AIRFLOW_CTX_DAG_RUN_ID=manual__2022-09-05T18:11:06.077996+00:00
[2022-09-05T18:11:08.273+0000] {taskinstance.py:1902} ERROR - Task failed with exception
Traceback (most recent call last):
  File "/home/airflow/.local/lib/python3.7/site-packages/airflow/operators/python.py", line 171, in execute
    return_value = self.execute_callable()
  File "/home/airflow/.local/lib/python3.7/site-packages/airflow/operators/python.py", line 189, in execute_callable
    return self.python_callable(*self.op_args, **self.op_kwargs)
TypeError: greet() missing 1 required positional argument: 'age'
[2022-09-05T18:11:08.285+0000] {taskinstance.py:1412} INFO - Marking task as UP_FOR_RETRY. dag_id=our_dag_with_python_operator_06, task_id=greet, execution_date=20220905T181106, start_date=20220905T181108, end_date=20220905T181108
[2022-09-05T18:11:08.300+0000] {standard_task_runner.py:97} ERROR - Failed to execute job 336 for task greet (greet() missing 1 required positional argument: 'age'; 3923)
[2022-09-05T18:11:08.348+0000] {local_task_job.py:156} INFO - Task exited with return code 1
[2022-09-05T18:11:08.388+0000] {local_task_job.py:279} INFO - 0 downstream tasks scheduled from follow-on schedule check
