[2022-09-05T18:21:11.159+0000] {taskinstance.py:1171} INFO - Dependencies all met for <TaskInstance: our_dag_with_python_operator_06.greet manual__2022-09-05T18:11:06.077996+00:00 [queued]>
[2022-09-05T18:21:11.173+0000] {taskinstance.py:1171} INFO - Dependencies all met for <TaskInstance: our_dag_with_python_operator_06.greet manual__2022-09-05T18:11:06.077996+00:00 [queued]>
[2022-09-05T18:21:11.174+0000] {taskinstance.py:1368} INFO - 
--------------------------------------------------------------------------------
[2022-09-05T18:21:11.174+0000] {taskinstance.py:1369} INFO - Starting attempt 3 of 6
[2022-09-05T18:21:11.174+0000] {taskinstance.py:1370} INFO - 
--------------------------------------------------------------------------------
[2022-09-05T18:21:11.192+0000] {taskinstance.py:1389} INFO - Executing <Task(PythonOperator): greet> on 2022-09-05 18:11:06.077996+00:00
[2022-09-05T18:21:11.196+0000] {standard_task_runner.py:52} INFO - Started process 4394 to run task
[2022-09-05T18:21:11.200+0000] {standard_task_runner.py:79} INFO - Running: ['***', 'tasks', 'run', 'our_dag_with_python_operator_06', 'greet', 'manual__2022-09-05T18:11:06.077996+00:00', '--job-id', '343', '--raw', '--subdir', 'DAGS_FOLDER/create_dag_with_python_operator.py', '--cfg-path', '/tmp/tmpy268lttc', '--error-file', '/tmp/tmpd9ot13r1']
[2022-09-05T18:21:11.200+0000] {standard_task_runner.py:80} INFO - Job 343: Subtask greet
[2022-09-05T18:21:11.281+0000] {task_command.py:371} INFO - Running <TaskInstance: our_dag_with_python_operator_06.greet manual__2022-09-05T18:11:06.077996+00:00 [running]> on host c033faf33c57
[2022-09-05T18:21:11.379+0000] {taskinstance.py:1583} INFO - Exporting the following env vars:
AIRFLOW_CTX_DAG_OWNER=ancordss
AIRFLOW_CTX_DAG_ID=our_dag_with_python_operator_06
AIRFLOW_CTX_TASK_ID=greet
AIRFLOW_CTX_EXECUTION_DATE=2022-09-05T18:11:06.077996+00:00
AIRFLOW_CTX_TRY_NUMBER=3
AIRFLOW_CTX_DAG_RUN_ID=manual__2022-09-05T18:11:06.077996+00:00
[2022-09-05T18:21:11.413+0000] {logging_mixin.py:115} INFO - hello world! my name is james Maradiaga, and i am 20 years old!
[2022-09-05T18:21:11.413+0000] {python.py:173} INFO - Done. Returned value was: None
[2022-09-05T18:21:11.430+0000] {taskinstance.py:1412} INFO - Marking task as SUCCESS. dag_id=our_dag_with_python_operator_06, task_id=greet, execution_date=20220905T181106, start_date=20220905T182111, end_date=20220905T182111
[2022-09-05T18:21:11.456+0000] {local_task_job.py:156} INFO - Task exited with return code 0
[2022-09-05T18:21:11.495+0000] {local_task_job.py:279} INFO - 0 downstream tasks scheduled from follow-on schedule check
