[2022-09-02T22:44:36.271+0000] {taskinstance.py:1171} INFO - Dependencies all met for <TaskInstance: our_first_dag_v2.second_task scheduled__2022-08-06T00:00:00+00:00 [queued]>
[2022-09-02T22:44:36.293+0000] {taskinstance.py:1171} INFO - Dependencies all met for <TaskInstance: our_first_dag_v2.second_task scheduled__2022-08-06T00:00:00+00:00 [queued]>
[2022-09-02T22:44:36.293+0000] {taskinstance.py:1368} INFO - 
--------------------------------------------------------------------------------
[2022-09-02T22:44:36.293+0000] {taskinstance.py:1369} INFO - Starting attempt 1 of 6
[2022-09-02T22:44:36.293+0000] {taskinstance.py:1370} INFO - 
--------------------------------------------------------------------------------
[2022-09-02T22:44:36.326+0000] {taskinstance.py:1389} INFO - Executing <Task(BashOperator): second_task> on 2022-08-06 00:00:00+00:00
[2022-09-02T22:44:36.337+0000] {standard_task_runner.py:52} INFO - Started process 1354 to run task
[2022-09-02T22:44:36.344+0000] {standard_task_runner.py:79} INFO - Running: ['***', 'tasks', 'run', 'our_first_dag_v2', 'second_task', 'scheduled__2022-08-06T00:00:00+00:00', '--job-id', '55', '--raw', '--subdir', 'DAGS_FOLDER/out_first_dag.py', '--cfg-path', '/tmp/tmpysfqmqhy', '--error-file', '/tmp/tmptgh2z5cm']
[2022-09-02T22:44:36.345+0000] {standard_task_runner.py:80} INFO - Job 55: Subtask second_task
[2022-09-02T22:44:36.466+0000] {task_command.py:371} INFO - Running <TaskInstance: our_first_dag_v2.second_task scheduled__2022-08-06T00:00:00+00:00 [running]> on host c033faf33c57
[2022-09-02T22:44:36.608+0000] {taskinstance.py:1583} INFO - Exporting the following env vars:
AIRFLOW_CTX_DAG_OWNER=Ancordss
AIRFLOW_CTX_DAG_ID=our_first_dag_v2
AIRFLOW_CTX_TASK_ID=second_task
AIRFLOW_CTX_EXECUTION_DATE=2022-08-06T00:00:00+00:00
AIRFLOW_CTX_TRY_NUMBER=1
AIRFLOW_CTX_DAG_RUN_ID=scheduled__2022-08-06T00:00:00+00:00
[2022-09-02T22:44:36.610+0000] {subprocess.py:62} INFO - Tmp dir root location: 
 /tmp
[2022-09-02T22:44:36.610+0000] {subprocess.py:74} INFO - Running command: ['/bin/bash', '-c', 'echo this is the second task and i will be running after the fisrt task']
[2022-09-02T22:44:36.631+0000] {subprocess.py:85} INFO - Output:
[2022-09-02T22:44:36.635+0000] {subprocess.py:92} INFO - this is the second task and i will be running after the fisrt task
[2022-09-02T22:44:36.636+0000] {subprocess.py:96} INFO - Command exited with return code 0
[2022-09-02T22:44:36.685+0000] {taskinstance.py:1412} INFO - Marking task as SUCCESS. dag_id=our_first_dag_v2, task_id=second_task, execution_date=20220806T000000, start_date=20220902T224436, end_date=20220902T224436
[2022-09-02T22:44:36.720+0000] {local_task_job.py:156} INFO - Task exited with return code 0
[2022-09-02T22:44:36.775+0000] {local_task_job.py:279} INFO - 0 downstream tasks scheduled from follow-on schedule check
